<?xml version="1.0" encoding="UTF-8"?>
<coverage generated="1667414318">
  <project timestamp="1667414318">
    <package name="PHPMD">
      <file name="/var/www/html/src/main/php/PHPMD/AbstractNode.php">
        <class name="AbstractNode" namespace="PHPMD">
          <metrics complexity="32" methods="18" coveredmethods="13" conditionals="0" coveredconditionals="0" statements="51" coveredstatements="45" elements="69" coveredelements="58"/>
        </class>
        <line num="48" type="method" name="__construct" visibility="public" complexity="1" crap="1" count="104"/>
        <line num="50" type="stmt" count="104"/>
        <line num="51" type="stmt" count="104"/>
        <line num="63" type="method" name="__call" visibility="public" complexity="2" crap="2.26" count="50"/>
        <line num="65" type="stmt" count="50"/>
        <line num="66" type="stmt" count="50"/>
        <line num="67" type="stmt" count="0"/>
        <line num="68" type="stmt" count="0"/>
        <line num="72" type="stmt" count="50"/>
        <line num="81" type="method" name="getParent" visibility="public" complexity="2" crap="2.06" count="29"/>
        <line num="83" type="stmt" count="29"/>
        <line num="84" type="stmt" count="29"/>
        <line num="85" type="stmt" count="0"/>
        <line num="88" type="stmt" count="29"/>
        <line num="97" type="method" name="getChild" visibility="public" complexity="1" crap="1" count="24"/>
        <line num="99" type="stmt" count="24"/>
        <line num="100" type="stmt" count="24"/>
        <line num="101" type="stmt" count="24"/>
        <line num="112" type="method" name="getFirstChildOfType" visibility="public" complexity="2" crap="2.06" count="41"/>
        <line num="114" type="stmt" count="41"/>
        <line num="116" type="stmt" count="41"/>
        <line num="117" type="stmt" count="0"/>
        <line num="120" type="stmt" count="41"/>
        <line num="130" type="method" name="findChildrenOfType" visibility="public" complexity="2" crap="2" count="83"/>
        <line num="132" type="stmt" count="83"/>
        <line num="134" type="stmt" count="83"/>
        <line num="136" type="stmt" count="83"/>
        <line num="137" type="stmt" count="77"/>
        <line num="140" type="stmt" count="83"/>
        <line num="150" type="method" name="findChildrenWithParentType" visibility="public" complexity="3" crap="3" count="21"/>
        <line num="152" type="stmt" count="21"/>
        <line num="154" type="stmt" count="21"/>
        <line num="156" type="stmt" count="21"/>
        <line num="157" type="stmt" count="8"/>
        <line num="158" type="stmt" count="8"/>
        <line num="162" type="stmt" count="21"/>
        <line num="171" type="method" name="findChildrenOfTypeVariable" visibility="public" complexity="1" crap="1" count="23"/>
        <line num="173" type="stmt" count="23"/>
        <line num="182" type="method" name="isInstanceOf" visibility="public" complexity="1" crap="1" count="2"/>
        <line num="184" type="stmt" count="2"/>
        <line num="186" type="stmt" count="2"/>
        <line num="194" type="method" name="getImage" visibility="public" complexity="1" crap="1" count="6"/>
        <line num="196" type="stmt" count="6"/>
        <line num="205" type="method" name="getName" visibility="public" complexity="1" crap="1" count="36"/>
        <line num="207" type="stmt" count="36"/>
        <line num="215" type="method" name="getBeginLine" visibility="public" complexity="1" crap="1" count="19"/>
        <line num="217" type="stmt" count="19"/>
        <line num="225" type="method" name="getEndLine" visibility="public" complexity="1" crap="2" count="0"/>
        <line num="227" type="stmt" count="0"/>
        <line num="235" type="method" name="getFileName" visibility="public" complexity="3" crap="3" count="80"/>
        <line num="237" type="stmt" count="80"/>
        <line num="238" type="stmt" count="80"/>
        <line num="239" type="stmt" count="80"/>
        <line num="241" type="stmt" count="80"/>
        <line num="242" type="stmt" count="80"/>
        <line num="243" type="stmt" count="80"/>
        <line num="251" type="method" name="getNode" visibility="public" complexity="1" crap="1" count="78"/>
        <line num="253" type="stmt" count="78"/>
        <line num="261" type="method" name="getType" visibility="public" complexity="1" crap="1" count="3"/>
        <line num="263" type="stmt" count="3"/>
        <line num="265" type="stmt" count="3"/>
        <line num="275" type="method" name="getMetric" visibility="public" complexity="2" crap="2.15" count="3"/>
        <line num="277" type="stmt" count="3"/>
        <line num="278" type="stmt" count="3"/>
        <line num="281" type="stmt" count="0"/>
        <line num="290" type="method" name="setMetrics" visibility="public" complexity="2" crap="2" count="6"/>
        <line num="292" type="stmt" count="6"/>
        <line num="293" type="stmt" count="6"/>
        <line num="295" type="stmt" count="6"/>
        <metrics loc="328" ncloc="166" classes="1" methods="18" coveredmethods="13" conditionals="0" coveredconditionals="0" statements="51" coveredstatements="45" elements="69" coveredelements="58"/>
      </file>
      <file name="/var/www/html/src/main/php/PHPMD/AbstractRenderer.php">
        <class name="AbstractRenderer" namespace="PHPMD">
          <metrics complexity="5" methods="4" coveredmethods="4" conditionals="0" coveredconditionals="0" statements="5" coveredstatements="5" elements="9" coveredelements="9"/>
        </class>
        <line num="37" type="method" name="getWriter" visibility="public" complexity="1" crap="1" count="4"/>
        <line num="39" type="stmt" count="4"/>
        <line num="48" type="method" name="setWriter" visibility="public" complexity="1" crap="1" count="4"/>
        <line num="50" type="stmt" count="4"/>
        <line num="51" type="stmt" count="4"/>
        <line num="59" type="method" name="start" visibility="public" complexity="1" crap="1" count="4"/>
        <line num="62" type="stmt" count="4"/>
        <line num="79" type="method" name="end" visibility="public" complexity="1" crap="1" count="4"/>
        <line num="82" type="stmt" count="4"/>
        <metrics loc="83" ncloc="26" classes="1" methods="4" coveredmethods="4" conditionals="0" coveredconditionals="0" statements="5" coveredstatements="5" elements="9" coveredelements="9"/>
      </file>
      <file name="/var/www/html/src/main/php/PHPMD/AbstractRule.php">
        <class name="AbstractRule" namespace="PHPMD">
          <metrics complexity="30" methods="25" coveredmethods="18" conditionals="0" coveredconditionals="0" statements="47" coveredstatements="40" elements="72" coveredelements="58"/>
        </class>
        <line num="108" type="method" name="getName" visibility="public" complexity="1" crap="1" count="7"/>
        <line num="110" type="stmt" count="7"/>
        <line num="119" type="method" name="setName" visibility="public" complexity="1" crap="1" count="6"/>
        <line num="121" type="stmt" count="6"/>
        <line num="122" type="stmt" count="6"/>
        <line num="129" type="method" name="getSince" visibility="public" complexity="1" crap="2" count="0"/>
        <line num="131" type="stmt" count="0"/>
        <line num="140" type="method" name="setSince" visibility="public" complexity="1" crap="1" count="6"/>
        <line num="142" type="stmt" count="6"/>
        <line num="143" type="stmt" count="6"/>
        <line num="150" type="method" name="getMessage" visibility="public" complexity="1" crap="2" count="0"/>
        <line num="152" type="stmt" count="0"/>
        <line num="161" type="method" name="setMessage" visibility="public" complexity="1" crap="1" count="6"/>
        <line num="163" type="stmt" count="6"/>
        <line num="164" type="stmt" count="6"/>
        <line num="171" type="method" name="getExternalInfoUrl" visibility="public" complexity="1" crap="2" count="0"/>
        <line num="173" type="stmt" count="0"/>
        <line num="182" type="method" name="setExternalInfoUrl" visibility="public" complexity="1" crap="1" count="6"/>
        <line num="184" type="stmt" count="6"/>
        <line num="185" type="stmt" count="6"/>
        <line num="192" type="method" name="getDescription" visibility="public" complexity="1" crap="2" count="0"/>
        <line num="194" type="stmt" count="0"/>
        <line num="203" type="method" name="setDescription" visibility="public" complexity="1" crap="1" count="6"/>
        <line num="205" type="stmt" count="6"/>
        <line num="206" type="stmt" count="6"/>
        <line num="213" type="method" name="getExamples" visibility="public" complexity="1" crap="2" count="0"/>
        <line num="215" type="stmt" count="0"/>
        <line num="224" type="method" name="addExample" visibility="public" complexity="1" crap="1" count="6"/>
        <line num="226" type="stmt" count="6"/>
        <line num="227" type="stmt" count="6"/>
        <line num="234" type="method" name="getPriority" visibility="public" complexity="1" crap="1" count="6"/>
        <line num="236" type="stmt" count="6"/>
        <line num="245" type="method" name="setPriority" visibility="public" complexity="1" crap="1" count="6"/>
        <line num="247" type="stmt" count="6"/>
        <line num="248" type="stmt" count="6"/>
        <line num="255" type="method" name="getRuleSetName" visibility="public" complexity="1" crap="2" count="0"/>
        <line num="257" type="stmt" count="0"/>
        <line num="266" type="method" name="setRuleSetName" visibility="public" complexity="1" crap="1" count="6"/>
        <line num="268" type="stmt" count="6"/>
        <line num="269" type="stmt" count="6"/>
        <line num="276" type="method" name="getReport" visibility="public" complexity="1" crap="2" count="0"/>
        <line num="278" type="stmt" count="0"/>
        <line num="287" type="method" name="setReport" visibility="public" complexity="1" crap="1" count="104"/>
        <line num="289" type="stmt" count="104"/>
        <line num="290" type="stmt" count="104"/>
        <line num="299" type="method" name="addProperty" visibility="public" complexity="1" crap="1" count="38"/>
        <line num="301" type="stmt" count="38"/>
        <line num="302" type="stmt" count="38"/>
        <line num="316" type="method" name="getProperty" visibility="protected" complexity="3" crap="3" count="55"/>
        <line num="318" type="stmt" count="55"/>
        <line num="319" type="stmt" count="42"/>
        <line num="322" type="stmt" count="24"/>
        <line num="323" type="stmt" count="20"/>
        <line num="326" type="stmt" count="9"/>
        <line num="341" type="method" name="getBooleanProperty" visibility="public" complexity="1" crap="1" count="19"/>
        <line num="343" type="stmt" count="19"/>
        <line num="358" type="method" name="getIntProperty" visibility="public" complexity="1" crap="1" count="21"/>
        <line num="360" type="stmt" count="21"/>
        <line num="375" type="method" name="getStringProperty" visibility="public" complexity="1" crap="1" count="34"/>
        <line num="377" type="stmt" count="34"/>
        <line num="389" type="method" name="addViolation" visibility="protected" complexity="1" crap="1" count="52"/>
        <line num="395" type="stmt" count="52"/>
        <line num="396" type="stmt" count="52"/>
        <line num="399" type="stmt" count="52"/>
        <line num="400" type="stmt" count="52"/>
        <line num="401" type="stmt" count="52"/>
        <line num="408" type="method" name="applyOnClassMethods" visibility="protected" complexity="3" crap="3" count="3"/>
        <line num="410" type="stmt" count="3"/>
        <line num="411" type="stmt" count="3"/>
        <line num="412" type="stmt" count="2"/>
        <line num="415" type="stmt" count="1"/>
        <line num="417" type="stmt" count="3"/>
        <metrics loc="427" ncloc="182" classes="1" methods="25" coveredmethods="18" conditionals="0" coveredconditionals="0" statements="47" coveredstatements="40" elements="72" coveredelements="58"/>
      </file>
      <file name="/var/www/html/src/main/php/PHPMD/AbstractWriter.php">
        <class name="AbstractWriter" namespace="PHPMD">
          <metrics complexity="1" methods="0" coveredmethods="0" conditionals="0" coveredconditionals="0" statements="0" coveredstatements="0" elements="0" coveredelements="0"/>
        </class>
        <metrics loc="32" ncloc="8" classes="0" methods="0" coveredmethods="0" conditionals="0" coveredconditionals="0" statements="0" coveredstatements="0" elements="0" coveredelements="0"/>
      </file>
      <file name="/var/www/html/src/main/php/PHPMD/PHPMD.php">
        <class name="PHPMD" namespace="PHPMD">
          <metrics complexity="16" methods="12" coveredmethods="9" conditionals="0" coveredconditionals="0" statements="34" coveredstatements="29" elements="46" coveredelements="38"/>
        </class>
        <line num="84" type="method" name="hasErrors" visibility="public" complexity="1" crap="1" count="9"/>
        <line num="86" type="stmt" count="9"/>
        <line num="96" type="method" name="hasViolations" visibility="public" complexity="1" crap="1" count="10"/>
        <line num="98" type="stmt" count="10"/>
        <line num="106" type="method" name="getInput" visibility="public" complexity="1" crap="1" count="14"/>
        <line num="108" type="stmt" count="14"/>
        <line num="117" type="method" name="getFileExtensions" visibility="public" complexity="1" crap="1" count="14"/>
        <line num="119" type="stmt" count="14"/>
        <line num="128" type="method" name="setFileExtensions" visibility="public" complexity="1" crap="2" count="0"/>
        <line num="130" type="stmt" count="0"/>
        <line num="131" type="stmt" count="0"/>
        <line num="140" type="method" name="getIgnorePattern" visibility="public" complexity="1" crap="2" count="0"/>
        <line num="142" type="stmt" count="0"/>
        <line num="151" type="method" name="getIgnorePatterns" visibility="public" complexity="1" crap="1" count="14"/>
        <line num="153" type="stmt" count="14"/>
        <line num="164" type="method" name="setIgnorePattern" visibility="public" complexity="1" crap="2" count="0"/>
        <line num="166" type="stmt" count="0"/>
        <line num="167" type="stmt" count="0"/>
        <line num="177" type="method" name="addIgnorePatterns" visibility="public" complexity="1" crap="1" count="14"/>
        <line num="179" type="stmt" count="14"/>
        <line num="180" type="stmt" count="14"/>
        <line num="184" type="stmt" count="14"/>
        <line num="192" type="method" name="getOptions" visibility="public" complexity="1" crap="1" count="14"/>
        <line num="194" type="stmt" count="14"/>
        <line num="203" type="method" name="setOptions" visibility="public" complexity="1" crap="1" count="4"/>
        <line num="205" type="stmt" count="4"/>
        <line num="206" type="stmt" count="4"/>
        <line num="220" type="method" name="processFiles" visibility="public" complexity="5" crap="5" count="14"/>
        <line num="228" type="stmt" count="14"/>
        <line num="230" type="stmt" count="14"/>
        <line num="232" type="stmt" count="14"/>
        <line num="233" type="stmt" count="14"/>
        <line num="235" type="stmt" count="14"/>
        <line num="236" type="stmt" count="14"/>
        <line num="239" type="stmt" count="14"/>
        <line num="240" type="stmt" count="14"/>
        <line num="241" type="stmt" count="14"/>
        <line num="243" type="stmt" count="14"/>
        <line num="244" type="stmt" count="13"/>
        <line num="247" type="stmt" count="14"/>
        <line num="248" type="stmt" count="13"/>
        <line num="251" type="stmt" count="14"/>
        <line num="252" type="stmt" count="13"/>
        <line num="255" type="stmt" count="14"/>
        <line num="256" type="stmt" count="14"/>
        <line num="257" type="stmt" count="14"/>
        <metrics loc="258" ncloc="117" classes="1" methods="12" coveredmethods="9" conditionals="0" coveredconditionals="0" statements="34" coveredstatements="29" elements="46" coveredelements="38"/>
      </file>
      <file name="/var/www/html/src/main/php/PHPMD/Parser.php">
        <class name="Parser" namespace="PHPMD">
          <metrics complexity="26" methods="16" coveredmethods="13" conditionals="0" coveredconditionals="0" statements="60" coveredstatements="45" elements="76" coveredelements="58"/>
        </class>
        <line num="83" type="method" name="__construct" visibility="public" complexity="1" crap="1" count="13"/>
        <line num="85" type="stmt" count="13"/>
        <line num="86" type="stmt" count="13"/>
        <line num="94" type="method" name="parse" visibility="public" complexity="2" crap="2" count="7"/>
        <line num="96" type="stmt" count="7"/>
        <line num="98" type="stmt" count="7"/>
        <line num="99" type="stmt" count="7"/>
        <line num="101" type="stmt" count="7"/>
        <line num="102" type="stmt" count="1"/>
        <line num="104" type="stmt" count="7"/>
        <line num="112" type="method" name="addRuleSet" visibility="public" complexity="1" crap="1" count="12"/>
        <line num="114" type="stmt" count="12"/>
        <line num="115" type="stmt" count="12"/>
        <line num="123" type="method" name="setReport" visibility="public" complexity="1" crap="1" count="13"/>
        <line num="125" type="stmt" count="13"/>
        <line num="126" type="stmt" count="13"/>
        <line num="135" type="method" name="log" visibility="public" complexity="1" crap="1" count="6"/>
        <line num="137" type="stmt" count="6"/>
        <line num="138" type="stmt" count="6"/>
        <line num="146" type="method" name="close" visibility="public" complexity="2" crap="2" count="6"/>
        <line num="149" type="stmt" count="6"/>
        <line num="151" type="stmt" count="6"/>
        <line num="152" type="stmt" count="6"/>
        <line num="154" type="stmt" count="6"/>
        <line num="162" type="method" name="getAcceptedAnalyzers" visibility="public" complexity="1" crap="1" count="6"/>
        <line num="165" type="stmt" count="6"/>
        <line num="185" type="method" name="visitClass" visibility="public" complexity="2" crap="2" count="7"/>
        <line num="187" type="stmt" count="7"/>
        <line num="188" type="stmt" count="1"/>
        <line num="191" type="stmt" count="6"/>
        <line num="192" type="stmt" count="6"/>
        <line num="193" type="stmt" count="6"/>
        <line num="201" type="method" name="visitTrait" visibility="public" complexity="2" crap="6" count="0"/>
        <line num="203" type="stmt" count="0"/>
        <line num="204" type="stmt" count="0"/>
        <line num="207" type="stmt" count="0"/>
        <line num="208" type="stmt" count="0"/>
        <line num="209" type="stmt" count="0"/>
        <line num="217" type="method" name="visitEnum" visibility="public" complexity="2" crap="6" count="0"/>
        <line num="219" type="stmt" count="0"/>
        <line num="220" type="stmt" count="0"/>
        <line num="223" type="stmt" count="0"/>
        <line num="224" type="stmt" count="0"/>
        <line num="225" type="stmt" count="0"/>
        <line num="233" type="method" name="visitFunction" visibility="public" complexity="2" crap="2" count="3"/>
        <line num="235" type="stmt" count="3"/>
        <line num="236" type="stmt" count="1"/>
        <line num="239" type="stmt" count="2"/>
        <line num="240" type="stmt" count="2"/>
        <line num="248" type="method" name="visitInterface" visibility="public" complexity="2" crap="6" count="0"/>
        <line num="250" type="stmt" count="0"/>
        <line num="251" type="stmt" count="0"/>
        <line num="254" type="stmt" count="0"/>
        <line num="255" type="stmt" count="0"/>
        <line num="256" type="stmt" count="0"/>
        <line num="264" type="method" name="visitMethod" visibility="public" complexity="2" crap="2" count="7"/>
        <line num="266" type="stmt" count="7"/>
        <line num="267" type="stmt" count="1"/>
        <line num="270" type="stmt" count="6"/>
        <line num="271" type="stmt" count="6"/>
        <line num="279" type="method" name="setArtifacts" visibility="public" complexity="1" crap="1" count="6"/>
        <line num="281" type="stmt" count="6"/>
        <line num="282" type="stmt" count="6"/>
        <line num="290" type="method" name="apply" visibility="private" complexity="2" crap="2" count="9"/>
        <line num="292" type="stmt" count="9"/>
        <line num="293" type="stmt" count="9"/>
        <line num="294" type="stmt" count="9"/>
        <line num="295" type="stmt" count="9"/>
        <line num="297" type="stmt" count="9"/>
        <line num="306" type="method" name="collectMetrics" visibility="private" complexity="2" crap="2" count="9"/>
        <line num="308" type="stmt" count="9"/>
        <line num="310" type="stmt" count="9"/>
        <line num="311" type="stmt" count="9"/>
        <line num="312" type="stmt" count="6"/>
        <line num="314" type="stmt" count="9"/>
        <line num="315" type="stmt" count="9"/>
        <metrics loc="316" ncloc="174" classes="1" methods="16" coveredmethods="13" conditionals="0" coveredconditionals="0" statements="60" coveredstatements="45" elements="76" coveredelements="58"/>
      </file>
      <file name="/var/www/html/src/main/php/PHPMD/ParserFactory.php">
        <class name="ParserFactory" namespace="PHPMD">
          <metrics complexity="15" methods="7" coveredmethods="5" conditionals="0" coveredconditionals="0" statements="36" coveredstatements="33" elements="43" coveredelements="38"/>
        </class>
        <line num="51" type="method" name="create" visibility="public" complexity="1" crap="1" count="12"/>
        <line num="53" type="stmt" count="12"/>
        <line num="54" type="stmt" count="12"/>
        <line num="56" type="stmt" count="12"/>
        <line num="64" type="method" name="createInstance" visibility="private" complexity="3" crap="3.03" count="12"/>
        <line num="66" type="stmt" count="12"/>
        <line num="68" type="stmt" count="12"/>
        <line num="69" type="stmt" count="12"/>
        <line num="70" type="stmt" count="0"/>
        <line num="71" type="stmt" count="12"/>
        <line num="72" type="stmt" count="10"/>
        <line num="75" type="stmt" count="12"/>
        <line num="85" type="method" name="init" visibility="private" complexity="1" crap="1" count="12"/>
        <line num="87" type="stmt" count="12"/>
        <line num="88" type="stmt" count="12"/>
        <line num="89" type="stmt" count="12"/>
        <line num="90" type="stmt" count="12"/>
        <line num="92" type="stmt" count="12"/>
        <line num="102" type="method" name="initInput" visibility="private" complexity="3" crap="3" count="12"/>
        <line num="104" type="stmt" count="12"/>
        <line num="105" type="stmt" count="12"/>
        <line num="106" type="stmt" count="12"/>
        <line num="107" type="stmt" count="3"/>
        <line num="108" type="stmt" count="3"/>
        <line num="110" type="stmt" count="10"/>
        <line num="112" type="stmt" count="12"/>
        <line num="121" type="method" name="initIgnores" visibility="private" complexity="2" crap="2" count="12"/>
        <line num="123" type="stmt" count="12"/>
        <line num="124" type="stmt" count="12"/>
        <line num="125" type="stmt" count="12"/>
        <line num="128" type="stmt" count="12"/>
        <line num="137" type="method" name="initExtensions" visibility="private" complexity="2" crap="2" count="12"/>
        <line num="139" type="stmt" count="12"/>
        <line num="140" type="stmt" count="12"/>
        <line num="141" type="stmt" count="12"/>
        <line num="144" type="stmt" count="12"/>
        <line num="153" type="method" name="initOptions" visibility="private" complexity="3" crap="3.33" count="12"/>
        <line num="155" type="stmt" count="12"/>
        <line num="156" type="stmt" count="12"/>
        <line num="157" type="stmt" count="0"/>
        <line num="158" type="stmt" count="0"/>
        <line num="161" type="stmt" count="12"/>
        <line num="162" type="stmt" count="12"/>
        <metrics loc="163" ncloc="92" classes="1" methods="7" coveredmethods="5" conditionals="0" coveredconditionals="0" statements="36" coveredstatements="33" elements="43" coveredelements="38"/>
      </file>
      <file name="/var/www/html/src/main/php/PHPMD/ProcessingError.php">
        <class name="ProcessingError" namespace="PHPMD">
          <metrics complexity="5" methods="4" coveredmethods="4" conditionals="0" coveredconditionals="0" statements="10" coveredstatements="10" elements="14" coveredelements="14"/>
        </class>
        <line num="46" type="method" name="__construct" visibility="public" complexity="1" crap="1" count="5"/>
        <line num="48" type="stmt" count="5"/>
        <line num="49" type="stmt" count="5"/>
        <line num="50" type="stmt" count="5"/>
        <line num="57" type="method" name="getFile" visibility="public" complexity="1" crap="1" count="4"/>
        <line num="59" type="stmt" count="4"/>
        <line num="67" type="method" name="getMessage" visibility="public" complexity="1" crap="1" count="1"/>
        <line num="69" type="stmt" count="1"/>
        <line num="80" type="method" name="extractFile" visibility="private" complexity="2" crap="2" count="5"/>
        <line num="82" type="stmt" count="5"/>
        <line num="84" type="stmt" count="5"/>
        <line num="85" type="stmt" count="5"/>
        <line num="86" type="stmt" count="4"/>
        <line num="89" type="stmt" count="1"/>
        <metrics loc="91" ncloc="38" classes="1" methods="4" coveredmethods="4" conditionals="0" coveredconditionals="0" statements="10" coveredstatements="10" elements="14" coveredelements="14"/>
      </file>
      <file name="/var/www/html/src/main/php/PHPMD/Report.php">
        <class name="Report" namespace="PHPMD">
          <metrics complexity="16" methods="10" coveredmethods="10" conditionals="0" coveredconditionals="0" statements="29" coveredstatements="29" elements="39" coveredelements="39"/>
        </class>
        <line num="61" type="method" name="__construct" visibility="public" complexity="1" crap="1" count="115"/>
        <line num="63" type="stmt" count="115"/>
        <line num="64" type="stmt" count="115"/>
        <line num="72" type="method" name="addRuleViolation" visibility="public" complexity="5" crap="5" count="24"/>
        <line num="74" type="stmt" count="24"/>
        <line num="75" type="stmt" count="2"/>
        <line num="78" type="stmt" count="24"/>
        <line num="79" type="stmt" count="24"/>
        <line num="80" type="stmt" count="24"/>
        <line num="83" type="stmt" count="24"/>
        <line num="84" type="stmt" count="24"/>
        <line num="85" type="stmt" count="24"/>
        <line num="88" type="stmt" count="24"/>
        <line num="89" type="stmt" count="24"/>
        <line num="97" type="method" name="isEmpty" visibility="public" complexity="1" crap="1" count="8"/>
        <line num="99" type="stmt" count="8"/>
        <line num="107" type="method" name="getRuleViolations" visibility="public" complexity="3" crap="3" count="46"/>
        <line num="110" type="stmt" count="46"/>
        <line num="112" type="stmt" count="46"/>
        <line num="113" type="stmt" count="46"/>
        <line num="115" type="stmt" count="23"/>
        <line num="117" type="stmt" count="23"/>
        <line num="118" type="stmt" count="23"/>
        <line num="122" type="stmt" count="46"/>
        <line num="132" type="method" name="addError" visibility="public" complexity="1" crap="1" count="2"/>
        <line num="134" type="stmt" count="2"/>
        <line num="135" type="stmt" count="2"/>
        <line num="144" type="method" name="hasErrors" visibility="public" complexity="1" crap="1" count="8"/>
        <line num="146" type="stmt" count="8"/>
        <line num="156" type="method" name="getErrors" visibility="public" complexity="1" crap="1" count="6"/>
        <line num="158" type="stmt" count="6"/>
        <line num="166" type="method" name="start" visibility="public" complexity="1" crap="1" count="7"/>
        <line num="168" type="stmt" count="7"/>
        <line num="169" type="stmt" count="7"/>
        <line num="176" type="method" name="end" visibility="public" complexity="1" crap="1" count="7"/>
        <line num="178" type="stmt" count="7"/>
        <line num="179" type="stmt" count="7"/>
        <line num="186" type="method" name="getElapsedTimeInMillis" visibility="public" complexity="1" crap="1" count="1"/>
        <line num="188" type="stmt" count="1"/>
        <metrics loc="190" ncloc="92" classes="1" methods="10" coveredmethods="10" conditionals="0" coveredconditionals="0" statements="29" coveredstatements="29" elements="39" coveredelements="39"/>
      </file>
      <file name="/var/www/html/src/main/php/PHPMD/RuleSet.php">
        <class name="RuleSet" namespace="PHPMD">
          <metrics complexity="25" methods="14" coveredmethods="10" conditionals="0" coveredconditionals="0" statements="38" coveredstatements="34" elements="52" coveredelements="44"/>
        </class>
        <line num="97" type="method" name="getFileName" visibility="public" complexity="1" crap="1" count="6"/>
        <line num="99" type="stmt" count="6"/>
        <line num="108" type="method" name="setFileName" visibility="public" complexity="1" crap="1" count="6"/>
        <line num="110" type="stmt" count="6"/>
        <line num="111" type="stmt" count="6"/>
        <line num="118" type="method" name="getName" visibility="public" complexity="1" crap="1" count="6"/>
        <line num="120" type="stmt" count="6"/>
        <line num="129" type="method" name="setName" visibility="public" complexity="1" crap="1" count="6"/>
        <line num="131" type="stmt" count="6"/>
        <line num="132" type="stmt" count="6"/>
        <line num="139" type="method" name="getDescription" visibility="public" complexity="1" crap="2" count="0"/>
        <line num="141" type="stmt" count="0"/>
        <line num="150" type="method" name="setDescription" visibility="public" complexity="1" crap="1" count="6"/>
        <line num="152" type="stmt" count="6"/>
        <line num="153" type="stmt" count="6"/>
        <line num="161" type="method" name="setStrict" visibility="public" complexity="1" crap="1" count="1"/>
        <line num="163" type="stmt" count="1"/>
        <line num="164" type="stmt" count="1"/>
        <line num="171" type="method" name="getReport" visibility="public" complexity="1" crap="2" count="0"/>
        <line num="173" type="stmt" count="0"/>
        <line num="182" type="method" name="setReport" visibility="public" complexity="1" crap="1" count="8"/>
        <line num="184" type="stmt" count="8"/>
        <line num="185" type="stmt" count="8"/>
        <line num="193" type="method" name="getRuleByName" visibility="public" complexity="3" crap="3" count="4"/>
        <line num="195" type="stmt" count="4"/>
        <line num="196" type="stmt" count="3"/>
        <line num="197" type="stmt" count="3"/>
        <line num="201" type="stmt" count="1"/>
        <line num="210" type="method" name="getRules" visibility="public" complexity="4" crap="4" count="4"/>
        <line num="212" type="stmt" count="4"/>
        <line num="213" type="stmt" count="4"/>
        <line num="214" type="stmt" count="4"/>
        <line num="215" type="stmt" count="3"/>
        <line num="216" type="stmt" count="3"/>
        <line num="221" type="stmt" count="4"/>
        <line num="230" type="method" name="addRule" visibility="public" complexity="3" crap="3" count="9"/>
        <line num="232" type="stmt" count="9"/>
        <line num="233" type="stmt" count="9"/>
        <line num="234" type="stmt" count="9"/>
        <line num="237" type="stmt" count="9"/>
        <line num="245" type="method" name="apply" visibility="public" complexity="5" crap="5.03" count="8"/>
        <line num="248" type="stmt" count="8"/>
        <line num="251" type="stmt" count="8"/>
        <line num="252" type="stmt" count="0"/>
        <line num="256" type="stmt" count="8"/>
        <line num="258" type="stmt" count="8"/>
        <line num="259" type="stmt" count="2"/>
        <line num="261" type="stmt" count="7"/>
        <line num="262" type="stmt" count="7"/>
        <line num="264" type="stmt" count="8"/>
        <line num="272" type="method" name="getIterator" visibility="public" complexity="1" crap="2" count="0"/>
        <line num="274" type="stmt" count="0"/>
        <metrics loc="276" ncloc="134" classes="1" methods="14" coveredmethods="10" conditionals="0" coveredconditionals="0" statements="38" coveredstatements="34" elements="52" coveredelements="44"/>
      </file>
      <file name="/var/www/html/src/main/php/PHPMD/RuleSetFactory.php">
        <class name="RuleSetFactory" namespace="PHPMD">
          <metrics complexity="84" methods="22" coveredmethods="19" conditionals="0" coveredconditionals="0" statements="174" coveredstatements="168" elements="196" coveredelements="187"/>
        </class>
        <line num="63" type="method" name="__construct" visibility="public" complexity="1" crap="1" count="54"/>
        <line num="65" type="stmt" count="54"/>
        <line num="66" type="stmt" count="54"/>
        <line num="74" type="method" name="setStrict" visibility="public" complexity="1" crap="1" count="1"/>
        <line num="76" type="stmt" count="1"/>
        <line num="77" type="stmt" count="1"/>
        <line num="85" type="method" name="setMinimumPriority" visibility="public" complexity="1" crap="1" count="12"/>
        <line num="87" type="stmt" count="12"/>
        <line num="88" type="stmt" count="12"/>
        <line num="96" type="method" name="setMaximumPriority" visibility="public" complexity="1" crap="1" count="12"/>
        <line num="98" type="stmt" count="12"/>
        <line num="99" type="stmt" count="12"/>
        <line num="107" type="method" name="createRuleSets" visibility="public" complexity="2" crap="2" count="46"/>
        <line num="109" type="stmt" count="46"/>
        <line num="111" type="stmt" count="46"/>
        <line num="112" type="stmt" count="46"/>
        <line num="113" type="stmt" count="46"/>
        <line num="115" type="stmt" count="42"/>
        <line num="118" type="stmt" count="42"/>
        <line num="127" type="method" name="createSingleRuleSet" visibility="public" complexity="1" crap="1" count="52"/>
        <line num="129" type="stmt" count="52"/>
        <line num="131" type="stmt" count="51"/>
        <line num="139" type="method" name="listAvailableRuleSets" visibility="public" complexity="1" crap="1" count="4"/>
        <line num="141" type="stmt" count="4"/>
        <line num="142" type="stmt" count="4"/>
        <line num="143" type="stmt" count="4"/>
        <line num="155" type="method" name="createRuleSetFileName" visibility="private" complexity="3" crap="3" count="54"/>
        <line num="157" type="stmt" count="54"/>
        <line num="158" type="stmt" count="54"/>
        <line num="159" type="stmt" count="53"/>
        <line num="163" type="stmt" count="2"/>
        <line num="172" type="method" name="listRuleSetsInDirectory" visibility="private" complexity="5" crap="5" count="4"/>
        <line num="174" type="stmt" count="4"/>
        <line num="175" type="stmt" count="4"/>
        <line num="176" type="stmt" count="4"/>
        <line num="177" type="stmt" count="4"/>
        <line num="178" type="stmt" count="4"/>
        <line num="179" type="stmt" count="4"/>
        <line num="184" type="stmt" count="4"/>
        <line num="194" type="method" name="parseRuleSetNode" visibility="private" complexity="9" crap="9.05" count="51"/>
        <line num="197" type="stmt" count="51"/>
        <line num="199" type="stmt" count="51"/>
        <line num="200" type="stmt" count="51"/>
        <line num="202" type="stmt" count="1"/>
        <line num="204" type="stmt" count="1"/>
        <line num="207" type="stmt" count="50"/>
        <line num="208" type="stmt" count="50"/>
        <line num="209" type="stmt" count="50"/>
        <line num="211" type="stmt" count="50"/>
        <line num="212" type="stmt" count="1"/>
        <line num="215" type="stmt" count="50"/>
        <line num="216" type="stmt" count="50"/>
        <line num="217" type="stmt" count="1"/>
        <line num="219" type="stmt" count="1"/>
        <line num="220" type="stmt" count="0"/>
        <line num="221" type="stmt" count="0"/>
        <line num="224" type="stmt" count="1"/>
        <line num="225" type="stmt" count="1"/>
        <line num="229" type="stmt" count="50"/>
        <line num="230" type="stmt" count="50"/>
        <line num="231" type="stmt" count="50"/>
        <line num="232" type="stmt" count="50"/>
        <line num="233" type="stmt" count="50"/>
        <line num="237" type="stmt" count="48"/>
        <line num="249" type="method" name="parseRuleNode" visibility="private" complexity="3" crap="3" count="50"/>
        <line num="251" type="stmt" count="50"/>
        <line num="253" type="stmt" count="50"/>
        <line num="254" type="stmt" count="50"/>
        <line num="256" type="stmt" count="48"/>
        <line num="259" type="stmt" count="14"/>
        <line num="260" type="stmt" count="6"/>
        <line num="262" type="stmt" count="6"/>
        <line num="265" type="stmt" count="8"/>
        <line num="266" type="stmt" count="8"/>
        <line num="276" type="method" name="parseRuleSetReferenceNode" visibility="private" complexity="3" crap="3" count="6"/>
        <line num="278" type="stmt" count="6"/>
        <line num="279" type="stmt" count="6"/>
        <line num="280" type="stmt" count="6"/>
        <line num="281" type="stmt" count="5"/>
        <line num="284" type="stmt" count="6"/>
        <line num="293" type="method" name="parseRuleSetReference" visibility="private" complexity="1" crap="1" count="6"/>
        <line num="295" type="stmt" count="6"/>
        <line num="296" type="stmt" count="6"/>
        <line num="297" type="stmt" count="6"/>
        <line num="299" type="stmt" count="6"/>
        <line num="311" type="method" name="isIncluded" visibility="private" complexity="3" crap="3" count="6"/>
        <line num="313" type="stmt" count="6"/>
        <line num="314" type="stmt" count="2"/>
        <line num="315" type="stmt" count="2"/>
        <line num="319" type="stmt" count="5"/>
        <line num="332" type="method" name="parseSingleRuleNode" visibility="private" complexity="18" crap="18" count="50"/>
        <line num="334" type="stmt" count="50"/>
        <line num="336" type="stmt" count="50"/>
        <line num="338" type="stmt" count="50"/>
        <line num="339" type="stmt" count="1"/>
        <line num="340" type="stmt" count="0"/>
        <line num="341" type="stmt" count="1"/>
        <line num="342" type="stmt" count="1"/>
        <line num="346" type="stmt" count="50"/>
        <line num="348" type="stmt" count="50"/>
        <line num="349" type="stmt" count="50"/>
        <line num="352" type="stmt" count="50"/>
        <line num="353" type="stmt" count="50"/>
        <line num="356" type="stmt" count="50"/>
        <line num="357" type="stmt" count="3"/>
        <line num="358" type="stmt" count="3"/>
        <line num="359" type="stmt" count="1"/>
        <line num="361" type="stmt" count="2"/>
        <line num="363" type="stmt" count="2"/>
        <line num="365" type="stmt" count="2"/>
        <line num="366" type="stmt" count="1"/>
        <line num="371" type="stmt" count="48"/>
        <line num="372" type="stmt" count="48"/>
        <line num="373" type="stmt" count="48"/>
        <line num="374" type="stmt" count="48"/>
        <line num="376" type="stmt" count="48"/>
        <line num="378" type="stmt" count="48"/>
        <line num="379" type="stmt" count="48"/>
        <line num="382" type="stmt" count="48"/>
        <line num="383" type="stmt" count="48"/>
        <line num="384" type="stmt" count="48"/>
        <line num="385" type="stmt" count="48"/>
        <line num="386" type="stmt" count="47"/>
        <line num="387" type="stmt" count="48"/>
        <line num="388" type="stmt" count="48"/>
        <line num="389" type="stmt" count="48"/>
        <line num="390" type="stmt" count="48"/>
        <line num="394" type="stmt" count="48"/>
        <line num="395" type="stmt" count="47"/>
        <line num="397" type="stmt" count="48"/>
        <line num="407" type="method" name="parseRuleReferenceNode" visibility="private" complexity="14" crap="14" count="8"/>
        <line num="409" type="stmt" count="8"/>
        <line num="411" type="stmt" count="8"/>
        <line num="412" type="stmt" count="8"/>
        <line num="414" type="stmt" count="8"/>
        <line num="416" type="stmt" count="8"/>
        <line num="418" type="stmt" count="8"/>
        <line num="419" type="stmt" count="8"/>
        <line num="421" type="stmt" count="8"/>
        <line num="422" type="stmt" count="3"/>
        <line num="424" type="stmt" count="8"/>
        <line num="425" type="stmt" count="3"/>
        <line num="427" type="stmt" count="8"/>
        <line num="428" type="stmt" count="3"/>
        <line num="431" type="stmt" count="8"/>
        <line num="432" type="stmt" count="4"/>
        <line num="433" type="stmt" count="4"/>
        <line num="434" type="stmt" count="4"/>
        <line num="435" type="stmt" count="4"/>
        <line num="436" type="stmt" count="4"/>
        <line num="437" type="stmt" count="4"/>
        <line num="438" type="stmt" count="4"/>
        <line num="439" type="stmt" count="4"/>
        <line num="443" type="stmt" count="8"/>
        <line num="444" type="stmt" count="8"/>
        <line num="446" type="stmt" count="8"/>
        <line num="466" type="method" name="parsePropertiesNode" visibility="private" complexity="3" crap="3" count="48"/>
        <line num="468" type="stmt" count="48"/>
        <line num="469" type="stmt" count="18"/>
        <line num="470" type="stmt" count="18"/>
        <line num="473" type="stmt" count="48"/>
        <line num="482" type="method" name="addProperty" visibility="private" complexity="3" crap="3" count="18"/>
        <line num="484" type="stmt" count="18"/>
        <line num="485" type="stmt" count="18"/>
        <line num="486" type="stmt" count="18"/>
        <line num="487" type="stmt" count="18"/>
        <line num="489" type="stmt" count="18"/>
        <line num="501" type="method" name="getPropertyValue" visibility="private" complexity="2" crap="2" count="18"/>
        <line num="503" type="stmt" count="18"/>
        <line num="504" type="stmt" count="1"/>
        <line num="507" type="stmt" count="17"/>
        <line num="519" type="method" name="getIgnorePattern" visibility="public" complexity="5" crap="5.31" count="8"/>
        <line num="521" type="stmt" count="8"/>
        <line num="522" type="stmt" count="8"/>
        <line num="523" type="stmt" count="8"/>
        <line num="526" type="stmt" count="8"/>
        <line num="528" type="stmt" count="8"/>
        <line num="529" type="stmt" count="8"/>
        <line num="531" type="stmt" count="0"/>
        <line num="533" type="stmt" count="0"/>
        <line num="536" type="stmt" count="8"/>
        <line num="537" type="stmt" count="8"/>
        <line num="538" type="stmt" count="2"/>
        <line num="542" type="stmt" count="8"/>
        <line num="545" type="stmt" count="0"/>
        <line num="555" type="method" name="isReadableFile" visibility="private" complexity="2" crap="2" count="54"/>
        <line num="557" type="stmt" count="54"/>
        <line num="566" type="method" name="filePaths" visibility="private" complexity="2" crap="2" count="54"/>
        <line num="569" type="stmt" count="54"/>
        <line num="570" type="stmt" count="54"/>
        <line num="571" type="stmt" count="54"/>
        <line num="572" type="stmt" count="54"/>
        <line num="575" type="stmt" count="54"/>
        <line num="576" type="stmt" count="54"/>
        <line num="577" type="stmt" count="54"/>
        <line num="580" type="stmt" count="54"/>
        <metrics loc="582" ncloc="366" classes="1" methods="22" coveredmethods="19" conditionals="0" coveredconditionals="0" statements="174" coveredstatements="168" elements="196" coveredelements="187"/>
      </file>
      <file name="/var/www/html/src/main/php/PHPMD/RuleViolation.php">
        <class name="RuleViolation" namespace="PHPMD">
          <metrics complexity="17" methods="12" coveredmethods="5" conditionals="0" coveredconditionals="0" statements="31" coveredstatements="24" elements="43" coveredelements="29"/>
        </class>
        <line num="97" type="method" name="__construct" visibility="public" complexity="6" crap="6" count="55"/>
        <line num="99" type="stmt" count="55"/>
        <line num="100" type="stmt" count="55"/>
        <line num="101" type="stmt" count="55"/>
        <line num="103" type="stmt" count="55"/>
        <line num="104" type="stmt" count="52"/>
        <line num="105" type="stmt" count="52"/>
        <line num="106" type="stmt" count="52"/>
        <line num="107" type="stmt" count="52"/>
        <line num="108" type="stmt" count="52"/>
        <line num="111" type="stmt" count="52"/>
        <line num="112" type="stmt" count="52"/>
        <line num="114" type="stmt" count="3"/>
        <line num="117" type="stmt" count="55"/>
        <line num="118" type="stmt" count="13"/>
        <line num="119" type="stmt" count="42"/>
        <line num="120" type="stmt" count="3"/>
        <line num="121" type="stmt" count="3"/>
        <line num="122" type="stmt" count="39"/>
        <line num="123" type="stmt" count="4"/>
        <line num="125" type="stmt" count="55"/>
        <line num="132" type="method" name="getRule" visibility="public" complexity="1" crap="1" count="4"/>
        <line num="134" type="stmt" count="4"/>
        <line num="142" type="method" name="getDescription" visibility="public" complexity="1" crap="1" count="6"/>
        <line num="144" type="stmt" count="6"/>
        <line num="153" type="method" name="getArgs" visibility="public" complexity="1" crap="2" count="0"/>
        <line num="155" type="stmt" count="0"/>
        <line num="163" type="method" name="getMetric" visibility="public" complexity="1" crap="2" count="0"/>
        <line num="165" type="stmt" count="0"/>
        <line num="173" type="method" name="getFileName" visibility="public" complexity="1" crap="1" count="19"/>
        <line num="175" type="stmt" count="19"/>
        <line num="183" type="method" name="getBeginLine" visibility="public" complexity="1" crap="1" count="19"/>
        <line num="185" type="stmt" count="19"/>
        <line num="193" type="method" name="getEndLine" visibility="public" complexity="1" crap="2" count="0"/>
        <line num="195" type="stmt" count="0"/>
        <line num="203" type="method" name="getNamespaceName" visibility="public" complexity="1" crap="2" count="0"/>
        <line num="205" type="stmt" count="0"/>
        <line num="214" type="method" name="getClassName" visibility="public" complexity="1" crap="2" count="0"/>
        <line num="216" type="stmt" count="0"/>
        <line num="225" type="method" name="getMethodName" visibility="public" complexity="1" crap="2" count="0"/>
        <line num="227" type="stmt" count="0"/>
        <line num="236" type="method" name="getFunctionName" visibility="public" complexity="1" crap="2" count="0"/>
        <line num="238" type="stmt" count="0"/>
        <metrics loc="240" ncloc="111" classes="1" methods="12" coveredmethods="5" conditionals="0" coveredconditionals="0" statements="31" coveredstatements="24" elements="43" coveredelements="29"/>
      </file>
    </package>
    <metrics files="105" loc="12399" ncloc="6907" classes="93" methods="452" coveredmethods="369" conditionals="0" coveredconditionals="0" statements="2442" coveredstatements="2207" elements="2894" coveredelements="2576"/>
  </project>
</coverage>
