<?xml version="1.0" encoding="UTF-8"?>
<coverage generated="1629373022">
  <project timestamp="1629373022">
    <package name="PHPMD">
      <file name="/var/www/html/src/main/php/PHPMD/AbstractNode.php">
        <class name="AbstractNode" namespace="PHPMD">
          <metrics complexity="26" methods="16" coveredmethods="10" conditionals="0" coveredconditionals="0" statements="35" coveredstatements="27" elements="51" coveredelements="37"/>
        </class>
        <line num="46" type="method" name="__construct" visibility="public" complexity="1" crap="1" count="47"/>
        <line num="48" type="stmt" count="47"/>
        <line num="61" type="method" name="__call" visibility="public" complexity="2" crap="2.50" count="31"/>
        <line num="63" type="stmt" count="31"/>
        <line num="64" type="stmt" count="31"/>
        <line num="66" type="stmt" count="0"/>
        <line num="67" type="stmt" count="0"/>
        <line num="77" type="method" name="getParent" visibility="public" complexity="2" crap="2.15" count="6"/>
        <line num="79" type="stmt" count="6"/>
        <line num="80" type="stmt" count="0"/>
        <line num="82" type="stmt" count="6"/>
        <line num="91" type="method" name="getChild" visibility="public" complexity="1" crap="1" count="10"/>
        <line num="93" type="stmt" count="10"/>
        <line num="94" type="stmt" count="10"/>
        <line num="95" type="stmt" count="10"/>
        <line num="106" type="method" name="getFirstChildOfType" visibility="public" complexity="2" crap="2.06" count="4"/>
        <line num="108" type="stmt" count="4"/>
        <line num="109" type="stmt" count="4"/>
        <line num="110" type="stmt" count="0"/>
        <line num="112" type="stmt" count="4"/>
        <line num="122" type="method" name="findChildrenOfType" visibility="public" complexity="2" crap="2" count="45"/>
        <line num="124" type="stmt" count="45"/>
        <line num="126" type="stmt" count="45"/>
        <line num="127" type="stmt" count="45"/>
        <line num="128" type="stmt" count="41"/>
        <line num="130" type="stmt" count="45"/>
        <line num="139" type="method" name="isInstanceOf" visibility="public" complexity="1" crap="2" count="0"/>
        <line num="141" type="stmt" count="0"/>
        <line num="142" type="stmt" count="0"/>
        <line num="150" type="method" name="getImage" visibility="public" complexity="1" crap="1" count="2"/>
        <line num="152" type="stmt" count="2"/>
        <line num="161" type="method" name="getName" visibility="public" complexity="1" crap="1" count="13"/>
        <line num="163" type="stmt" count="13"/>
        <line num="171" type="method" name="getBeginLine" visibility="public" complexity="1" crap="1" count="4"/>
        <line num="173" type="stmt" count="4"/>
        <line num="181" type="method" name="getEndLine" visibility="public" complexity="1" crap="2" count="0"/>
        <line num="183" type="stmt" count="0"/>
        <line num="191" type="method" name="getFileName" visibility="public" complexity="1" crap="1" count="44"/>
        <line num="193" type="stmt" count="44"/>
        <line num="201" type="method" name="getNode" visibility="public" complexity="1" crap="1" count="41"/>
        <line num="203" type="stmt" count="41"/>
        <line num="211" type="method" name="getType" visibility="public" complexity="1" crap="1" count="3"/>
        <line num="213" type="stmt" count="3"/>
        <line num="214" type="stmt" count="3"/>
        <line num="224" type="method" name="getMetric" visibility="public" complexity="2" crap="2.15" count="3"/>
        <line num="226" type="stmt" count="3"/>
        <line num="227" type="stmt" count="3"/>
        <line num="229" type="stmt" count="0"/>
        <line num="238" type="method" name="setMetrics" visibility="public" complexity="2" crap="2" count="4"/>
        <line num="240" type="stmt" count="4"/>
        <line num="241" type="stmt" count="4"/>
        <metrics loc="276" ncloc="128" classes="1" methods="16" coveredmethods="10" conditionals="0" coveredconditionals="0" statements="35" coveredstatements="27" elements="51" coveredelements="37"/>
      </file>
      <file name="/var/www/html/src/main/php/PHPMD/AbstractRenderer.php">
        <class name="AbstractRenderer" namespace="PHPMD">
          <metrics complexity="5" methods="2" coveredmethods="2" conditionals="0" coveredconditionals="0" statements="2" coveredstatements="2" elements="4" coveredelements="4"/>
        </class>
        <line num="37" type="method" name="getWriter" visibility="public" complexity="1" crap="1" count="2"/>
        <line num="39" type="stmt" count="2"/>
        <line num="48" type="method" name="setWriter" visibility="public" complexity="1" crap="1" count="2"/>
        <line num="50" type="stmt" count="2"/>
        <metrics loc="83" ncloc="26" classes="1" methods="2" coveredmethods="2" conditionals="0" coveredconditionals="0" statements="2" coveredstatements="2" elements="4" coveredelements="4"/>
      </file>
      <file name="/var/www/html/src/main/php/PHPMD/AbstractRule.php">
        <class name="AbstractRule" namespace="PHPMD">
          <metrics complexity="28" methods="23" coveredmethods="16" conditionals="0" coveredconditionals="0" statements="36" coveredstatements="29" elements="59" coveredelements="45"/>
        </class>
        <line num="102" type="method" name="getName" visibility="public" complexity="1" crap="1" count="1"/>
        <line num="104" type="stmt" count="1"/>
        <line num="113" type="method" name="setName" visibility="public" complexity="1" crap="1" count="4"/>
        <line num="115" type="stmt" count="4"/>
        <line num="123" type="method" name="getSince" visibility="public" complexity="1" crap="2" count="0"/>
        <line num="125" type="stmt" count="0"/>
        <line num="134" type="method" name="setSince" visibility="public" complexity="1" crap="1" count="4"/>
        <line num="136" type="stmt" count="4"/>
        <line num="144" type="method" name="getMessage" visibility="public" complexity="1" crap="2" count="0"/>
        <line num="146" type="stmt" count="0"/>
        <line num="155" type="method" name="setMessage" visibility="public" complexity="1" crap="1" count="4"/>
        <line num="157" type="stmt" count="4"/>
        <line num="165" type="method" name="getExternalInfoUrl" visibility="public" complexity="1" crap="2" count="0"/>
        <line num="167" type="stmt" count="0"/>
        <line num="176" type="method" name="setExternalInfoUrl" visibility="public" complexity="1" crap="1" count="4"/>
        <line num="178" type="stmt" count="4"/>
        <line num="186" type="method" name="getDescription" visibility="public" complexity="1" crap="2" count="0"/>
        <line num="188" type="stmt" count="0"/>
        <line num="197" type="method" name="setDescription" visibility="public" complexity="1" crap="1" count="4"/>
        <line num="199" type="stmt" count="4"/>
        <line num="207" type="method" name="getExamples" visibility="public" complexity="1" crap="2" count="0"/>
        <line num="209" type="stmt" count="0"/>
        <line num="218" type="method" name="addExample" visibility="public" complexity="1" crap="1" count="4"/>
        <line num="220" type="stmt" count="4"/>
        <line num="228" type="method" name="getPriority" visibility="public" complexity="1" crap="1" count="4"/>
        <line num="230" type="stmt" count="4"/>
        <line num="239" type="method" name="setPriority" visibility="public" complexity="1" crap="1" count="4"/>
        <line num="241" type="stmt" count="4"/>
        <line num="249" type="method" name="getRuleSetName" visibility="public" complexity="1" crap="2" count="0"/>
        <line num="251" type="stmt" count="0"/>
        <line num="260" type="method" name="setRuleSetName" visibility="public" complexity="1" crap="1" count="4"/>
        <line num="262" type="stmt" count="4"/>
        <line num="270" type="method" name="getReport" visibility="public" complexity="1" crap="2" count="0"/>
        <line num="272" type="stmt" count="0"/>
        <line num="281" type="method" name="setReport" visibility="public" complexity="1" crap="1" count="47"/>
        <line num="283" type="stmt" count="47"/>
        <line num="293" type="method" name="addProperty" visibility="public" complexity="1" crap="1" count="12"/>
        <line num="295" type="stmt" count="12"/>
        <line num="306" type="method" name="getBooleanProperty" visibility="public" complexity="2" crap="2" count="7"/>
        <line num="308" type="stmt" count="7"/>
        <line num="309" type="stmt" count="6"/>
        <line num="311" type="stmt" count="1"/>
        <line num="322" type="method" name="getIntProperty" visibility="public" complexity="2" crap="2" count="5"/>
        <line num="324" type="stmt" count="5"/>
        <line num="325" type="stmt" count="4"/>
        <line num="327" type="stmt" count="2"/>
        <line num="338" type="method" name="getStringProperty" visibility="public" complexity="2" crap="2" count="12"/>
        <line num="340" type="stmt" count="12"/>
        <line num="341" type="stmt" count="6"/>
        <line num="343" type="stmt" count="6"/>
        <line num="355" type="method" name="addViolation" visibility="protected" complexity="2" crap="2" count="28"/>
        <line num="360" type="stmt" count="28"/>
        <line num="361" type="stmt" count="28"/>
        <line num="362" type="stmt" count="28"/>
        <line num="363" type="stmt" count="28"/>
        <line num="364" type="stmt" count="28"/>
        <line num="367" type="stmt" count="28"/>
        <line num="369" type="stmt" count="28"/>
        <line num="370" type="stmt" count="28"/>
        <metrics loc="381" ncloc="165" classes="1" methods="23" coveredmethods="16" conditionals="0" coveredconditionals="0" statements="36" coveredstatements="29" elements="59" coveredelements="45"/>
      </file>
      <file name="/var/www/html/src/main/php/PHPMD/AbstractWriter.php">
        <class name="AbstractWriter" namespace="PHPMD">
          <metrics complexity="1" methods="0" coveredmethods="0" conditionals="0" coveredconditionals="0" statements="0" coveredstatements="0" elements="0" coveredelements="0"/>
        </class>
        <metrics loc="32" ncloc="8" classes="0" methods="0" coveredmethods="0" conditionals="0" coveredconditionals="0" statements="0" coveredstatements="0" elements="0" coveredelements="0"/>
      </file>
      <file name="/var/www/html/src/main/php/PHPMD/PHPMD.php">
        <class name="PHPMD" namespace="PHPMD">
          <metrics complexity="13" methods="9" coveredmethods="7" conditionals="0" coveredconditionals="0" statements="27" coveredstatements="23" elements="36" coveredelements="30"/>
        </class>
        <line num="75" type="method" name="hasViolations" visibility="public" complexity="1" crap="1" count="5"/>
        <line num="77" type="stmt" count="5"/>
        <line num="85" type="method" name="getInput" visibility="public" complexity="1" crap="1" count="9"/>
        <line num="87" type="stmt" count="9"/>
        <line num="96" type="method" name="getFileExtensions" visibility="public" complexity="1" crap="1" count="9"/>
        <line num="98" type="stmt" count="9"/>
        <line num="107" type="method" name="setFileExtensions" visibility="public" complexity="1" crap="2" count="0"/>
        <line num="109" type="stmt" count="0"/>
        <line num="118" type="method" name="getIgnorePattern" visibility="public" complexity="1" crap="1" count="9"/>
        <line num="120" type="stmt" count="9"/>
        <line num="130" type="method" name="setIgnorePattern" visibility="public" complexity="1" crap="2" count="0"/>
        <line num="132" type="stmt" count="0"/>
        <line num="133" type="stmt" count="0"/>
        <line num="134" type="stmt" count="0"/>
        <line num="143" type="method" name="getOptions" visibility="public" complexity="1" crap="1" count="9"/>
        <line num="145" type="stmt" count="9"/>
        <line num="154" type="method" name="setOptions" visibility="public" complexity="1" crap="1" count="2"/>
        <line num="156" type="stmt" count="2"/>
        <line num="170" type="method" name="processFiles" visibility="public" complexity="5" crap="5" count="9"/>
        <line num="178" type="stmt" count="9"/>
        <line num="180" type="stmt" count="9"/>
        <line num="182" type="stmt" count="9"/>
        <line num="184" type="stmt" count="9"/>
        <line num="185" type="stmt" count="9"/>
        <line num="187" type="stmt" count="9"/>
        <line num="188" type="stmt" count="9"/>
        <line num="191" type="stmt" count="9"/>
        <line num="192" type="stmt" count="9"/>
        <line num="193" type="stmt" count="9"/>
        <line num="195" type="stmt" count="9"/>
        <line num="196" type="stmt" count="9"/>
        <line num="199" type="stmt" count="9"/>
        <line num="200" type="stmt" count="9"/>
        <line num="203" type="stmt" count="9"/>
        <line num="204" type="stmt" count="9"/>
        <line num="207" type="stmt" count="9"/>
        <metrics loc="209" ncloc="99" classes="1" methods="9" coveredmethods="7" conditionals="0" coveredconditionals="0" statements="27" coveredstatements="23" elements="36" coveredelements="30"/>
      </file>
      <file name="/var/www/html/src/main/php/PHPMD/Parser.php">
        <class name="Parser" namespace="PHPMD">
          <metrics complexity="22" methods="14" coveredmethods="13" conditionals="0" coveredconditionals="0" statements="37" coveredstatements="33" elements="51" coveredelements="46"/>
        </class>
        <line num="79" type="method" name="__construct" visibility="public" complexity="1" crap="1" count="11"/>
        <line num="81" type="stmt" count="11"/>
        <line num="90" type="method" name="parse" visibility="public" complexity="2" crap="2" count="5"/>
        <line num="92" type="stmt" count="5"/>
        <line num="94" type="stmt" count="5"/>
        <line num="95" type="stmt" count="5"/>
        <line num="97" type="stmt" count="5"/>
        <line num="98" type="stmt" count="1"/>
        <line num="108" type="method" name="addRuleSet" visibility="public" complexity="1" crap="1" count="10"/>
        <line num="110" type="stmt" count="10"/>
        <line num="119" type="method" name="setReport" visibility="public" complexity="1" crap="1" count="11"/>
        <line num="121" type="stmt" count="11"/>
        <line num="131" type="method" name="log" visibility="public" complexity="1" crap="1" count="4"/>
        <line num="133" type="stmt" count="4"/>
        <line num="142" type="method" name="close" visibility="public" complexity="2" crap="2" count="4"/>
        <line num="145" type="stmt" count="4"/>
        <line num="147" type="stmt" count="4"/>
        <line num="148" type="stmt" count="4"/>
        <line num="158" type="method" name="getAcceptedAnalyzers" visibility="public" complexity="1" crap="1" count="4"/>
        <line num="161" type="stmt" count="4"/>
        <line num="181" type="method" name="visitClass" visibility="public" complexity="2" crap="2" count="5"/>
        <line num="183" type="stmt" count="5"/>
        <line num="184" type="stmt" count="1"/>
        <line num="187" type="stmt" count="4"/>
        <line num="188" type="stmt" count="4"/>
        <line num="197" type="method" name="visitFunction" visibility="public" complexity="2" crap="2" count="3"/>
        <line num="199" type="stmt" count="3"/>
        <line num="200" type="stmt" count="1"/>
        <line num="203" type="stmt" count="2"/>
        <line num="212" type="method" name="visitInterface" visibility="public" complexity="2" crap="6" count="0"/>
        <line num="214" type="stmt" count="0"/>
        <line num="215" type="stmt" count="0"/>
        <line num="218" type="stmt" count="0"/>
        <line num="219" type="stmt" count="0"/>
        <line num="228" type="method" name="visitMethod" visibility="public" complexity="2" crap="2" count="5"/>
        <line num="230" type="stmt" count="5"/>
        <line num="231" type="stmt" count="1"/>
        <line num="234" type="stmt" count="4"/>
        <line num="243" type="method" name="setArtifacts" visibility="public" complexity="1" crap="1" count="4"/>
        <line num="245" type="stmt" count="4"/>
        <line num="254" type="method" name="apply" visibility="private" complexity="2" crap="2" count="7"/>
        <line num="256" type="stmt" count="7"/>
        <line num="257" type="stmt" count="7"/>
        <line num="258" type="stmt" count="7"/>
        <line num="259" type="stmt" count="7"/>
        <line num="270" type="method" name="collectMetrics" visibility="private" complexity="2" crap="2" count="7"/>
        <line num="272" type="stmt" count="7"/>
        <line num="274" type="stmt" count="7"/>
        <line num="275" type="stmt" count="7"/>
        <line num="276" type="stmt" count="4"/>
        <line num="278" type="stmt" count="7"/>
        <metrics loc="280" ncloc="150" classes="1" methods="14" coveredmethods="13" conditionals="0" coveredconditionals="0" statements="37" coveredstatements="33" elements="51" coveredelements="46"/>
      </file>
      <file name="/var/www/html/src/main/php/PHPMD/ParserFactory.php">
        <class name="ParserFactory" namespace="PHPMD">
          <metrics complexity="18" methods="7" coveredmethods="5" conditionals="0" coveredconditionals="0" statements="29" coveredstatements="26" elements="36" coveredelements="31"/>
        </class>
        <line num="45" type="method" name="create" visibility="public" complexity="1" crap="1" count="10"/>
        <line num="47" type="stmt" count="10"/>
        <line num="48" type="stmt" count="10"/>
        <line num="50" type="stmt" count="10"/>
        <line num="58" type="method" name="createInstance" visibility="private" complexity="3" crap="3.04" count="10"/>
        <line num="60" type="stmt" count="10"/>
        <line num="62" type="stmt" count="10"/>
        <line num="63" type="stmt" count="0"/>
        <line num="64" type="stmt" count="10"/>
        <line num="65" type="stmt" count="10"/>
        <line num="68" type="stmt" count="10"/>
        <line num="78" type="method" name="init" visibility="private" complexity="1" crap="1" count="10"/>
        <line num="80" type="stmt" count="10"/>
        <line num="81" type="stmt" count="10"/>
        <line num="82" type="stmt" count="10"/>
        <line num="83" type="stmt" count="10"/>
        <line num="85" type="stmt" count="10"/>
        <line num="95" type="method" name="initInput" visibility="private" complexity="3" crap="3" count="10"/>
        <line num="97" type="stmt" count="10"/>
        <line num="98" type="stmt" count="10"/>
        <line num="99" type="stmt" count="3"/>
        <line num="101" type="stmt" count="8"/>
        <line num="113" type="method" name="initIgnores" visibility="private" complexity="3" crap="3" count="10"/>
        <line num="115" type="stmt" count="10"/>
        <line num="116" type="stmt" count="5"/>
        <line num="117" type="stmt" count="5"/>
        <line num="129" type="method" name="initExtensions" visibility="private" complexity="3" crap="3" count="10"/>
        <line num="131" type="stmt" count="10"/>
        <line num="132" type="stmt" count="5"/>
        <line num="133" type="stmt" count="5"/>
        <line num="145" type="method" name="initOptions" visibility="private" complexity="4" crap="5.02" count="10"/>
        <line num="147" type="stmt" count="10"/>
        <line num="148" type="stmt" count="10"/>
        <line num="149" type="stmt" count="0"/>
        <line num="150" type="stmt" count="0"/>
        <line num="153" type="stmt" count="10"/>
        <metrics loc="155" ncloc="86" classes="1" methods="7" coveredmethods="5" conditionals="0" coveredconditionals="0" statements="29" coveredstatements="26" elements="36" coveredelements="31"/>
      </file>
      <file name="/var/www/html/src/main/php/PHPMD/ProcessingError.php">
        <class name="ProcessingError" namespace="PHPMD">
          <metrics complexity="5" methods="4" coveredmethods="4" conditionals="0" coveredconditionals="0" statements="9" coveredstatements="9" elements="13" coveredelements="13"/>
        </class>
        <line num="45" type="method" name="__construct" visibility="public" complexity="1" crap="1" count="5"/>
        <line num="47" type="stmt" count="5"/>
        <line num="48" type="stmt" count="5"/>
        <line num="56" type="method" name="getFile" visibility="public" complexity="1" crap="1" count="4"/>
        <line num="58" type="stmt" count="4"/>
        <line num="66" type="method" name="getMessage" visibility="public" complexity="1" crap="1" count="1"/>
        <line num="68" type="stmt" count="1"/>
        <line num="79" type="method" name="extractFile" visibility="private" complexity="2" crap="2" count="5"/>
        <line num="81" type="stmt" count="5"/>
        <line num="83" type="stmt" count="5"/>
        <line num="84" type="stmt" count="5"/>
        <line num="85" type="stmt" count="4"/>
        <line num="87" type="stmt" count="1"/>
        <metrics loc="89" ncloc="37" classes="1" methods="4" coveredmethods="4" conditionals="0" coveredconditionals="0" statements="9" coveredstatements="9" elements="13" coveredelements="13"/>
      </file>
      <file name="/var/www/html/src/main/php/PHPMD/Report.php">
        <class name="Report" namespace="PHPMD">
          <metrics complexity="13" methods="9" coveredmethods="9" conditionals="0" coveredconditionals="0" statements="21" coveredstatements="21" elements="30" coveredelements="30"/>
        </class>
        <line num="61" type="method" name="addRuleViolation" visibility="public" complexity="3" crap="3" count="7"/>
        <line num="63" type="stmt" count="7"/>
        <line num="64" type="stmt" count="7"/>
        <line num="65" type="stmt" count="7"/>
        <line num="68" type="stmt" count="7"/>
        <line num="69" type="stmt" count="7"/>
        <line num="70" type="stmt" count="7"/>
        <line num="73" type="stmt" count="7"/>
        <line num="82" type="method" name="isEmpty" visibility="public" complexity="1" crap="1" count="6"/>
        <line num="84" type="stmt" count="6"/>
        <line num="92" type="method" name="getRuleViolations" visibility="public" complexity="3" crap="3" count="6"/>
        <line num="95" type="stmt" count="6"/>
        <line num="97" type="stmt" count="6"/>
        <line num="98" type="stmt" count="6"/>
        <line num="100" type="stmt" count="6"/>
        <line num="102" type="stmt" count="6"/>
        <line num="103" type="stmt" count="6"/>
        <line num="107" type="stmt" count="6"/>
        <line num="117" type="method" name="addError" visibility="public" complexity="1" crap="1" count="2"/>
        <line num="119" type="stmt" count="2"/>
        <line num="129" type="method" name="hasErrors" visibility="public" complexity="1" crap="1" count="2"/>
        <line num="131" type="stmt" count="2"/>
        <line num="141" type="method" name="getErrors" visibility="public" complexity="1" crap="1" count="4"/>
        <line num="143" type="stmt" count="4"/>
        <line num="151" type="method" name="start" visibility="public" complexity="1" crap="1" count="5"/>
        <line num="153" type="stmt" count="5"/>
        <line num="161" type="method" name="end" visibility="public" complexity="1" crap="1" count="5"/>
        <line num="163" type="stmt" count="5"/>
        <line num="171" type="method" name="getElapsedTimeInMillis" visibility="public" complexity="1" crap="1" count="1"/>
        <line num="173" type="stmt" count="1"/>
        <metrics loc="175" ncloc="78" classes="1" methods="9" coveredmethods="9" conditionals="0" coveredconditionals="0" statements="21" coveredstatements="21" elements="30" coveredelements="30"/>
      </file>
      <file name="/var/www/html/src/main/php/PHPMD/RuleClassFileNotFoundException.php">
        <class name="RuleClassFileNotFoundException" namespace="PHPMD">
          <metrics complexity="1" methods="1" coveredmethods="1" conditionals="0" coveredconditionals="0" statements="1" coveredstatements="1" elements="2" coveredelements="2"/>
        </class>
        <line num="31" type="method" name="__construct" visibility="public" complexity="1" crap="1" count="1"/>
        <line num="33" type="stmt" count="1"/>
        <metrics loc="35" ncloc="11" classes="1" methods="1" coveredmethods="1" conditionals="0" coveredconditionals="0" statements="1" coveredstatements="1" elements="2" coveredelements="2"/>
      </file>
      <file name="/var/www/html/src/main/php/PHPMD/RuleClassNotFoundException.php">
        <class name="RuleClassNotFoundException" namespace="PHPMD">
          <metrics complexity="1" methods="1" coveredmethods="1" conditionals="0" coveredconditionals="0" statements="1" coveredstatements="1" elements="2" coveredelements="2"/>
        </class>
        <line num="30" type="method" name="__construct" visibility="public" complexity="1" crap="1" count="1"/>
        <line num="32" type="stmt" count="1"/>
        <metrics loc="34" ncloc="11" classes="1" methods="1" coveredmethods="1" conditionals="0" coveredconditionals="0" statements="1" coveredstatements="1" elements="2" coveredelements="2"/>
      </file>
      <file name="/var/www/html/src/main/php/PHPMD/RuleSet.php">
        <class name="RuleSet" namespace="PHPMD">
          <metrics complexity="25" methods="14" coveredmethods="10" conditionals="0" coveredconditionals="0" statements="31" coveredstatements="27" elements="45" coveredelements="37"/>
        </class>
        <line num="90" type="method" name="getFileName" visibility="public" complexity="1" crap="1" count="4"/>
        <line num="92" type="stmt" count="4"/>
        <line num="101" type="method" name="setFileName" visibility="public" complexity="1" crap="1" count="4"/>
        <line num="103" type="stmt" count="4"/>
        <line num="111" type="method" name="getName" visibility="public" complexity="1" crap="1" count="4"/>
        <line num="113" type="stmt" count="4"/>
        <line num="122" type="method" name="setName" visibility="public" complexity="1" crap="1" count="4"/>
        <line num="124" type="stmt" count="4"/>
        <line num="132" type="method" name="getDescription" visibility="public" complexity="1" crap="2" count="0"/>
        <line num="134" type="stmt" count="0"/>
        <line num="143" type="method" name="setDescription" visibility="public" complexity="1" crap="1" count="4"/>
        <line num="145" type="stmt" count="4"/>
        <line num="154" type="method" name="setStrict" visibility="public" complexity="1" crap="1" count="1"/>
        <line num="156" type="stmt" count="1"/>
        <line num="164" type="method" name="getReport" visibility="public" complexity="1" crap="2" count="0"/>
        <line num="166" type="stmt" count="0"/>
        <line num="175" type="method" name="setReport" visibility="public" complexity="1" crap="1" count="6"/>
        <line num="177" type="stmt" count="6"/>
        <line num="186" type="method" name="getRuleByName" visibility="public" complexity="3" crap="3" count="4"/>
        <line num="188" type="stmt" count="4"/>
        <line num="189" type="stmt" count="3"/>
        <line num="190" type="stmt" count="3"/>
        <line num="193" type="stmt" count="1"/>
        <line num="202" type="method" name="getRules" visibility="public" complexity="4" crap="4" count="4"/>
        <line num="204" type="stmt" count="4"/>
        <line num="205" type="stmt" count="4"/>
        <line num="206" type="stmt" count="4"/>
        <line num="207" type="stmt" count="3"/>
        <line num="208" type="stmt" count="3"/>
        <line num="213" type="stmt" count="4"/>
        <line num="222" type="method" name="addRule" visibility="public" complexity="3" crap="3" count="7"/>
        <line num="224" type="stmt" count="7"/>
        <line num="225" type="stmt" count="7"/>
        <line num="226" type="stmt" count="7"/>
        <line num="237" type="method" name="apply" visibility="public" complexity="5" crap="5.05" count="6"/>
        <line num="240" type="stmt" count="6"/>
        <line num="243" type="stmt" count="6"/>
        <line num="244" type="stmt" count="0"/>
        <line num="248" type="stmt" count="6"/>
        <line num="250" type="stmt" count="6"/>
        <line num="251" type="stmt" count="2"/>
        <line num="253" type="stmt" count="5"/>
        <line num="254" type="stmt" count="5"/>
        <line num="263" type="method" name="getIterator" visibility="public" complexity="1" crap="2" count="0"/>
        <line num="265" type="stmt" count="0"/>
        <metrics loc="267" ncloc="127" classes="1" methods="14" coveredmethods="10" conditionals="0" coveredconditionals="0" statements="31" coveredstatements="27" elements="45" coveredelements="37"/>
      </file>
      <file name="/var/www/html/src/main/php/PHPMD/RuleSetFactory.php">
        <class name="RuleSetFactory" namespace="PHPMD">
          <metrics complexity="82" methods="22" coveredmethods="18" conditionals="0" coveredconditionals="0" statements="165" coveredstatements="158" elements="187" coveredelements="176"/>
        </class>
        <line num="59" type="method" name="__construct" visibility="public" complexity="2" crap="2.15" count="46"/>
        <line num="62" type="stmt" count="46"/>
        <line num="63" type="stmt" count="46"/>
        <line num="65" type="stmt" count="0"/>
        <line num="75" type="method" name="setStrict" visibility="public" complexity="1" crap="1" count="1"/>
        <line num="77" type="stmt" count="1"/>
        <line num="86" type="method" name="setMinimumPriority" visibility="public" complexity="1" crap="1" count="10"/>
        <line num="88" type="stmt" count="10"/>
        <line num="97" type="method" name="setMaximumPriority" visibility="public" complexity="1" crap="1" count="10"/>
        <line num="99" type="stmt" count="10"/>
        <line num="108" type="method" name="createRuleSets" visibility="public" complexity="2" crap="2" count="38"/>
        <line num="110" type="stmt" count="38"/>
        <line num="112" type="stmt" count="38"/>
        <line num="113" type="stmt" count="38"/>
        <line num="114" type="stmt" count="38"/>
        <line num="116" type="stmt" count="34"/>
        <line num="118" type="stmt" count="34"/>
        <line num="127" type="method" name="createSingleRuleSet" visibility="public" complexity="1" crap="1" count="44"/>
        <line num="129" type="stmt" count="44"/>
        <line num="130" type="stmt" count="43"/>
        <line num="138" type="method" name="listAvailableRuleSets" visibility="public" complexity="1" crap="1" count="2"/>
        <line num="140" type="stmt" count="2"/>
        <line num="141" type="stmt" count="2"/>
        <line num="142" type="stmt" count="2"/>
        <line num="154" type="method" name="createRuleSetFileName" visibility="private" complexity="3" crap="3" count="46"/>
        <line num="156" type="stmt" count="46"/>
        <line num="157" type="stmt" count="46"/>
        <line num="158" type="stmt" count="45"/>
        <line num="162" type="stmt" count="2"/>
        <line num="171" type="method" name="listRuleSetsInDirectory" visibility="private" complexity="5" crap="5" count="2"/>
        <line num="173" type="stmt" count="2"/>
        <line num="174" type="stmt" count="2"/>
        <line num="175" type="stmt" count="2"/>
        <line num="176" type="stmt" count="2"/>
        <line num="177" type="stmt" count="2"/>
        <line num="178" type="stmt" count="2"/>
        <line num="182" type="stmt" count="2"/>
        <line num="191" type="method" name="parseRuleSetNode" visibility="private" complexity="9" crap="9.05" count="43"/>
        <line num="194" type="stmt" count="43"/>
        <line num="196" type="stmt" count="43"/>
        <line num="197" type="stmt" count="43"/>
        <line num="199" type="stmt" count="1"/>
        <line num="201" type="stmt" count="1"/>
        <line num="204" type="stmt" count="42"/>
        <line num="205" type="stmt" count="42"/>
        <line num="206" type="stmt" count="42"/>
        <line num="208" type="stmt" count="42"/>
        <line num="209" type="stmt" count="1"/>
        <line num="212" type="stmt" count="42"/>
        <line num="214" type="stmt" count="42"/>
        <line num="215" type="stmt" count="1"/>
        <line num="217" type="stmt" count="1"/>
        <line num="218" type="stmt" count="0"/>
        <line num="219" type="stmt" count="0"/>
        <line num="222" type="stmt" count="1"/>
        <line num="223" type="stmt" count="1"/>
        <line num="227" type="stmt" count="42"/>
        <line num="228" type="stmt" count="42"/>
        <line num="229" type="stmt" count="42"/>
        <line num="230" type="stmt" count="42"/>
        <line num="231" type="stmt" count="42"/>
        <line num="235" type="stmt" count="40"/>
        <line num="247" type="method" name="parseRuleNode" visibility="private" complexity="3" crap="3" count="42"/>
        <line num="249" type="stmt" count="42"/>
        <line num="250" type="stmt" count="6"/>
        <line num="251" type="stmt" count="42"/>
        <line num="252" type="stmt" count="42"/>
        <line num="254" type="stmt" count="8"/>
        <line num="266" type="method" name="parseRuleSetReferenceNode" visibility="private" complexity="3" crap="3" count="6"/>
        <line num="268" type="stmt" count="6"/>
        <line num="269" type="stmt" count="6"/>
        <line num="270" type="stmt" count="6"/>
        <line num="271" type="stmt" count="5"/>
        <line num="283" type="method" name="parseRuleSetReference" visibility="private" complexity="1" crap="1" count="6"/>
        <line num="285" type="stmt" count="6"/>
        <line num="286" type="stmt" count="6"/>
        <line num="287" type="stmt" count="6"/>
        <line num="289" type="stmt" count="6"/>
        <line num="301" type="method" name="isIncluded" visibility="private" complexity="3" crap="3" count="6"/>
        <line num="303" type="stmt" count="6"/>
        <line num="304" type="stmt" count="2"/>
        <line num="305" type="stmt" count="2"/>
        <line num="308" type="stmt" count="5"/>
        <line num="321" type="method" name="parseSingleRuleNode" visibility="private" complexity="17" crap="17" count="42"/>
        <line num="323" type="stmt" count="42"/>
        <line num="325" type="stmt" count="42"/>
        <line num="327" type="stmt" count="42"/>
        <line num="328" type="stmt" count="1"/>
        <line num="329" type="stmt" count="0"/>
        <line num="330" type="stmt" count="1"/>
        <line num="331" type="stmt" count="1"/>
        <line num="335" type="stmt" count="42"/>
        <line num="337" type="stmt" count="42"/>
        <line num="338" type="stmt" count="42"/>
        <line num="341" type="stmt" count="42"/>
        <line num="342" type="stmt" count="42"/>
        <line num="345" type="stmt" count="42"/>
        <line num="346" type="stmt" count="3"/>
        <line num="347" type="stmt" count="3"/>
        <line num="348" type="stmt" count="1"/>
        <line num="350" type="stmt" count="2"/>
        <line num="352" type="stmt" count="2"/>
        <line num="354" type="stmt" count="2"/>
        <line num="355" type="stmt" count="1"/>
        <line num="360" type="stmt" count="40"/>
        <line num="361" type="stmt" count="40"/>
        <line num="362" type="stmt" count="40"/>
        <line num="363" type="stmt" count="40"/>
        <line num="365" type="stmt" count="40"/>
        <line num="367" type="stmt" count="40"/>
        <line num="368" type="stmt" count="40"/>
        <line num="371" type="stmt" count="40"/>
        <line num="373" type="stmt" count="40"/>
        <line num="374" type="stmt" count="40"/>
        <line num="375" type="stmt" count="40"/>
        <line num="376" type="stmt" count="39"/>
        <line num="377" type="stmt" count="40"/>
        <line num="378" type="stmt" count="40"/>
        <line num="379" type="stmt" count="40"/>
        <line num="380" type="stmt" count="40"/>
        <line num="384" type="stmt" count="40"/>
        <line num="385" type="stmt" count="39"/>
        <line num="397" type="method" name="parseRuleReferenceNode" visibility="private" complexity="11" crap="11" count="8"/>
        <line num="399" type="stmt" count="8"/>
        <line num="401" type="stmt" count="8"/>
        <line num="402" type="stmt" count="8"/>
        <line num="404" type="stmt" count="8"/>
        <line num="406" type="stmt" count="8"/>
        <line num="408" type="stmt" count="8"/>
        <line num="409" type="stmt" count="8"/>
        <line num="411" type="stmt" count="8"/>
        <line num="412" type="stmt" count="3"/>
        <line num="414" type="stmt" count="8"/>
        <line num="415" type="stmt" count="3"/>
        <line num="417" type="stmt" count="8"/>
        <line num="418" type="stmt" count="3"/>
        <line num="421" type="stmt" count="8"/>
        <line num="423" type="stmt" count="4"/>
        <line num="424" type="stmt" count="4"/>
        <line num="425" type="stmt" count="4"/>
        <line num="426" type="stmt" count="4"/>
        <line num="427" type="stmt" count="4"/>
        <line num="428" type="stmt" count="4"/>
        <line num="429" type="stmt" count="4"/>
        <line num="430" type="stmt" count="4"/>
        <line num="434" type="stmt" count="8"/>
        <line num="435" type="stmt" count="8"/>
        <line num="457" type="method" name="parsePropertiesNode" visibility="private" complexity="3" crap="3" count="40"/>
        <line num="459" type="stmt" count="40"/>
        <line num="461" type="stmt" count="10"/>
        <line num="462" type="stmt" count="10"/>
        <line num="474" type="method" name="addProperty" visibility="private" complexity="3" crap="3" count="10"/>
        <line num="476" type="stmt" count="10"/>
        <line num="477" type="stmt" count="10"/>
        <line num="478" type="stmt" count="10"/>
        <line num="479" type="stmt" count="10"/>
        <line num="493" type="method" name="getPropertyValue" visibility="private" complexity="2" crap="2" count="10"/>
        <line num="495" type="stmt" count="10"/>
        <line num="496" type="stmt" count="1"/>
        <line num="498" type="stmt" count="9"/>
        <line num="511" type="method" name="getIgnorePattern" visibility="public" complexity="5" crap="5.31" count="6"/>
        <line num="513" type="stmt" count="6"/>
        <line num="514" type="stmt" count="6"/>
        <line num="515" type="stmt" count="6"/>
        <line num="518" type="stmt" count="6"/>
        <line num="520" type="stmt" count="6"/>
        <line num="521" type="stmt" count="6"/>
        <line num="523" type="stmt" count="0"/>
        <line num="525" type="stmt" count="0"/>
        <line num="528" type="stmt" count="6"/>
        <line num="530" type="stmt" count="6"/>
        <line num="531" type="stmt" count="2"/>
        <line num="535" type="stmt" count="6"/>
        <line num="537" type="stmt" count="0"/>
        <line num="547" type="method" name="isReadableFile" visibility="private" complexity="3" crap="3" count="46"/>
        <line num="549" type="stmt" count="46"/>
        <line num="550" type="stmt" count="45"/>
        <line num="552" type="stmt" count="25"/>
        <line num="561" type="method" name="filePaths" visibility="private" complexity="2" crap="2" count="46"/>
        <line num="564" type="stmt" count="46"/>
        <line num="565" type="stmt" count="46"/>
        <line num="566" type="stmt" count="46"/>
        <line num="567" type="stmt" count="46"/>
        <line num="570" type="stmt" count="46"/>
        <line num="571" type="stmt" count="46"/>
        <line num="572" type="stmt" count="46"/>
        <line num="575" type="stmt" count="46"/>
        <metrics loc="577" ncloc="353" classes="1" methods="22" coveredmethods="18" conditionals="0" coveredconditionals="0" statements="165" coveredstatements="158" elements="187" coveredelements="176"/>
      </file>
      <file name="/var/www/html/src/main/php/PHPMD/RuleSetNotFoundException.php">
        <class name="RuleSetNotFoundException" namespace="PHPMD">
          <metrics complexity="1" methods="1" coveredmethods="1" conditionals="0" coveredconditionals="0" statements="1" coveredstatements="1" elements="2" coveredelements="2"/>
        </class>
        <line num="30" type="method" name="__construct" visibility="public" complexity="1" crap="1" count="1"/>
        <line num="32" type="stmt" count="1"/>
        <metrics loc="34" ncloc="11" classes="1" methods="1" coveredmethods="1" conditionals="0" coveredconditionals="0" statements="1" coveredstatements="1" elements="2" coveredelements="2"/>
      </file>
      <file name="/var/www/html/src/main/php/PHPMD/RuleViolation.php">
        <class name="RuleViolation" namespace="PHPMD">
          <metrics complexity="14" methods="11" coveredmethods="4" conditionals="0" coveredconditionals="0" statements="21" coveredstatements="14" elements="32" coveredelements="18"/>
        </class>
        <line num="89" type="method" name="__construct" visibility="public" complexity="4" crap="4" count="31"/>
        <line num="91" type="stmt" count="31"/>
        <line num="92" type="stmt" count="31"/>
        <line num="93" type="stmt" count="31"/>
        <line num="94" type="stmt" count="31"/>
        <line num="96" type="stmt" count="31"/>
        <line num="97" type="stmt" count="4"/>
        <line num="98" type="stmt" count="27"/>
        <line num="99" type="stmt" count="3"/>
        <line num="100" type="stmt" count="3"/>
        <line num="101" type="stmt" count="24"/>
        <line num="102" type="stmt" count="4"/>
        <line num="111" type="method" name="getRule" visibility="public" complexity="1" crap="2" count="0"/>
        <line num="113" type="stmt" count="0"/>
        <line num="121" type="method" name="getDescription" visibility="public" complexity="1" crap="1" count="4"/>
        <line num="123" type="stmt" count="4"/>
        <line num="131" type="method" name="getMetric" visibility="public" complexity="1" crap="2" count="0"/>
        <line num="133" type="stmt" count="0"/>
        <line num="141" type="method" name="getFileName" visibility="public" complexity="1" crap="1" count="4"/>
        <line num="143" type="stmt" count="4"/>
        <line num="151" type="method" name="getBeginLine" visibility="public" complexity="1" crap="1" count="4"/>
        <line num="153" type="stmt" count="4"/>
        <line num="161" type="method" name="getEndLine" visibility="public" complexity="1" crap="2" count="0"/>
        <line num="163" type="stmt" count="0"/>
        <line num="171" type="method" name="getNamespaceName" visibility="public" complexity="1" crap="2" count="0"/>
        <line num="173" type="stmt" count="0"/>
        <line num="182" type="method" name="getClassName" visibility="public" complexity="1" crap="2" count="0"/>
        <line num="184" type="stmt" count="0"/>
        <line num="193" type="method" name="getMethodName" visibility="public" complexity="1" crap="2" count="0"/>
        <line num="195" type="stmt" count="0"/>
        <line num="204" type="method" name="getFunctionName" visibility="public" complexity="1" crap="2" count="0"/>
        <line num="206" type="stmt" count="0"/>
        <metrics loc="208" ncloc="91" classes="1" methods="11" coveredmethods="4" conditionals="0" coveredconditionals="0" statements="21" coveredstatements="14" elements="32" coveredelements="18"/>
      </file>
    </package>
    <package name="PHPMD\Node">
      <file name="/var/www/html/src/main/php/PHPMD/Node/ASTNode.php">
        <class name="ASTNode" namespace="PHPMD\Node">
          <metrics complexity="8" methods="8" coveredmethods="8" conditionals="0" coveredconditionals="0" statements="9" coveredstatements="9" elements="17" coveredelements="17"/>
        </class>
        <line num="40" type="method" name="__construct" visibility="public" complexity="1" crap="1" count="47"/>
        <line num="42" type="stmt" count="47"/>
        <line num="44" type="stmt" count="47"/>
        <line num="55" type="method" name="hasSuppressWarningsAnnotationFor" visibility="public" complexity="1" crap="1" count="1"/>
        <line num="57" type="stmt" count="1"/>
        <line num="66" type="method" name="getName" visibility="public" complexity="1" crap="1" count="4"/>
        <line num="68" type="stmt" count="4"/>
        <line num="76" type="method" name="getImage" visibility="public" complexity="1" crap="1" count="13"/>
        <line num="78" type="stmt" count="13"/>
        <line num="86" type="method" name="getFileName" visibility="public" complexity="1" crap="1" count="26"/>
        <line num="88" type="stmt" count="26"/>
        <line num="97" type="method" name="getParentName" visibility="public" complexity="1" crap="1" count="1"/>
        <line num="99" type="stmt" count="1"/>
        <line num="107" type="method" name="getNamespaceName" visibility="public" complexity="1" crap="1" count="1"/>
        <line num="109" type="stmt" count="1"/>
        <line num="118" type="method" name="getFullQualifiedName" visibility="public" complexity="1" crap="1" count="1"/>
        <line num="120" type="stmt" count="1"/>
        <metrics loc="122" ncloc="52" classes="1" methods="8" coveredmethods="8" conditionals="0" coveredconditionals="0" statements="9" coveredstatements="9" elements="17" coveredelements="17"/>
      </file>
      <file name="/var/www/html/src/main/php/PHPMD/Node/AbstractCallableNode.php">
        <class name="AbstractCallableNode" namespace="PHPMD\Node">
          <metrics complexity="2" methods="2" coveredmethods="2" conditionals="0" coveredconditionals="0" statements="2" coveredstatements="2" elements="4" coveredelements="4"/>
        </class>
        <line num="32" type="method" name="__construct" visibility="public" complexity="1" crap="1" count="65"/>
        <line num="34" type="stmt" count="65"/>
        <line num="42" type="method" name="getParameterCount" visibility="public" complexity="1" crap="1" count="2"/>
        <line num="44" type="stmt" count="2"/>
        <metrics loc="46" ncloc="18" classes="1" methods="2" coveredmethods="2" conditionals="0" coveredconditionals="0" statements="2" coveredstatements="2" elements="4" coveredelements="4"/>
      </file>
      <file name="/var/www/html/src/main/php/PHPMD/Node/AbstractNode.php">
        <class name="AbstractNode" namespace="PHPMD\Node">
          <metrics complexity="2" methods="1" coveredmethods="1" conditionals="0" coveredconditionals="0" statements="3" coveredstatements="3" elements="4" coveredelements="4"/>
        </class>
        <line num="41" type="method" name="hasSuppressWarningsAnnotationFor" visibility="public" complexity="2" crap="2" count="4"/>
        <line num="43" type="stmt" count="4"/>
        <line num="44" type="stmt" count="4"/>
        <line num="46" type="stmt" count="4"/>
        <metrics loc="48" ncloc="18" classes="1" methods="1" coveredmethods="1" conditionals="0" coveredconditionals="0" statements="3" coveredstatements="3" elements="4" coveredelements="4"/>
      </file>
      <file name="/var/www/html/src/main/php/PHPMD/Node/AbstractTypeNode.php">
        <class name="AbstractTypeNode" namespace="PHPMD\Node">
          <metrics complexity="9" methods="7" coveredmethods="7" conditionals="0" coveredconditionals="0" statements="14" coveredstatements="14" elements="21" coveredelements="21"/>
        </class>
        <line num="37" type="method" name="__construct" visibility="public" complexity="1" crap="1" count="16"/>
        <line num="39" type="stmt" count="16"/>
        <line num="41" type="stmt" count="16"/>
        <line num="50" type="method" name="getMethods" visibility="public" complexity="2" crap="2" count="2"/>
        <line num="52" type="stmt" count="2"/>
        <line num="53" type="stmt" count="2"/>
        <line num="54" type="stmt" count="2"/>
        <line num="56" type="stmt" count="2"/>
        <line num="65" type="method" name="getMethodNames" visibility="public" complexity="2" crap="2" count="3"/>
        <line num="67" type="stmt" count="3"/>
        <line num="68" type="stmt" count="3"/>
        <line num="69" type="stmt" count="3"/>
        <line num="71" type="stmt" count="3"/>
        <line num="79" type="method" name="getConstantCount" visibility="public" complexity="1" crap="1" count="5"/>
        <line num="81" type="stmt" count="5"/>
        <line num="89" type="method" name="getNamespaceName" visibility="public" complexity="1" crap="1" count="4"/>
        <line num="91" type="stmt" count="4"/>
        <line num="100" type="method" name="getParentName" visibility="public" complexity="1" crap="1" count="3"/>
        <line num="102" type="stmt" count="3"/>
        <line num="111" type="method" name="getFullQualifiedName" visibility="public" complexity="1" crap="1" count="3"/>
        <line num="113" type="stmt" count="3"/>
        <metrics loc="115" ncloc="55" classes="1" methods="7" coveredmethods="7" conditionals="0" coveredconditionals="0" statements="14" coveredstatements="14" elements="21" coveredelements="21"/>
      </file>
      <file name="/var/www/html/src/main/php/PHPMD/Node/Annotation.php">
        <class name="Annotation" namespace="PHPMD\Node">
          <metrics complexity="6" methods="3" coveredmethods="3" conditionals="0" coveredconditionals="0" statements="10" coveredstatements="10" elements="13" coveredelements="13"/>
        </class>
        <line num="52" type="method" name="__construct" visibility="public" complexity="1" crap="1" count="9"/>
        <line num="54" type="stmt" count="9"/>
        <line num="55" type="stmt" count="9"/>
        <line num="64" type="method" name="suppresses" visibility="public" complexity="2" crap="2" count="9"/>
        <line num="66" type="stmt" count="9"/>
        <line num="67" type="stmt" count="8"/>
        <line num="69" type="stmt" count="1"/>
        <line num="78" type="method" name="isSuppressed" visibility="private" complexity="3" crap="3" count="8"/>
        <line num="80" type="stmt" count="8"/>
        <line num="81" type="stmt" count="3"/>
        <line num="82" type="stmt" count="5"/>
        <line num="83" type="stmt" count="3"/>
        <line num="85" type="stmt" count="3"/>
        <metrics loc="87" ncloc="38" classes="1" methods="3" coveredmethods="3" conditionals="0" coveredconditionals="0" statements="10" coveredstatements="10" elements="13" coveredelements="13"/>
      </file>
      <file name="/var/www/html/src/main/php/PHPMD/Node/Annotations.php">
        <class name="Annotations" namespace="PHPMD\Node">
          <metrics complexity="5" methods="2" coveredmethods="2" conditionals="0" coveredconditionals="0" statements="9" coveredstatements="9" elements="11" coveredelements="11"/>
        </class>
        <line num="46" type="method" name="__construct" visibility="public" complexity="2" crap="2" count="8"/>
        <line num="48" type="stmt" count="8"/>
        <line num="49" type="stmt" count="8"/>
        <line num="50" type="stmt" count="4"/>
        <line num="51" type="stmt" count="4"/>
        <line num="53" type="stmt" count="4"/>
        <line num="63" type="method" name="suppresses" visibility="public" complexity="3" crap="3" count="8"/>
        <line num="65" type="stmt" count="8"/>
        <line num="66" type="stmt" count="4"/>
        <line num="67" type="stmt" count="3"/>
        <line num="70" type="stmt" count="6"/>
        <metrics loc="72" ncloc="33" classes="1" methods="2" coveredmethods="2" conditionals="0" coveredconditionals="0" statements="9" coveredstatements="9" elements="11" coveredelements="11"/>
      </file>
      <file name="/var/www/html/src/main/php/PHPMD/Node/ClassNode.php">
        <class name="ClassNode" namespace="PHPMD\Node">
          <metrics complexity="1" methods="1" coveredmethods="1" conditionals="0" coveredconditionals="0" statements="1" coveredstatements="1" elements="2" coveredelements="2"/>
        </class>
        <line num="37" type="method" name="__construct" visibility="public" complexity="1" crap="1" count="9"/>
        <line num="39" type="stmt" count="9"/>
        <metrics loc="41" ncloc="15" classes="1" methods="1" coveredmethods="1" conditionals="0" coveredconditionals="0" statements="1" coveredstatements="1" elements="2" coveredelements="2"/>
      </file>
      <file name="/var/www/html/src/main/php/PHPMD/Node/FunctionNode.php">
        <class name="FunctionNode" namespace="PHPMD\Node">
          <metrics complexity="4" methods="4" coveredmethods="2" conditionals="0" coveredconditionals="0" statements="4" coveredstatements="2" elements="8" coveredelements="4"/>
        </class>
        <line num="32" type="method" name="__construct" visibility="public" complexity="1" crap="1" count="21"/>
        <line num="34" type="stmt" count="21"/>
        <line num="42" type="method" name="getNamespaceName" visibility="public" complexity="1" crap="1" count="1"/>
        <line num="44" type="stmt" count="1"/>
        <line num="53" type="method" name="getParentName" visibility="public" complexity="1" crap="2" count="0"/>
        <line num="55" type="stmt" count="0"/>
        <line num="64" type="method" name="getFullQualifiedName" visibility="public" complexity="1" crap="2" count="0"/>
        <line num="66" type="stmt" count="0"/>
        <metrics loc="68" ncloc="28" classes="1" methods="4" coveredmethods="2" conditionals="0" coveredconditionals="0" statements="4" coveredstatements="2" elements="8" coveredelements="4"/>
      </file>
      <file name="/var/www/html/src/main/php/PHPMD/Node/InterfaceNode.php">
        <class name="InterfaceNode" namespace="PHPMD\Node">
          <metrics complexity="1" methods="1" coveredmethods="1" conditionals="0" coveredconditionals="0" statements="1" coveredstatements="1" elements="2" coveredelements="2"/>
        </class>
        <line num="32" type="method" name="__construct" visibility="public" complexity="1" crap="1" count="4"/>
        <line num="34" type="stmt" count="4"/>
        <metrics loc="36" ncloc="13" classes="1" methods="1" coveredmethods="1" conditionals="0" coveredconditionals="0" statements="1" coveredstatements="1" elements="2" coveredelements="2"/>
      </file>
      <file name="/var/www/html/src/main/php/PHPMD/Node/MethodNode.php">
        <class name="MethodNode" namespace="PHPMD\Node">
          <metrics complexity="16" methods="8" coveredmethods="7" conditionals="0" coveredconditionals="0" statements="31" coveredstatements="30" elements="39" coveredelements="37"/>
        </class>
        <line num="35" type="method" name="__construct" visibility="public" complexity="1" crap="1" count="44"/>
        <line num="37" type="stmt" count="44"/>
        <line num="45" type="method" name="getNamespaceName" visibility="public" complexity="1" crap="1" count="3"/>
        <line num="47" type="stmt" count="3"/>
        <line num="56" type="method" name="getParentName" visibility="public" complexity="1" crap="1" count="2"/>
        <line num="58" type="stmt" count="2"/>
        <line num="67" type="method" name="getFullQualifiedName" visibility="public" complexity="1" crap="1" count="1"/>
        <line num="69" type="stmt" count="1"/>
        <line num="70" type="stmt" count="1"/>
        <line num="71" type="stmt" count="1"/>
        <line num="72" type="stmt" count="1"/>
        <line num="73" type="stmt" count="1"/>
        <line num="83" type="method" name="isAbstract" visibility="public" complexity="1" crap="2" count="0"/>
        <line num="85" type="stmt" count="0"/>
        <line num="95" type="method" name="hasSuppressWarningsAnnotationFor" visibility="public" complexity="2" crap="2" count="7"/>
        <line num="97" type="stmt" count="7"/>
        <line num="98" type="stmt" count="2"/>
        <line num="100" type="stmt" count="5"/>
        <line num="108" type="method" name="getParentType" visibility="public" complexity="3" crap="3" count="8"/>
        <line num="110" type="stmt" count="8"/>
        <line num="112" type="stmt" count="8"/>
        <line num="113" type="stmt" count="1"/>
        <line num="116" type="stmt" count="7"/>
        <line num="117" type="stmt" count="5"/>
        <line num="120" type="stmt" count="2"/>
        <line num="130" type="method" name="isDeclaration" visibility="public" complexity="6" crap="6" count="6"/>
        <line num="132" type="stmt" count="6"/>
        <line num="133" type="stmt" count="1"/>
        <line num="136" type="stmt" count="5"/>
        <line num="138" type="stmt" count="5"/>
        <line num="139" type="stmt" count="5"/>
        <line num="140" type="stmt" count="1"/>
        <line num="141" type="stmt" count="1"/>
        <line num="142" type="stmt" count="1"/>
        <line num="146" type="stmt" count="4"/>
        <line num="147" type="stmt" count="3"/>
        <line num="148" type="stmt" count="3"/>
        <line num="149" type="stmt" count="2"/>
        <line num="153" type="stmt" count="2"/>
        <metrics loc="155" ncloc="90" classes="1" methods="8" coveredmethods="7" conditionals="0" coveredconditionals="0" statements="31" coveredstatements="30" elements="39" coveredelements="37"/>
      </file>
      <file name="/var/www/html/src/main/php/PHPMD/Node/TraitNode.php">
        <class name="TraitNode" namespace="PHPMD\Node">
          <metrics complexity="1" methods="1" coveredmethods="1" conditionals="0" coveredconditionals="0" statements="1" coveredstatements="1" elements="2" coveredelements="2"/>
        </class>
        <line num="32" type="method" name="__construct" visibility="public" complexity="1" crap="1" count="3"/>
        <line num="34" type="stmt" count="3"/>
        <metrics loc="36" ncloc="13" classes="1" methods="1" coveredmethods="1" conditionals="0" coveredconditionals="0" statements="1" coveredstatements="1" elements="2" coveredelements="2"/>
      </file>
    </package>
    <package name="PHPMD\Renderer">
      <file name="/var/www/html/src/main/php/PHPMD/Renderer/HTMLRenderer.php">
        <class name="HTMLRenderer" namespace="PHPMD\Renderer">
          <metrics complexity="11" methods="4" coveredmethods="3" conditionals="0" coveredconditionals="0" statements="64" coveredstatements="63" elements="68" coveredelements="66"/>
        </class>
        <line num="35" type="method" name="start" visibility="public" complexity="1" crap="1" count="2"/>
        <line num="37" type="stmt" count="2"/>
        <line num="39" type="stmt" count="2"/>
        <line num="40" type="stmt" count="2"/>
        <line num="41" type="stmt" count="2"/>
        <line num="42" type="stmt" count="2"/>
        <line num="43" type="stmt" count="2"/>
        <line num="44" type="stmt" count="2"/>
        <line num="45" type="stmt" count="2"/>
        <line num="46" type="stmt" count="2"/>
        <line num="47" type="stmt" count="2"/>
        <line num="48" type="stmt" count="2"/>
        <line num="58" type="method" name="renderReport" visibility="public" complexity="5" crap="5" count="2"/>
        <line num="60" type="stmt" count="2"/>
        <line num="62" type="stmt" count="2"/>
        <line num="63" type="stmt" count="2"/>
        <line num="64" type="stmt" count="1"/>
        <line num="65" type="stmt" count="1"/>
        <line num="66" type="stmt" count="1"/>
        <line num="68" type="stmt" count="1"/>
        <line num="69" type="stmt" count="1"/>
        <line num="71" type="stmt" count="1"/>
        <line num="72" type="stmt" count="1"/>
        <line num="73" type="stmt" count="1"/>
        <line num="74" type="stmt" count="1"/>
        <line num="76" type="stmt" count="1"/>
        <line num="77" type="stmt" count="1"/>
        <line num="78" type="stmt" count="1"/>
        <line num="79" type="stmt" count="1"/>
        <line num="81" type="stmt" count="1"/>
        <line num="82" type="stmt" count="1"/>
        <line num="83" type="stmt" count="1"/>
        <line num="84" type="stmt" count="1"/>
        <line num="86" type="stmt" count="1"/>
        <line num="87" type="stmt" count="1"/>
        <line num="88" type="stmt" count="1"/>
        <line num="89" type="stmt" count="1"/>
        <line num="90" type="stmt" count="1"/>
        <line num="93" type="stmt" count="1"/>
        <line num="94" type="stmt" count="1"/>
        <line num="95" type="stmt" count="1"/>
        <line num="98" type="stmt" count="1"/>
        <line num="99" type="stmt" count="1"/>
        <line num="101" type="stmt" count="1"/>
        <line num="102" type="stmt" count="1"/>
        <line num="105" type="stmt" count="2"/>
        <line num="107" type="stmt" count="2"/>
        <line num="116" type="method" name="end" visibility="public" complexity="1" crap="1" count="2"/>
        <line num="118" type="stmt" count="2"/>
        <line num="119" type="stmt" count="2"/>
        <line num="129" type="method" name="glomProcessingErrors" visibility="private" complexity="4" crap="4.00" count="2"/>
        <line num="131" type="stmt" count="2"/>
        <line num="132" type="stmt" count="0"/>
        <line num="135" type="stmt" count="2"/>
        <line num="137" type="stmt" count="2"/>
        <line num="138" type="stmt" count="2"/>
        <line num="139" type="stmt" count="2"/>
        <line num="140" type="stmt" count="2"/>
        <line num="142" type="stmt" count="2"/>
        <line num="143" type="stmt" count="2"/>
        <line num="144" type="stmt" count="1"/>
        <line num="145" type="stmt" count="1"/>
        <line num="146" type="stmt" count="1"/>
        <line num="148" type="stmt" count="1"/>
        <line num="149" type="stmt" count="1"/>
        <line num="150" type="stmt" count="1"/>
        <line num="151" type="stmt" count="1"/>
        <line num="154" type="stmt" count="2"/>
        <metrics loc="156" ncloc="111" classes="1" methods="4" coveredmethods="3" conditionals="0" coveredconditionals="0" statements="64" coveredstatements="63" elements="68" coveredelements="66"/>
      </file>
      <file name="/var/www/html/src/main/php/PHPMD/Renderer/JSONRenderer.php">
        <class name="JSONRenderer" namespace="PHPMD\Renderer">
          <metrics complexity="8" methods="5" coveredmethods="5" conditionals="0" coveredconditionals="0" statements="38" coveredstatements="38" elements="43" coveredelements="43"/>
        </class>
        <line num="33" type="method" name="renderReport" visibility="public" complexity="1" crap="1" count="2"/>
        <line num="35" type="stmt" count="2"/>
        <line num="36" type="stmt" count="2"/>
        <line num="37" type="stmt" count="2"/>
        <line num="38" type="stmt" count="2"/>
        <line num="40" type="stmt" count="2"/>
        <line num="41" type="stmt" count="2"/>
        <line num="48" type="method" name="initReportData" visibility="private" complexity="1" crap="1" count="2"/>
        <line num="51" type="stmt" count="2"/>
        <line num="52" type="stmt" count="2"/>
        <line num="53" type="stmt" count="2"/>
        <line num="56" type="stmt" count="2"/>
        <line num="66" type="method" name="addViolationsToReport" visibility="private" complexity="2" crap="2" count="2"/>
        <line num="68" type="stmt" count="2"/>
        <line num="70" type="stmt" count="2"/>
        <line num="71" type="stmt" count="1"/>
        <line num="72" type="stmt" count="1"/>
        <line num="73" type="stmt" count="1"/>
        <line num="74" type="stmt" count="1"/>
        <line num="75" type="stmt" count="1"/>
        <line num="76" type="stmt" count="1"/>
        <line num="77" type="stmt" count="1"/>
        <line num="78" type="stmt" count="1"/>
        <line num="79" type="stmt" count="1"/>
        <line num="80" type="stmt" count="1"/>
        <line num="81" type="stmt" count="1"/>
        <line num="82" type="stmt" count="1"/>
        <line num="83" type="stmt" count="1"/>
        <line num="84" type="stmt" count="1"/>
        <line num="85" type="stmt" count="1"/>
        <line num="88" type="stmt" count="2"/>
        <line num="90" type="stmt" count="2"/>
        <line num="100" type="method" name="addErrorsToReport" visibility="private" complexity="3" crap="3" count="2"/>
        <line num="102" type="stmt" count="2"/>
        <line num="103" type="stmt" count="2"/>
        <line num="104" type="stmt" count="2"/>
        <line num="105" type="stmt" count="1"/>
        <line num="106" type="stmt" count="1"/>
        <line num="107" type="stmt" count="1"/>
        <line num="112" type="stmt" count="2"/>
        <line num="122" type="method" name="encodeReport" visibility="private" complexity="1" crap="1" count="2"/>
        <line num="124" type="stmt" count="2"/>
        <line num="126" type="stmt" count="2"/>
        <metrics loc="128" ncloc="80" classes="1" methods="5" coveredmethods="5" conditionals="0" coveredconditionals="0" statements="38" coveredstatements="38" elements="43" coveredelements="43"/>
      </file>
      <file name="/var/www/html/src/main/php/PHPMD/Renderer/TextRenderer.php">
        <class name="TextRenderer" namespace="PHPMD\Renderer">
          <metrics complexity="3" methods="1" coveredmethods="1" conditionals="0" coveredconditionals="0" statements="13" coveredstatements="13" elements="14" coveredelements="14"/>
        </class>
        <line num="37" type="method" name="renderReport" visibility="public" complexity="3" crap="3" count="4"/>
        <line num="39" type="stmt" count="4"/>
        <line num="41" type="stmt" count="4"/>
        <line num="42" type="stmt" count="3"/>
        <line num="43" type="stmt" count="3"/>
        <line num="44" type="stmt" count="3"/>
        <line num="45" type="stmt" count="3"/>
        <line num="46" type="stmt" count="3"/>
        <line num="47" type="stmt" count="3"/>
        <line num="50" type="stmt" count="4"/>
        <line num="51" type="stmt" count="1"/>
        <line num="52" type="stmt" count="1"/>
        <line num="53" type="stmt" count="1"/>
        <line num="54" type="stmt" count="1"/>
        <metrics loc="57" ncloc="31" classes="1" methods="1" coveredmethods="1" conditionals="0" coveredconditionals="0" statements="13" coveredstatements="13" elements="14" coveredelements="14"/>
      </file>
      <file name="/var/www/html/src/main/php/PHPMD/Renderer/XMLRenderer.php">
        <class name="XMLRenderer" namespace="PHPMD\Renderer">
          <metrics complexity="10" methods="3" coveredmethods="3" conditionals="0" coveredconditionals="0" statements="40" coveredstatements="40" elements="43" coveredelements="43"/>
        </class>
        <line num="43" type="method" name="start" visibility="public" complexity="1" crap="1" count="2"/>
        <line num="45" type="stmt" count="2"/>
        <line num="46" type="stmt" count="2"/>
        <line num="56" type="method" name="renderReport" visibility="public" complexity="6" crap="6" count="2"/>
        <line num="58" type="stmt" count="2"/>
        <line num="59" type="stmt" count="2"/>
        <line num="60" type="stmt" count="2"/>
        <line num="61" type="stmt" count="2"/>
        <line num="63" type="stmt" count="2"/>
        <line num="64" type="stmt" count="1"/>
        <line num="66" type="stmt" count="1"/>
        <line num="68" type="stmt" count="1"/>
        <line num="69" type="stmt" count="1"/>
        <line num="72" type="stmt" count="1"/>
        <line num="74" type="stmt" count="1"/>
        <line num="77" type="stmt" count="1"/>
        <line num="79" type="stmt" count="1"/>
        <line num="80" type="stmt" count="1"/>
        <line num="81" type="stmt" count="1"/>
        <line num="82" type="stmt" count="1"/>
        <line num="83" type="stmt" count="1"/>
        <line num="85" type="stmt" count="1"/>
        <line num="86" type="stmt" count="1"/>
        <line num="87" type="stmt" count="1"/>
        <line num="88" type="stmt" count="1"/>
        <line num="89" type="stmt" count="1"/>
        <line num="92" type="stmt" count="1"/>
        <line num="93" type="stmt" count="1"/>
        <line num="94" type="stmt" count="1"/>
        <line num="95" type="stmt" count="1"/>
        <line num="99" type="stmt" count="2"/>
        <line num="100" type="stmt" count="1"/>
        <line num="103" type="stmt" count="2"/>
        <line num="104" type="stmt" count="1"/>
        <line num="105" type="stmt" count="1"/>
        <line num="106" type="stmt" count="1"/>
        <line num="107" type="stmt" count="1"/>
        <line num="108" type="stmt" count="1"/>
        <line num="111" type="stmt" count="2"/>
        <line num="122" type="method" name="maybeAdd" visibility="private" complexity="3" crap="3" count="1"/>
        <line num="124" type="stmt" count="1"/>
        <line num="125" type="stmt" count="1"/>
        <line num="127" type="stmt" count="1"/>
        <metrics loc="129" ncloc="76" classes="1" methods="3" coveredmethods="3" conditionals="0" coveredconditionals="0" statements="40" coveredstatements="40" elements="43" coveredelements="43"/>
      </file>
    </package>
    <file name="/var/www/html/src/main/php/PHPMD/Rule.php">
      <metrics loc="211" ncloc="56" classes="0" methods="0" coveredmethods="0" conditionals="0" coveredconditionals="0" statements="0" coveredstatements="0" elements="0" coveredelements="0"/>
    </file>
    <package name="PHPMD\Rule">
      <file name="/var/www/html/src/main/php/PHPMD/Rule/AbstractLocalVariable.php">
        <class name="AbstractLocalVariable" namespace="PHPMD\Rule">
          <metrics complexity="15" methods="7" coveredmethods="7" conditionals="0" coveredconditionals="0" statements="24" coveredstatements="24" elements="31" coveredelements="31"/>
        </class>
        <line num="62" type="method" name="isLocal" visibility="protected" complexity="3" crap="3" count="41"/>
        <line num="64" type="stmt" count="41"/>
        <line num="65" type="stmt" count="41"/>
        <line num="66" type="stmt" count="41"/>
        <line num="77" type="method" name="isNotSuperGlobal" visibility="protected" complexity="1" crap="1" count="40"/>
        <line num="79" type="stmt" count="40"/>
        <line num="89" type="method" name="isRegularVariable" visibility="protected" complexity="4" crap="4" count="41"/>
        <line num="91" type="stmt" count="41"/>
        <line num="92" type="stmt" count="41"/>
        <line num="94" type="stmt" count="41"/>
        <line num="95" type="stmt" count="17"/>
        <line num="96" type="stmt" count="17"/>
        <line num="97" type="stmt" count="1"/>
        <line num="99" type="stmt" count="16"/>
        <line num="100" type="stmt" count="16"/>
        <line num="103" type="stmt" count="37"/>
        <line num="113" type="method" name="stripWrappedIndexExpression" visibility="protected" complexity="3" crap="3" count="41"/>
        <line num="115" type="stmt" count="41"/>
        <line num="116" type="stmt" count="41"/>
        <line num="119" type="stmt" count="14"/>
        <line num="120" type="stmt" count="14"/>
        <line num="121" type="stmt" count="14"/>
        <line num="123" type="stmt" count="10"/>
        <line num="132" type="method" name="isWrappedByIndexExpression" visibility="protected" complexity="2" crap="2" count="41"/>
        <line num="134" type="stmt" count="41"/>
        <line num="135" type="stmt" count="41"/>
        <line num="147" type="method" name="isFunctionNameEqual" visibility="protected" complexity="1" crap="1" count="8"/>
        <line num="149" type="stmt" count="8"/>
        <line num="160" type="method" name="isFunctionNameEndingWith" visibility="protected" complexity="1" crap="1" count="12"/>
        <line num="162" type="stmt" count="12"/>
        <line num="164" type="stmt" count="12"/>
        <metrics loc="166" ncloc="89" classes="1" methods="7" coveredmethods="7" conditionals="0" coveredconditionals="0" statements="24" coveredstatements="24" elements="31" coveredelements="31"/>
      </file>
      <file name="/var/www/html/src/main/php/PHPMD/Rule/CyclomaticComplexity.php">
        <class name="CyclomaticComplexity" namespace="PHPMD\Rule">
          <metrics complexity="2" methods="1" coveredmethods="1" conditionals="0" coveredconditionals="0" statements="10" coveredstatements="10" elements="11" coveredelements="11"/>
        </class>
        <line num="36" type="method" name="apply" visibility="public" complexity="2" crap="2" count="5"/>
        <line num="38" type="stmt" count="5"/>
        <line num="39" type="stmt" count="5"/>
        <line num="40" type="stmt" count="5"/>
        <line num="41" type="stmt" count="3"/>
        <line num="44" type="stmt" count="2"/>
        <line num="45" type="stmt" count="2"/>
        <line num="47" type="stmt" count="2"/>
        <line num="48" type="stmt" count="2"/>
        <line num="49" type="stmt" count="2"/>
        <line num="50" type="stmt" count="2"/>
        <metrics loc="54" ncloc="28" classes="1" methods="1" coveredmethods="1" conditionals="0" coveredconditionals="0" statements="10" coveredstatements="10" elements="11" coveredelements="11"/>
      </file>
      <file name="/var/www/html/src/main/php/PHPMD/Rule/ExcessivePublicCount.php">
        <class name="ExcessivePublicCount" namespace="PHPMD\Rule">
          <metrics complexity="2" methods="1" coveredmethods="1" conditionals="0" coveredconditionals="0" statements="10" coveredstatements="10" elements="11" coveredelements="11"/>
        </class>
        <line num="36" type="method" name="apply" visibility="public" complexity="2" crap="2" count="4"/>
        <line num="38" type="stmt" count="4"/>
        <line num="39" type="stmt" count="4"/>
        <line num="40" type="stmt" count="4"/>
        <line num="41" type="stmt" count="1"/>
        <line num="43" type="stmt" count="3"/>
        <line num="44" type="stmt" count="3"/>
        <line num="46" type="stmt" count="3"/>
        <line num="47" type="stmt" count="3"/>
        <line num="48" type="stmt" count="3"/>
        <line num="49" type="stmt" count="3"/>
        <metrics loc="53" ncloc="27" classes="1" methods="1" coveredmethods="1" conditionals="0" coveredconditionals="0" statements="10" coveredstatements="10" elements="11" coveredelements="11"/>
      </file>
      <file name="/var/www/html/src/main/php/PHPMD/Rule/UnusedFormalParameter.php">
        <class name="UnusedFormalParameter" namespace="PHPMD\Rule">
          <metrics complexity="29" methods="10" coveredmethods="10" conditionals="0" coveredconditionals="0" statements="51" coveredstatements="51" elements="61" coveredelements="61"/>
        </class>
        <line num="44" type="method" name="apply" visibility="public" complexity="6" crap="6" count="31"/>
        <line num="46" type="stmt" count="31"/>
        <line num="47" type="stmt" count="2"/>
        <line num="51" type="stmt" count="29"/>
        <line num="52" type="stmt" count="1"/>
        <line num="55" type="stmt" count="28"/>
        <line num="56" type="stmt" count="2"/>
        <line num="59" type="stmt" count="26"/>
        <line num="60" type="stmt" count="3"/>
        <line num="63" type="stmt" count="23"/>
        <line num="65" type="stmt" count="23"/>
        <line num="66" type="stmt" count="23"/>
        <line num="68" type="stmt" count="23"/>
        <line num="69" type="stmt" count="7"/>
        <line num="79" type="method" name="isAbstractMethod" visibility="private" complexity="2" crap="2" count="31"/>
        <line num="81" type="stmt" count="31"/>
        <line num="82" type="stmt" count="28"/>
        <line num="84" type="stmt" count="3"/>
        <line num="94" type="method" name="isInheritedSignature" visibility="private" complexity="2" crap="2" count="28"/>
        <line num="96" type="stmt" count="28"/>
        <line num="97" type="stmt" count="25"/>
        <line num="99" type="stmt" count="3"/>
        <line num="107" type="method" name="isMagicMethod" visibility="private" complexity="2" crap="2" count="29"/>
        <line num="109" type="stmt" count="29"/>
        <line num="119" type="stmt" count="29"/>
        <line num="120" type="stmt" count="26"/>
        <line num="122" type="stmt" count="3"/>
        <line num="133" type="method" name="isNotDeclaration" visibility="private" complexity="2" crap="2" count="26"/>
        <line num="135" type="stmt" count="26"/>
        <line num="136" type="stmt" count="23"/>
        <line num="138" type="stmt" count="3"/>
        <line num="148" type="method" name="collectParameters" visibility="private" complexity="2" crap="2" count="23"/>
        <line num="151" type="stmt" count="23"/>
        <line num="154" type="stmt" count="23"/>
        <line num="156" type="stmt" count="23"/>
        <line num="157" type="stmt" count="23"/>
        <line num="169" type="method" name="removeUsedParameters" visibility="private" complexity="1" crap="1" count="23"/>
        <line num="171" type="stmt" count="23"/>
        <line num="172" type="stmt" count="23"/>
        <line num="173" type="stmt" count="23"/>
        <line num="182" type="method" name="removeRegularVariables" visibility="private" complexity="3" crap="3" count="23"/>
        <line num="184" type="stmt" count="23"/>
        <line num="185" type="stmt" count="23"/>
        <line num="187" type="stmt" count="13"/>
        <line num="188" type="stmt" count="12"/>
        <line num="211" type="method" name="removeCompoundVariables" visibility="private" complexity="4" crap="4" count="23"/>
        <line num="213" type="stmt" count="23"/>
        <line num="214" type="stmt" count="23"/>
        <line num="215" type="stmt" count="5"/>
        <line num="217" type="stmt" count="5"/>
        <line num="218" type="stmt" count="5"/>
        <line num="220" type="stmt" count="5"/>
        <line num="221" type="stmt" count="2"/>
        <line num="235" type="method" name="removeVariablesUsedByFuncGetArgs" visibility="private" complexity="5" crap="5" count="23"/>
        <line num="237" type="stmt" count="23"/>
        <line num="238" type="stmt" count="23"/>
        <line num="239" type="stmt" count="8"/>
        <line num="240" type="stmt" count="2"/>
        <line num="243" type="stmt" count="8"/>
        <line num="244" type="stmt" count="6"/>
        <line num="245" type="stmt" count="6"/>
        <metrics loc="250" ncloc="139" classes="1" methods="10" coveredmethods="10" conditionals="0" coveredconditionals="0" statements="51" coveredstatements="51" elements="61" coveredelements="61"/>
      </file>
      <file name="/var/www/html/src/main/php/PHPMD/Rule/UnusedLocalVariable.php">
        <class name="UnusedLocalVariable" namespace="PHPMD\Rule">
          <metrics complexity="31" methods="12" coveredmethods="11" conditionals="0" coveredconditionals="0" statements="57" coveredstatements="56" elements="69" coveredelements="67"/>
        </class>
        <line num="44" type="method" name="apply" visibility="public" complexity="3" crap="3" count="42"/>
        <line num="46" type="stmt" count="42"/>
        <line num="49" type="stmt" count="42"/>
        <line num="50" type="stmt" count="42"/>
        <line num="52" type="stmt" count="42"/>
        <line num="53" type="stmt" count="25"/>
        <line num="54" type="stmt" count="13"/>
        <line num="67" type="method" name="removeParameters" visibility="private" complexity="2" crap="2" count="42"/>
        <line num="70" type="stmt" count="42"/>
        <line num="73" type="stmt" count="42"/>
        <line num="75" type="stmt" count="42"/>
        <line num="76" type="stmt" count="1"/>
        <line num="89" type="method" name="collectVariables" visibility="private" complexity="8" crap="8" count="42"/>
        <line num="91" type="stmt" count="42"/>
        <line num="93" type="stmt" count="41"/>
        <line num="94" type="stmt" count="25"/>
        <line num="98" type="stmt" count="42"/>
        <line num="99" type="stmt" count="2"/>
        <line num="102" type="stmt" count="42"/>
        <line num="103" type="stmt" count="3"/>
[...]
        <line num="45" type="stmt" count="4"/>
        <line num="47" type="stmt" count="4"/>
        <line num="48" type="stmt" count="2"/>
        <line num="51" type="stmt" count="2"/>
        <line num="52" type="stmt" count="2"/>
        <line num="54" type="stmt" count="2"/>
        <line num="55" type="stmt" count="2"/>
        <line num="56" type="stmt" count="2"/>
        <line num="66" type="method" name="getExceptionsList" visibility="private" complexity="2" crap="2" count="4"/>
        <line num="69" type="stmt" count="4"/>
        <line num="70" type="stmt" count="1"/>
        <line num="71" type="stmt" count="1"/>
        <line num="74" type="stmt" count="4"/>
        <metrics loc="76" ncloc="45" classes="1" methods="2" coveredmethods="2" conditionals="0" coveredconditionals="0" statements="15" coveredstatements="15" elements="17" coveredelements="17"/>
      </file>
      <file name="/var/www/html/src/main/php/PHPMD/Rule/Naming/ShortVariable.php">
        <class name="ShortVariable" namespace="PHPMD\Rule\Naming">
          <metrics complexity="24" methods="9" coveredmethods="8" conditionals="0" coveredconditionals="0" statements="43" coveredstatements="41" elements="52" coveredelements="49"/>
        </class>
        <line num="48" type="method" name="apply" visibility="public" complexity="6" crap="6" count="21"/>
        <line num="50" type="stmt" count="21"/>
        <line num="52" type="stmt" count="21"/>
        <line num="53" type="stmt" count="11"/>
        <line num="54" type="stmt" count="11"/>
        <line num="55" type="stmt" count="5"/>
        <line num="56" type="stmt" count="5"/>
        <line num="57" type="stmt" count="5"/>
        <line num="61" type="stmt" count="14"/>
        <line num="62" type="stmt" count="14"/>
        <line num="63" type="stmt" count="4"/>
        <line num="66" type="stmt" count="14"/>
        <line num="67" type="stmt" count="14"/>
        <line num="68" type="stmt" count="10"/>
        <line num="72" type="stmt" count="21"/>
        <line num="82" type="method" name="checkNodeImage" visibility="protected" complexity="2" crap="2" count="18"/>
        <line num="84" type="stmt" count="18"/>
        <line num="85" type="stmt" count="18"/>
        <line num="86" type="stmt" count="18"/>
        <line num="96" type="method" name="checkMinimumLength" visibility="protected" complexity="4" crap="4" count="18"/>
        <line num="98" type="stmt" count="18"/>
        <line num="100" type="stmt" count="18"/>
        <line num="101" type="stmt" count="6"/>
        <line num="104" type="stmt" count="13"/>
        <line num="105" type="stmt" count="4"/>
        <line num="108" type="stmt" count="9"/>
        <line num="110" type="stmt" count="9"/>
        <line num="111" type="stmt" count="1"/>
        <line num="114" type="stmt" count="8"/>
        <line num="122" type="method" name="getExceptionsList" visibility="private" complexity="2" crap="2.50" count="9"/>
        <line num="125" type="stmt" count="9"/>
        <line num="126" type="stmt" count="0"/>
        <line num="127" type="stmt" count="0"/>
        <line num="130" type="stmt" count="9"/>
        <line num="141" type="method" name="isNameAllowedInContext" visibility="private" complexity="4" crap="4" count="13"/>
        <line num="143" type="stmt" count="13"/>
        <line num="144" type="stmt" count="13"/>
        <line num="145" type="stmt" count="13"/>
        <line num="146" type="stmt" count="13"/>
        <line num="157" type="method" name="isChildOf" visibility="private" complexity="3" crap="3" count="13"/>
        <line num="159" type="stmt" count="13"/>
        <line num="160" type="stmt" count="13"/>
        <line num="161" type="stmt" count="13"/>
        <line num="162" type="stmt" count="4"/>
        <line num="164" type="stmt" count="12"/>
        <line num="166" type="stmt" count="12"/>
        <line num="174" type="method" name="resetProcessed" visibility="protected" complexity="1" crap="1" count="21"/>
        <line num="176" type="stmt" count="21"/>
        <line num="185" type="method" name="addProcessed" visibility="protected" complexity="1" crap="1" count="18"/>
        <line num="187" type="stmt" count="18"/>
        <line num="196" type="method" name="isNotProcessed" visibility="protected" complexity="1" crap="1" count="18"/>
        <line num="198" type="stmt" count="18"/>
        <metrics loc="200" ncloc="116" classes="1" methods="9" coveredmethods="8" conditionals="0" coveredconditionals="0" statements="43" coveredstatements="41" elements="52" coveredelements="49"/>
      </file>
    </package>
    <package name="PHPMD\TextUI">
      <file name="/var/www/html/src/main/php/PHPMD/TextUI/Command.php">
        <class name="Command" namespace="PHPMD\TextUI">
          <metrics complexity="13" methods="3" coveredmethods="3" conditionals="0" coveredconditionals="0" statements="47" coveredstatements="47" elements="50" coveredelements="50"/>
        </class>
        <line num="52" type="method" name="run" visibility="public" complexity="9" crap="9" count="12"/>
        <line num="54" type="stmt" count="12"/>
        <line num="55" type="stmt" count="1"/>
        <line num="56" type="stmt" count="1"/>
        <line num="60" type="stmt" count="11"/>
        <line num="63" type="stmt" count="11"/>
        <line num="64" type="stmt" count="10"/>
        <line num="66" type="stmt" count="10"/>
        <line num="68" type="stmt" count="10"/>
        <line num="69" type="stmt" count="1"/>
        <line num="70" type="stmt" count="1"/>
        <line num="72" type="stmt" count="1"/>
        <line num="76" type="stmt" count="10"/>
        <line num="77" type="stmt" count="10"/>
        <line num="78" type="stmt" count="10"/>
        <line num="79" type="stmt" count="1"/>
        <line num="82" type="stmt" count="10"/>
        <line num="83" type="stmt" count="10"/>
        <line num="84" type="stmt" count="10"/>
        <line num="86" type="stmt" count="10"/>
        <line num="91" type="stmt" count="10"/>
        <line num="92" type="stmt" count="10"/>
        <line num="93" type="stmt" count="1"/>
        <line num="96" type="stmt" count="10"/>
        <line num="97" type="stmt" count="10"/>
        <line num="98" type="stmt" count="1"/>
        <line num="101" type="stmt" count="10"/>
        <line num="102" type="stmt" count="10"/>
        <line num="103" type="stmt" count="10"/>
        <line num="104" type="stmt" count="10"/>
        <line num="105" type="stmt" count="10"/>
        <line num="108" type="stmt" count="10"/>
        <line num="109" type="stmt" count="4"/>
        <line num="111" type="stmt" count="6"/>
        <line num="119" type="method" name="getVersion" visibility="private" complexity="2" crap="2" count="1"/>
        <line num="121" type="stmt" count="1"/>
        <line num="123" type="stmt" count="1"/>
        <line num="124" type="stmt" count="1"/>
        <line num="125" type="stmt" count="1"/>
        <line num="126" type="stmt" count="1"/>
        <line num="128" type="stmt" count="1"/>
        <line num="138" type="method" name="main" visibility="public" complexity="2" crap="2" count="12"/>
        <line num="141" type="stmt" count="12"/>
        <line num="142" type="stmt" count="12"/>
        <line num="143" type="stmt" count="12"/>
        <line num="145" type="stmt" count="12"/>
        <line num="146" type="stmt" count="1"/>
        <line num="147" type="stmt" count="1"/>
        <line num="148" type="stmt" count="1"/>
        <line num="150" type="stmt" count="12"/>
        <metrics loc="152" ncloc="97" classes="1" methods="3" coveredmethods="3" conditionals="0" coveredconditionals="0" statements="47" coveredstatements="47" elements="50" coveredelements="50"/>
      </file>
      <file name="/var/www/html/src/main/php/PHPMD/TextUI/CommandLineOptions.php">
        <class name="CommandLineOptions" namespace="PHPMD\TextUI">
          <metrics complexity="61" methods="24" coveredmethods="20" conditionals="0" coveredconditionals="0" statements="145" coveredstatements="109" elements="169" coveredelements="129"/>
        </class>
        <line num="143" type="method" name="__construct" visibility="public" complexity="26" crap="83.35" count="38"/>
        <line num="146" type="stmt" count="38"/>
        <line num="148" type="stmt" count="38"/>
        <line num="150" type="stmt" count="38"/>
        <line num="151" type="stmt" count="38"/>
        <line num="152" type="stmt" count="38"/>
        <line num="153" type="stmt" count="0"/>
        <line num="154" type="stmt" count="0"/>
        <line num="155" type="stmt" count="0"/>
        <line num="156" type="stmt" count="1"/>
        <line num="157" type="stmt" count="1"/>
        <line num="158" type="stmt" count="0"/>
        <line num="159" type="stmt" count="0"/>
        <line num="160" type="stmt" count="0"/>
        <line num="161" type="stmt" count="1"/>
        <line num="162" type="stmt" count="1"/>
        <line num="163" type="stmt" count="0"/>
        <line num="164" type="stmt" count="0"/>
        <line num="165" type="stmt" count="2"/>
        <line num="166" type="stmt" count="2"/>
        <line num="167" type="stmt" count="0"/>
        <line num="168" type="stmt" count="0"/>
        <line num="169" type="stmt" count="4"/>
        <line num="170" type="stmt" count="3"/>
        <line num="171" type="stmt" count="0"/>
        <line num="172" type="stmt" count="1"/>
        <line num="173" type="stmt" count="1"/>
        <line num="174" type="stmt" count="0"/>
        <line num="175" type="stmt" count="1"/>
        <line num="177" type="stmt" count="1"/>
        <line num="178" type="stmt" count="1"/>
        <line num="179" type="stmt" count="0"/>
        <line num="180" type="stmt" count="0"/>
        <line num="181" type="stmt" count="0"/>
        <line num="182" type="stmt" count="0"/>
        <line num="183" type="stmt" count="1"/>
        <line num="185" type="stmt" count="1"/>
        <line num="186" type="stmt" count="1"/>
        <line num="187" type="stmt" count="0"/>
        <line num="188" type="stmt" count="0"/>
        <line num="189" type="stmt" count="0"/>
        <line num="190" type="stmt" count="0"/>
        <line num="191" type="stmt" count="1"/>
        <line num="193" type="stmt" count="1"/>
        <line num="194" type="stmt" count="0"/>
        <line num="195" type="stmt" count="1"/>
        <line num="196" type="stmt" count="1"/>
        <line num="197" type="stmt" count="0"/>
        <line num="198" type="stmt" count="0"/>
        <line num="199" type="stmt" count="0"/>
        <line num="200" type="stmt" count="0"/>
        <line num="201" type="stmt" count="1"/>
        <line num="202" type="stmt" count="1"/>
        <line num="203" type="stmt" count="0"/>
        <line num="204" type="stmt" count="0"/>
        <line num="205" type="stmt" count="0"/>
        <line num="206" type="stmt" count="0"/>
        <line num="207" type="stmt" count="4"/>
        <line num="208" type="stmt" count="4"/>
        <line num="209" type="stmt" count="4"/>
        <line num="211" type="stmt" count="37"/>
        <line num="212" type="stmt" count="37"/>
        <line num="216" type="stmt" count="36"/>
        <line num="217" type="stmt" count="1"/>
        <line num="220" type="stmt" count="35"/>
        <line num="221" type="stmt" count="35"/>
        <line num="222" type="stmt" count="35"/>
        <line num="230" type="method" name="getInputPath" visibility="public" complexity="1" crap="1" count="4"/>
        <line num="232" type="stmt" count="4"/>
        <line num="240" type="method" name="getReportFormat" visibility="public" complexity="1" crap="1" count="2"/>
        <line num="242" type="stmt" count="2"/>
        <line num="251" type="method" name="getReportFile" visibility="public" complexity="1" crap="1" count="2"/>
        <line num="253" type="stmt" count="2"/>
        <line num="262" type="method" name="getReportFiles" visibility="public" complexity="1" crap="1" count="6"/>
        <line num="264" type="stmt" count="6"/>
        <line num="272" type="method" name="getRuleSets" visibility="public" complexity="1" crap="1" count="4"/>
        <line num="274" type="stmt" count="4"/>
        <line num="282" type="method" name="getMinimumPriority" visibility="public" complexity="1" crap="1" count="4"/>
        <line num="284" type="stmt" count="4"/>
        <line num="292" type="method" name="getMaximumPriority" visibility="public" complexity="1" crap="1" count="3"/>
        <line num="294" type="stmt" count="3"/>
        <line num="303" type="method" name="getCoverageReport" visibility="public" complexity="1" crap="1" count="4"/>
        <line num="305" type="stmt" count="4"/>
        <line num="314" type="method" name="getExtensions" visibility="public" complexity="1" crap="1" count="2"/>
        <line num="316" type="stmt" count="2"/>
        <line num="325" type="method" name="getIgnore" visibility="public" complexity="1" crap="1" count="2"/>
        <line num="327" type="stmt" count="2"/>
        <line num="335" type="method" name="hasVersion" visibility="public" complexity="1" crap="1" count="4"/>
        <line num="337" type="stmt" count="4"/>
        <line num="346" type="method" name="hasStrict" visibility="public" complexity="1" crap="1" count="4"/>
        <line num="348" type="stmt" count="4"/>
        <line num="356" type="method" name="ignoreViolationsOnExit" visibility="public" complexity="1" crap="1" count="4"/>
        <line num="358" type="stmt" count="4"/>
        <line num="377" type="method" name="createRenderer" visibility="public" complexity="6" crap="9.38" count="10"/>
        <line num="379" type="stmt" count="10"/>
        <line num="381" type="stmt" count="10"/>
        <line num="382" type="stmt" count="0"/>
        <line num="383" type="stmt" count="1"/>
        <line num="384" type="stmt" count="0"/>
        <line num="385" type="stmt" count="1"/>
        <line num="386" type="stmt" count="0"/>
        <line num="387" type="stmt" count="3"/>
        <line num="388" type="stmt" count="0"/>
        <line num="389" type="stmt" count="0"/>
        <line num="391" type="stmt" count="5"/>
        <line num="398" type="method" name="createXmlRenderer" visibility="protected" complexity="1" crap="1" count="1"/>
        <line num="400" type="stmt" count="1"/>
        <line num="406" type="method" name="createTextRenderer" visibility="protected" complexity="1" crap="1" count="3"/>
        <line num="408" type="stmt" count="3"/>
        <line num="414" type="method" name="createHtmlRenderer" visibility="protected" complexity="1" crap="1" count="1"/>
        <line num="416" type="stmt" count="1"/>
        <line num="422" type="method" name="createJsonRenderer" visibility="protected" complexity="1" crap="2" count="0"/>
        <line num="424" type="stmt" count="0"/>
        <line num="431" type="method" name="createCustomRenderer" visibility="protected" complexity="4" crap="4" count="5"/>
        <line num="433" type="stmt" count="5"/>
        <line num="434" type="stmt" count="1"/>
        <line num="435" type="stmt" count="1"/>
        <line num="436" type="stmt" count="1"/>
        <line num="440" type="stmt" count="4"/>
        <line num="441" type="stmt" count="1"/>
        <line num="445" type="stmt" count="3"/>
        <line num="447" type="stmt" count="3"/>
        <line num="448" type="stmt" count="3"/>
        <line num="449" type="stmt" count="1"/>
        <line num="450" type="stmt" count="1"/>
        <line num="451" type="stmt" count="1"/>
        <line num="452" type="stmt" count="1"/>
        <line num="454" type="stmt" count="1"/>
        <line num="457" type="stmt" count="2"/>
        <line num="459" type="stmt" count="2"/>
        <line num="461" type="stmt" count="2"/>
        <line num="469" type="method" name="usage" visibility="public" complexity="1" crap="1" count="1"/>
        <line num="471" type="stmt" count="1"/>
        <line num="480" type="stmt" count="1"/>
        <line num="481" type="stmt" count="1"/>
        <line num="482" type="stmt" count="1"/>
        <line num="483" type="stmt" count="1"/>
        <line num="484" type="stmt" count="1"/>
        <line num="485" type="stmt" count="1"/>
        <line num="486" type="stmt" count="1"/>
        <line num="487" type="stmt" count="1"/>
        <line num="488" type="stmt" count="1"/>
        <line num="489" type="stmt" count="1"/>
        <line num="490" type="stmt" count="1"/>
        <line num="491" type="stmt" count="1"/>
        <line num="492" type="stmt" count="1"/>
        <line num="493" type="stmt" count="1"/>
        <line num="494" type="stmt" count="1"/>
        <line num="495" type="stmt" count="1"/>
        <line num="503" type="method" name="getListOfAvailableRenderers" visibility="protected" complexity="4" crap="4.02" count="1"/>
        <line num="505" type="stmt" count="1"/>
        <line num="506" type="stmt" count="1"/>
        <line num="508" type="stmt" count="1"/>
        <line num="509" type="stmt" count="1"/>
        <line num="510" type="stmt" count="1"/>
        <line num="514" type="stmt" count="1"/>
        <line num="516" type="stmt" count="1"/>
        <line num="517" type="stmt" count="1"/>
        <line num="520" type="stmt" count="0"/>
        <line num="530" type="method" name="logDeprecated" visibility="protected" complexity="1" crap="1" count="2"/>
        <line num="532" type="stmt" count="2"/>
        <line num="533" type="stmt" count="2"/>
        <line num="534" type="stmt" count="2"/>
        <line num="535" type="stmt" count="2"/>
        <line num="538" type="stmt" count="2"/>
        <line num="552" type="method" name="readInputFile" visibility="protected" complexity="2" crap="2" count="4"/>
        <line num="554" type="stmt" count="4"/>
        <line num="555" type="stmt" count="3"/>
        <line num="557" type="stmt" count="1"/>
        <metrics loc="559" ncloc="322" classes="1" methods="24" coveredmethods="20" conditionals="0" coveredconditionals="0" statements="145" coveredstatements="109" elements="169" coveredelements="129"/>
      </file>
    </package>
    <package name="PHPMD\Writer">
      <file name="/var/www/html/src/main/php/PHPMD/Writer/StreamWriter.php">
        <class name="StreamWriter" namespace="PHPMD\Writer">
          <metrics complexity="8" methods="3" coveredmethods="2" conditionals="0" coveredconditionals="0" statements="13" coveredstatements="9" elements="16" coveredelements="11"/>
        </class>
        <line num="39" type="method" name="__construct" visibility="public" complexity="4" crap="5.40" count="2"/>
        <line num="41" type="stmt" count="2"/>
        <line num="42" type="stmt" count="0"/>
        <line num="44" type="stmt" count="2"/>
        <line num="45" type="stmt" count="2"/>
        <line num="46" type="stmt" count="0"/>
        <line num="48" type="stmt" count="2"/>
        <line num="49" type="stmt" count="0"/>
        <line num="50" type="stmt" count="0"/>
        <line num="53" type="stmt" count="2"/>
        <line num="60" type="method" name="__destruct" visibility="public" complexity="3" crap="3" count="2"/>
        <line num="62" type="stmt" count="2"/>
        <line num="63" type="stmt" count="2"/>
        <line num="65" type="stmt" count="2"/>
        <line num="74" type="method" name="write" visibility="public" complexity="1" crap="1" count="2"/>
        <line num="76" type="stmt" count="2"/>
        <metrics loc="78" ncloc="41" classes="1" methods="3" coveredmethods="2" conditionals="0" coveredconditionals="0" statements="13" coveredstatements="9" elements="16" coveredelements="11"/>
      </file>
    </package>
    <metrics files="79" loc="8976" ncloc="4606" classes="73" methods="338" coveredmethods="280" conditionals="0" coveredconditionals="0" statements="1531" coveredstatements="1379" elements="1869" coveredelements="1659"/>
  </project>
</coverage>
