<?xml version="1.0" encoding="UTF-8"?>
<coverage generated="1629064049">
  <project timestamp="1629064049">
    <package name="PHPMD">
      <file name="/var/www/html/src/main/php/PHPMD/AbstractNode.php">
        <class name="AbstractNode" namespace="PHPMD">
          <metrics complexity="32" methods="18" coveredmethods="13" conditionals="0" coveredconditionals="0" statements="49" coveredstatements="43" elements="67" coveredelements="56"/>
        </class>
        <line num="48" type="method" name="__construct" visibility="public" complexity="1" crap="1" count="95"/>
        <line num="50" type="stmt" count="95"/>
        <line num="63" type="method" name="__call" visibility="public" complexity="2" crap="2.26" count="45"/>
        <line num="65" type="stmt" count="45"/>
        <line num="66" type="stmt" count="45"/>
        <line num="67" type="stmt" count="0"/>
        <line num="68" type="stmt" count="0"/>
        <line num="72" type="stmt" count="45"/>
        <line num="81" type="method" name="getParent" visibility="public" complexity="2" crap="2.06" count="29"/>
        <line num="83" type="stmt" count="29"/>
        <line num="84" type="stmt" count="29"/>
        <line num="85" type="stmt" count="0"/>
        <line num="88" type="stmt" count="29"/>
        <line num="97" type="method" name="getChild" visibility="public" complexity="1" crap="1" count="23"/>
        <line num="99" type="stmt" count="23"/>
        <line num="100" type="stmt" count="23"/>
        <line num="101" type="stmt" count="23"/>
        <line num="112" type="method" name="getFirstChildOfType" visibility="public" complexity="2" crap="2.06" count="37"/>
        <line num="114" type="stmt" count="37"/>
        <line num="116" type="stmt" count="37"/>
        <line num="117" type="stmt" count="0"/>
        <line num="120" type="stmt" count="37"/>
        <line num="130" type="method" name="findChildrenOfType" visibility="public" complexity="2" crap="2" count="78"/>
        <line num="132" type="stmt" count="78"/>
        <line num="134" type="stmt" count="78"/>
        <line num="136" type="stmt" count="78"/>
        <line num="137" type="stmt" count="72"/>
        <line num="140" type="stmt" count="78"/>
        <line num="150" type="method" name="findChildrenWithParentType" visibility="public" complexity="3" crap="3" count="21"/>
        <line num="152" type="stmt" count="21"/>
        <line num="154" type="stmt" count="21"/>
        <line num="156" type="stmt" count="21"/>
        <line num="157" type="stmt" count="8"/>
        <line num="158" type="stmt" count="8"/>
        <line num="162" type="stmt" count="21"/>
        <line num="171" type="method" name="findChildrenOfTypeVariable" visibility="public" complexity="1" crap="1" count="23"/>
        <line num="173" type="stmt" count="23"/>
        <line num="182" type="method" name="isInstanceOf" visibility="public" complexity="1" crap="1" count="2"/>
        <line num="184" type="stmt" count="2"/>
        <line num="186" type="stmt" count="2"/>
        <line num="194" type="method" name="getImage" visibility="public" complexity="1" crap="1" count="4"/>
        <line num="196" type="stmt" count="4"/>
        <line num="205" type="method" name="getName" visibility="public" complexity="1" crap="1" count="28"/>
        <line num="207" type="stmt" count="28"/>
        <line num="215" type="method" name="getBeginLine" visibility="public" complexity="1" crap="1" count="16"/>
        <line num="217" type="stmt" count="16"/>
        <line num="225" type="method" name="getEndLine" visibility="public" complexity="1" crap="2" count="0"/>
        <line num="227" type="stmt" count="0"/>
        <line num="235" type="method" name="getFileName" visibility="public" complexity="3" crap="3" count="75"/>
        <line num="237" type="stmt" count="75"/>
        <line num="238" type="stmt" count="75"/>
        <line num="239" type="stmt" count="75"/>
        <line num="241" type="stmt" count="75"/>
        <line num="242" type="stmt" count="75"/>
        <line num="243" type="stmt" count="75"/>
        <line num="251" type="method" name="getNode" visibility="public" complexity="1" crap="1" count="72"/>
        <line num="253" type="stmt" count="72"/>
        <line num="261" type="method" name="getType" visibility="public" complexity="1" crap="1" count="3"/>
        <line num="263" type="stmt" count="3"/>
        <line num="265" type="stmt" count="3"/>
        <line num="275" type="method" name="getMetric" visibility="public" complexity="2" crap="2.15" count="3"/>
        <line num="277" type="stmt" count="3"/>
        <line num="278" type="stmt" count="3"/>
        <line num="281" type="stmt" count="0"/>
        <line num="290" type="method" name="setMetrics" visibility="public" complexity="2" crap="2" count="6"/>
        <line num="292" type="stmt" count="6"/>
        <line num="293" type="stmt" count="6"/>
        <metrics loc="328" ncloc="166" classes="1" methods="18" coveredmethods="13" conditionals="0" coveredconditionals="0" statements="49" coveredstatements="43" elements="67" coveredelements="56"/>
      </file>
      <file name="/var/www/html/src/main/php/PHPMD/AbstractRenderer.php">
        <class name="AbstractRenderer" namespace="PHPMD">
          <metrics complexity="5" methods="2" coveredmethods="2" conditionals="0" coveredconditionals="0" statements="2" coveredstatements="2" elements="4" coveredelements="4"/>
        </class>
        <line num="37" type="method" name="getWriter" visibility="public" complexity="1" crap="1" count="4"/>
        <line num="39" type="stmt" count="4"/>
        <line num="48" type="method" name="setWriter" visibility="public" complexity="1" crap="1" count="4"/>
        <line num="50" type="stmt" count="4"/>
        <metrics loc="83" ncloc="26" classes="1" methods="2" coveredmethods="2" conditionals="0" coveredconditionals="0" statements="2" coveredstatements="2" elements="4" coveredelements="4"/>
      </file>
      <file name="/var/www/html/src/main/php/PHPMD/AbstractRule.php">
        <class name="AbstractRule" namespace="PHPMD">
          <metrics complexity="30" methods="25" coveredmethods="18" conditionals="0" coveredconditionals="0" statements="35" coveredstatements="28" elements="60" coveredelements="46"/>
        </class>
        <line num="104" type="method" name="getName" visibility="public" complexity="1" crap="1" count="3"/>
        <line num="106" type="stmt" count="3"/>
        <line num="115" type="method" name="setName" visibility="public" complexity="1" crap="1" count="6"/>
        <line num="117" type="stmt" count="6"/>
        <line num="125" type="method" name="getSince" visibility="public" complexity="1" crap="2" count="0"/>
        <line num="127" type="stmt" count="0"/>
        <line num="136" type="method" name="setSince" visibility="public" complexity="1" crap="1" count="6"/>
        <line num="138" type="stmt" count="6"/>
        <line num="146" type="method" name="getMessage" visibility="public" complexity="1" crap="2" count="0"/>
        <line num="148" type="stmt" count="0"/>
        <line num="157" type="method" name="setMessage" visibility="public" complexity="1" crap="1" count="6"/>
        <line num="159" type="stmt" count="6"/>
        <line num="167" type="method" name="getExternalInfoUrl" visibility="public" complexity="1" crap="2" count="0"/>
        <line num="169" type="stmt" count="0"/>
        <line num="178" type="method" name="setExternalInfoUrl" visibility="public" complexity="1" crap="1" count="6"/>
        <line num="180" type="stmt" count="6"/>
        <line num="188" type="method" name="getDescription" visibility="public" complexity="1" crap="2" count="0"/>
        <line num="190" type="stmt" count="0"/>
        <line num="199" type="method" name="setDescription" visibility="public" complexity="1" crap="1" count="6"/>
        <line num="201" type="stmt" count="6"/>
        <line num="209" type="method" name="getExamples" visibility="public" complexity="1" crap="2" count="0"/>
        <line num="211" type="stmt" count="0"/>
        <line num="220" type="method" name="addExample" visibility="public" complexity="1" crap="1" count="6"/>
        <line num="222" type="stmt" count="6"/>
        <line num="230" type="method" name="getPriority" visibility="public" complexity="1" crap="1" count="6"/>
        <line num="232" type="stmt" count="6"/>
        <line num="241" type="method" name="setPriority" visibility="public" complexity="1" crap="1" count="6"/>
        <line num="243" type="stmt" count="6"/>
        <line num="251" type="method" name="getRuleSetName" visibility="public" complexity="1" crap="2" count="0"/>
        <line num="253" type="stmt" count="0"/>
        <line num="262" type="method" name="setRuleSetName" visibility="public" complexity="1" crap="1" count="6"/>
        <line num="264" type="stmt" count="6"/>
        <line num="272" type="method" name="getReport" visibility="public" complexity="1" crap="2" count="0"/>
        <line num="274" type="stmt" count="0"/>
        <line num="283" type="method" name="setReport" visibility="public" complexity="1" crap="1" count="95"/>
        <line num="285" type="stmt" count="95"/>
        <line num="295" type="method" name="addProperty" visibility="public" complexity="1" crap="1" count="29"/>
        <line num="297" type="stmt" count="29"/>
        <line num="312" type="method" name="getProperty" visibility="protected" complexity="3" crap="3" count="46"/>
        <line num="314" type="stmt" count="46"/>
        <line num="315" type="stmt" count="33"/>
        <line num="318" type="stmt" count="20"/>
        <line num="319" type="stmt" count="11"/>
        <line num="322" type="stmt" count="9"/>
        <line num="337" type="method" name="getBooleanProperty" visibility="public" complexity="1" crap="1" count="18"/>
        <line num="339" type="stmt" count="18"/>
        <line num="354" type="method" name="getIntProperty" visibility="public" complexity="1" crap="1" count="19"/>
        <line num="356" type="stmt" count="19"/>
        <line num="371" type="method" name="getStringProperty" visibility="public" complexity="1" crap="1" count="26"/>
        <line num="373" type="stmt" count="26"/>
        <line num="385" type="method" name="addViolation" visibility="protected" complexity="1" crap="1" count="47"/>
        <line num="391" type="stmt" count="47"/>
        <line num="392" type="stmt" count="47"/>
        <line num="395" type="stmt" count="47"/>
        <line num="396" type="stmt" count="47"/>
        <line num="404" type="method" name="applyOnClassMethods" visibility="protected" complexity="3" crap="3" count="3"/>
        <line num="406" type="stmt" count="3"/>
        <line num="407" type="stmt" count="3"/>
        <line num="408" type="stmt" count="2"/>
        <line num="411" type="stmt" count="1"/>
        <metrics loc="423" ncloc="178" classes="1" methods="25" coveredmethods="18" conditionals="0" coveredconditionals="0" statements="35" coveredstatements="28" elements="60" coveredelements="46"/>
      </file>
      <file name="/var/www/html/src/main/php/PHPMD/AbstractWriter.php">
        <class name="AbstractWriter" namespace="PHPMD">
          <metrics complexity="1" methods="0" coveredmethods="0" conditionals="0" coveredconditionals="0" statements="0" coveredstatements="0" elements="0" coveredelements="0"/>
        </class>
        <metrics loc="32" ncloc="8" classes="0" methods="0" coveredmethods="0" conditionals="0" coveredconditionals="0" statements="0" coveredstatements="0" elements="0" coveredelements="0"/>
      </file>
      <file name="/var/www/html/src/main/php/PHPMD/PHPMD.php">
        <class name="PHPMD" namespace="PHPMD">
          <metrics complexity="16" methods="12" coveredmethods="9" conditionals="0" coveredconditionals="0" statements="31" coveredstatements="28" elements="43" coveredelements="37"/>
        </class>
        <line num="84" type="method" name="hasErrors" visibility="public" complexity="1" crap="1" count="9"/>
        <line num="86" type="stmt" count="9"/>
        <line num="96" type="method" name="hasViolations" visibility="public" complexity="1" crap="1" count="10"/>
        <line num="98" type="stmt" count="10"/>
        <line num="106" type="method" name="getInput" visibility="public" complexity="1" crap="1" count="14"/>
        <line num="108" type="stmt" count="14"/>
        <line num="117" type="method" name="getFileExtensions" visibility="public" complexity="1" crap="1" count="14"/>
        <line num="119" type="stmt" count="14"/>
        <line num="128" type="method" name="setFileExtensions" visibility="public" complexity="1" crap="2" count="0"/>
        <line num="130" type="stmt" count="0"/>
        <line num="140" type="method" name="getIgnorePattern" visibility="public" complexity="1" crap="2" count="0"/>
        <line num="142" type="stmt" count="0"/>
        <line num="151" type="method" name="getIgnorePatterns" visibility="public" complexity="1" crap="1" count="14"/>
        <line num="153" type="stmt" count="14"/>
        <line num="164" type="method" name="setIgnorePattern" visibility="public" complexity="1" crap="2" count="0"/>
        <line num="166" type="stmt" count="0"/>
        <line num="177" type="method" name="addIgnorePatterns" visibility="public" complexity="1" crap="1" count="14"/>
        <line num="179" type="stmt" count="14"/>
        <line num="180" type="stmt" count="14"/>
        <line num="181" type="stmt" count="14"/>
        <line num="184" type="stmt" count="14"/>
        <line num="192" type="method" name="getOptions" visibility="public" complexity="1" crap="1" count="14"/>
        <line num="194" type="stmt" count="14"/>
        <line num="203" type="method" name="setOptions" visibility="public" complexity="1" crap="1" count="4"/>
        <line num="205" type="stmt" count="4"/>
        <line num="220" type="method" name="processFiles" visibility="public" complexity="5" crap="5" count="14"/>
        <line num="228" type="stmt" count="14"/>
        <line num="230" type="stmt" count="14"/>
        <line num="232" type="stmt" count="14"/>
        <line num="233" type="stmt" count="14"/>
        <line num="235" type="stmt" count="14"/>
        <line num="236" type="stmt" count="14"/>
        <line num="239" type="stmt" count="14"/>
        <line num="240" type="stmt" count="14"/>
        <line num="241" type="stmt" count="14"/>
        <line num="243" type="stmt" count="14"/>
        <line num="244" type="stmt" count="13"/>
        <line num="247" type="stmt" count="14"/>
        <line num="248" type="stmt" count="13"/>
        <line num="251" type="stmt" count="14"/>
        <line num="252" type="stmt" count="13"/>
        <line num="255" type="stmt" count="14"/>
        <line num="256" type="stmt" count="14"/>
        <metrics loc="258" ncloc="117" classes="1" methods="12" coveredmethods="9" conditionals="0" coveredconditionals="0" statements="31" coveredstatements="28" elements="43" coveredelements="37"/>
      </file>
      <file name="/var/www/html/src/main/php/PHPMD/Parser.php">
        <class name="Parser" namespace="PHPMD">
          <metrics complexity="22" methods="14" coveredmethods="13" conditionals="0" coveredconditionals="0" statements="37" coveredstatements="33" elements="51" coveredelements="46"/>
        </class>
        <line num="79" type="method" name="__construct" visibility="public" complexity="1" crap="1" count="13"/>
        <line num="81" type="stmt" count="13"/>
        <line num="90" type="method" name="parse" visibility="public" complexity="2" crap="2" count="7"/>
        <line num="92" type="stmt" count="7"/>
        <line num="94" type="stmt" count="7"/>
        <line num="95" type="stmt" count="7"/>
        <line num="97" type="stmt" count="7"/>
        <line num="98" type="stmt" count="1"/>
        <line num="108" type="method" name="addRuleSet" visibility="public" complexity="1" crap="1" count="12"/>
        <line num="110" type="stmt" count="12"/>
        <line num="119" type="method" name="setReport" visibility="public" complexity="1" crap="1" count="13"/>
        <line num="121" type="stmt" count="13"/>
        <line num="131" type="method" name="log" visibility="public" complexity="1" crap="1" count="6"/>
        <line num="133" type="stmt" count="6"/>
        <line num="142" type="method" name="close" visibility="public" complexity="2" crap="2" count="6"/>
        <line num="145" type="stmt" count="6"/>
        <line num="147" type="stmt" count="6"/>
        <line num="148" type="stmt" count="6"/>
        <line num="158" type="method" name="getAcceptedAnalyzers" visibility="public" complexity="1" crap="1" count="6"/>
        <line num="161" type="stmt" count="6"/>
        <line num="181" type="method" name="visitClass" visibility="public" complexity="2" crap="2" count="7"/>
        <line num="183" type="stmt" count="7"/>
        <line num="184" type="stmt" count="1"/>
        <line num="187" type="stmt" count="6"/>
        <line num="188" type="stmt" count="6"/>
        <line num="197" type="method" name="visitFunction" visibility="public" complexity="2" crap="2" count="3"/>
        <line num="199" type="stmt" count="3"/>
        <line num="200" type="stmt" count="1"/>
        <line num="203" type="stmt" count="2"/>
        <line num="212" type="method" name="visitInterface" visibility="public" complexity="2" crap="6" count="0"/>
        <line num="214" type="stmt" count="0"/>
        <line num="215" type="stmt" count="0"/>
        <line num="218" type="stmt" count="0"/>
        <line num="219" type="stmt" count="0"/>
        <line num="228" type="method" name="visitMethod" visibility="public" complexity="2" crap="2" count="7"/>
        <line num="230" type="stmt" count="7"/>
        <line num="231" type="stmt" count="1"/>
        <line num="234" type="stmt" count="6"/>
        <line num="243" type="method" name="setArtifacts" visibility="public" complexity="1" crap="1" count="6"/>
        <line num="245" type="stmt" count="6"/>
        <line num="254" type="method" name="apply" visibility="private" complexity="2" crap="2" count="9"/>
        <line num="256" type="stmt" count="9"/>
        <line num="257" type="stmt" count="9"/>
        <line num="258" type="stmt" count="9"/>
        <line num="259" type="stmt" count="9"/>
        <line num="270" type="method" name="collectMetrics" visibility="private" complexity="2" crap="2" count="9"/>
        <line num="272" type="stmt" count="9"/>
        <line num="274" type="stmt" count="9"/>
        <line num="275" type="stmt" count="9"/>
        <line num="276" type="stmt" count="6"/>
        <line num="278" type="stmt" count="9"/>
        <metrics loc="280" ncloc="150" classes="1" methods="14" coveredmethods="13" conditionals="0" coveredconditionals="0" statements="37" coveredstatements="33" elements="51" coveredelements="46"/>
      </file>
      <file name="/var/www/html/src/main/php/PHPMD/ParserFactory.php">
        <class name="ParserFactory" namespace="PHPMD">
          <metrics complexity="15" methods="7" coveredmethods="5" conditionals="0" coveredconditionals="0" statements="32" coveredstatements="29" elements="39" coveredelements="34"/>
        </class>
        <line num="51" type="method" name="create" visibility="public" complexity="1" crap="1" count="12"/>
        <line num="53" type="stmt" count="12"/>
        <line num="54" type="stmt" count="12"/>
        <line num="56" type="stmt" count="12"/>
        <line num="64" type="method" name="createInstance" visibility="private" complexity="3" crap="3.03" count="12"/>
        <line num="66" type="stmt" count="12"/>
        <line num="68" type="stmt" count="12"/>
        <line num="69" type="stmt" count="12"/>
        <line num="70" type="stmt" count="0"/>
        <line num="71" type="stmt" count="12"/>
        <line num="72" type="stmt" count="10"/>
        <line num="75" type="stmt" count="12"/>
        <line num="85" type="method" name="init" visibility="private" complexity="1" crap="1" count="12"/>
        <line num="87" type="stmt" count="12"/>
        <line num="88" type="stmt" count="12"/>
        <line num="89" type="stmt" count="12"/>
        <line num="90" type="stmt" count="12"/>
        <line num="92" type="stmt" count="12"/>
        <line num="102" type="method" name="initInput" visibility="private" complexity="3" crap="3" count="12"/>
        <line num="104" type="stmt" count="12"/>
        <line num="105" type="stmt" count="12"/>
        <line num="106" type="stmt" count="12"/>
        <line num="107" type="stmt" count="3"/>
        <line num="108" type="stmt" count="3"/>
        <line num="110" type="stmt" count="10"/>
        <line num="121" type="method" name="initIgnores" visibility="private" complexity="2" crap="2" count="12"/>
        <line num="123" type="stmt" count="12"/>
        <line num="124" type="stmt" count="12"/>
        <line num="125" type="stmt" count="12"/>
        <line num="137" type="method" name="initExtensions" visibility="private" complexity="2" crap="2" count="12"/>
        <line num="139" type="stmt" count="12"/>
        <line num="140" type="stmt" count="12"/>
        <line num="141" type="stmt" count="12"/>
        <line num="153" type="method" name="initOptions" visibility="private" complexity="3" crap="3.58" count="12"/>
        <line num="155" type="stmt" count="12"/>
        <line num="156" type="stmt" count="12"/>
        <line num="157" type="stmt" count="0"/>
        <line num="158" type="stmt" count="0"/>
        <line num="161" type="stmt" count="12"/>
        <metrics loc="163" ncloc="92" classes="1" methods="7" coveredmethods="5" conditionals="0" coveredconditionals="0" statements="32" coveredstatements="29" elements="39" coveredelements="34"/>
      </file>
      <file name="/var/www/html/src/main/php/PHPMD/ProcessingError.php">
        <class name="ProcessingError" namespace="PHPMD">
          <metrics complexity="5" methods="4" coveredmethods="4" conditionals="0" coveredconditionals="0" statements="9" coveredstatements="9" elements="13" coveredelements="13"/>
        </class>
        <line num="46" type="method" name="__construct" visibility="public" complexity="1" crap="1" count="5"/>
        <line num="48" type="stmt" count="5"/>
        <line num="49" type="stmt" count="5"/>
        <line num="57" type="method" name="getFile" visibility="public" complexity="1" crap="1" count="4"/>
        <line num="59" type="stmt" count="4"/>
        <line num="67" type="method" name="getMessage" visibility="public" complexity="1" crap="1" count="1"/>
        <line num="69" type="stmt" count="1"/>
        <line num="80" type="method" name="extractFile" visibility="private" complexity="2" crap="2" count="5"/>
        <line num="82" type="stmt" count="5"/>
        <line num="84" type="stmt" count="5"/>
        <line num="85" type="stmt" count="5"/>
        <line num="86" type="stmt" count="4"/>
        <line num="89" type="stmt" count="1"/>
        <metrics loc="91" ncloc="38" classes="1" methods="4" coveredmethods="4" conditionals="0" coveredconditionals="0" statements="9" coveredstatements="9" elements="13" coveredelements="13"/>
      </file>
      <file name="/var/www/html/src/main/php/PHPMD/Report.php">
        <class name="Report" namespace="PHPMD">
          <metrics complexity="16" methods="10" coveredmethods="10" conditionals="0" coveredconditionals="0" statements="24" coveredstatements="24" elements="34" coveredelements="34"/>
        </class>
        <line num="61" type="method" name="__construct" visibility="public" complexity="1" crap="1" count="106"/>
        <line num="63" type="stmt" count="106"/>
        <line num="72" type="method" name="addRuleViolation" visibility="public" complexity="5" crap="5" count="21"/>
        <line num="74" type="stmt" count="21"/>
        <line num="75" type="stmt" count="2"/>
        <line num="78" type="stmt" count="21"/>
        <line num="79" type="stmt" count="21"/>
        <line num="80" type="stmt" count="21"/>
        <line num="83" type="stmt" count="21"/>
        <line num="84" type="stmt" count="21"/>
        <line num="85" type="stmt" count="21"/>
        <line num="88" type="stmt" count="21"/>
        <line num="97" type="method" name="isEmpty" visibility="public" complexity="1" crap="1" count="8"/>
        <line num="99" type="stmt" count="8"/>
        <line num="107" type="method" name="getRuleViolations" visibility="public" complexity="3" crap="3" count="39"/>
        <line num="110" type="stmt" count="39"/>
        <line num="112" type="stmt" count="39"/>
        <line num="113" type="stmt" count="39"/>
        <line num="115" type="stmt" count="20"/>
        <line num="117" type="stmt" count="20"/>
        <line num="118" type="stmt" count="20"/>
        <line num="122" type="stmt" count="39"/>
        <line num="132" type="method" name="addError" visibility="public" complexity="1" crap="1" count="2"/>
        <line num="134" type="stmt" count="2"/>
        <line num="144" type="method" name="hasErrors" visibility="public" complexity="1" crap="1" count="8"/>
        <line num="146" type="stmt" count="8"/>
        <line num="156" type="method" name="getErrors" visibility="public" complexity="1" crap="1" count="6"/>
        <line num="158" type="stmt" count="6"/>
        <line num="166" type="method" name="start" visibility="public" complexity="1" crap="1" count="7"/>
        <line num="168" type="stmt" count="7"/>
        <line num="176" type="method" name="end" visibility="public" complexity="1" crap="1" count="7"/>
        <line num="178" type="stmt" count="7"/>
        <line num="186" type="method" name="getElapsedTimeInMillis" visibility="public" complexity="1" crap="1" count="1"/>
        <line num="188" type="stmt" count="1"/>
        <metrics loc="190" ncloc="92" classes="1" methods="10" coveredmethods="10" conditionals="0" coveredconditionals="0" statements="24" coveredstatements="24" elements="34" coveredelements="34"/>
      </file>
      <file name="/var/www/html/src/main/php/PHPMD/RuleSet.php">
        <class name="RuleSet" namespace="PHPMD">
          <metrics complexity="25" methods="14" coveredmethods="10" conditionals="0" coveredconditionals="0" statements="31" coveredstatements="27" elements="45" coveredelements="37"/>
        </class>
        <line num="92" type="method" name="getFileName" visibility="public" complexity="1" crap="1" count="6"/>
        <line num="94" type="stmt" count="6"/>
        <line num="103" type="method" name="setFileName" visibility="public" complexity="1" crap="1" count="6"/>
        <line num="105" type="stmt" count="6"/>
        <line num="113" type="method" name="getName" visibility="public" complexity="1" crap="1" count="6"/>
        <line num="115" type="stmt" count="6"/>
        <line num="124" type="method" name="setName" visibility="public" complexity="1" crap="1" count="6"/>
        <line num="126" type="stmt" count="6"/>
        <line num="134" type="method" name="getDescription" visibility="public" complexity="1" crap="2" count="0"/>
        <line num="136" type="stmt" count="0"/>
        <line num="145" type="method" name="setDescription" visibility="public" complexity="1" crap="1" count="6"/>
        <line num="147" type="stmt" count="6"/>
        <line num="156" type="method" name="setStrict" visibility="public" complexity="1" crap="1" count="1"/>
        <line num="158" type="stmt" count="1"/>
        <line num="166" type="method" name="getReport" visibility="public" complexity="1" crap="2" count="0"/>
        <line num="168" type="stmt" count="0"/>
        <line num="177" type="method" name="setReport" visibility="public" complexity="1" crap="1" count="8"/>
        <line num="179" type="stmt" count="8"/>
        <line num="188" type="method" name="getRuleByName" visibility="public" complexity="3" crap="3" count="4"/>
        <line num="190" type="stmt" count="4"/>
        <line num="191" type="stmt" count="3"/>
        <line num="192" type="stmt" count="3"/>
        <line num="196" type="stmt" count="1"/>
        <line num="205" type="method" name="getRules" visibility="public" complexity="4" crap="4" count="4"/>
        <line num="207" type="stmt" count="4"/>
        <line num="208" type="stmt" count="4"/>
        <line num="209" type="stmt" count="4"/>
        <line num="210" type="stmt" count="3"/>
        <line num="211" type="stmt" count="3"/>
        <line num="216" type="stmt" count="4"/>
        <line num="225" type="method" name="addRule" visibility="public" complexity="3" crap="3" count="9"/>
        <line num="227" type="stmt" count="9"/>
        <line num="228" type="stmt" count="9"/>
        <line num="229" type="stmt" count="9"/>
        <line num="240" type="method" name="apply" visibility="public" complexity="5" crap="5.05" count="8"/>
        <line num="243" type="stmt" count="8"/>
        <line num="246" type="stmt" count="8"/>
        <line num="247" type="stmt" count="0"/>
        <line num="251" type="stmt" count="8"/>
        <line num="253" type="stmt" count="8"/>
        <line num="254" type="stmt" count="2"/>
        <line num="256" type="stmt" count="7"/>
        <line num="257" type="stmt" count="7"/>
        <line num="266" type="method" name="getIterator" visibility="public" complexity="1" crap="2" count="0"/>
        <line num="268" type="stmt" count="0"/>
        <metrics loc="270" ncloc="130" classes="1" methods="14" coveredmethods="10" conditionals="0" coveredconditionals="0" statements="31" coveredstatements="27" elements="45" coveredelements="37"/>
      </file>
      <file name="/var/www/html/src/main/php/PHPMD/RuleSetFactory.php">
        <class name="RuleSetFactory" namespace="PHPMD">
          <metrics complexity="80" methods="22" coveredmethods="19" conditionals="0" coveredconditionals="0" statements="163" coveredstatements="157" elements="185" coveredelements="176"/>
        </class>
        <line num="60" type="method" name="__construct" visibility="public" complexity="1" crap="1" count="54"/>
        <line num="62" type="stmt" count="54"/>
        <line num="71" type="method" name="setStrict" visibility="public" complexity="1" crap="1" count="1"/>
        <line num="73" type="stmt" count="1"/>
        <line num="82" type="method" name="setMinimumPriority" visibility="public" complexity="1" crap="1" count="12"/>
        <line num="84" type="stmt" count="12"/>
        <line num="93" type="method" name="setMaximumPriority" visibility="public" complexity="1" crap="1" count="12"/>
        <line num="95" type="stmt" count="12"/>
        <line num="104" type="method" name="createRuleSets" visibility="public" complexity="2" crap="2" count="46"/>
        <line num="106" type="stmt" count="46"/>
        <line num="108" type="stmt" count="46"/>
        <line num="109" type="stmt" count="46"/>
        <line num="110" type="stmt" count="46"/>
        <line num="112" type="stmt" count="42"/>
        <line num="115" type="stmt" count="42"/>
        <line num="124" type="method" name="createSingleRuleSet" visibility="public" complexity="1" crap="1" count="52"/>
        <line num="126" type="stmt" count="52"/>
        <line num="128" type="stmt" count="51"/>
        <line num="136" type="method" name="listAvailableRuleSets" visibility="public" complexity="1" crap="1" count="4"/>
        <line num="138" type="stmt" count="4"/>
        <line num="139" type="stmt" count="4"/>
        <line num="140" type="stmt" count="4"/>
        <line num="152" type="method" name="createRuleSetFileName" visibility="private" complexity="3" crap="3" count="54"/>
        <line num="154" type="stmt" count="54"/>
        <line num="155" type="stmt" count="54"/>
        <line num="156" type="stmt" count="53"/>
        <line num="160" type="stmt" count="2"/>
        <line num="169" type="method" name="listRuleSetsInDirectory" visibility="private" complexity="5" crap="5" count="4"/>
        <line num="171" type="stmt" count="4"/>
        <line num="172" type="stmt" count="4"/>
        <line num="173" type="stmt" count="4"/>
        <line num="174" type="stmt" count="4"/>
        <line num="175" type="stmt" count="4"/>
        <line num="176" type="stmt" count="4"/>
        <line num="181" type="stmt" count="4"/>
        <line num="191" type="method" name="parseRuleSetNode" visibility="private" complexity="9" crap="9.05" count="51"/>
        <line num="194" type="stmt" count="51"/>
        <line num="196" type="stmt" count="51"/>
        <line num="197" type="stmt" count="51"/>
        <line num="199" type="stmt" count="1"/>
        <line num="201" type="stmt" count="1"/>
        <line num="204" type="stmt" count="50"/>
        <line num="205" type="stmt" count="50"/>
        <line num="206" type="stmt" count="50"/>
        <line num="208" type="stmt" count="50"/>
        <line num="209" type="stmt" count="1"/>
        <line num="212" type="stmt" count="50"/>
        <line num="213" type="stmt" count="50"/>
        <line num="214" type="stmt" count="1"/>
        <line num="216" type="stmt" count="1"/>
        <line num="217" type="stmt" count="0"/>
        <line num="218" type="stmt" count="0"/>
        <line num="221" type="stmt" count="1"/>
        <line num="222" type="stmt" count="1"/>
        <line num="226" type="stmt" count="50"/>
        <line num="227" type="stmt" count="50"/>
        <line num="228" type="stmt" count="50"/>
        <line num="229" type="stmt" count="50"/>
        <line num="230" type="stmt" count="50"/>
        <line num="234" type="stmt" count="48"/>
        <line num="246" type="method" name="parseRuleNode" visibility="private" complexity="3" crap="3" count="50"/>
        <line num="248" type="stmt" count="50"/>
        <line num="249" type="stmt" count="6"/>
        <line num="251" type="stmt" count="6"/>
        <line num="253" type="stmt" count="50"/>
        <line num="254" type="stmt" count="50"/>
        <line num="256" type="stmt" count="48"/>
        <line num="258" type="stmt" count="8"/>
        <line num="269" type="method" name="parseRuleSetReferenceNode" visibility="private" complexity="3" crap="3" count="6"/>
        <line num="271" type="stmt" count="6"/>
        <line num="272" type="stmt" count="6"/>
        <line num="273" type="stmt" count="6"/>
        <line num="274" type="stmt" count="5"/>
        <line num="286" type="method" name="parseRuleSetReference" visibility="private" complexity="1" crap="1" count="6"/>
        <line num="288" type="stmt" count="6"/>
        <line num="289" type="stmt" count="6"/>
        <line num="290" type="stmt" count="6"/>
        <line num="292" type="stmt" count="6"/>
        <line num="304" type="method" name="isIncluded" visibility="private" complexity="3" crap="3" count="6"/>
        <line num="306" type="stmt" count="6"/>
        <line num="307" type="stmt" count="2"/>
        <line num="308" type="stmt" count="2"/>
        <line num="312" type="stmt" count="5"/>
        <line num="325" type="method" name="parseSingleRuleNode" visibility="private" complexity="17" crap="17" count="50"/>
        <line num="327" type="stmt" count="50"/>
        <line num="329" type="stmt" count="50"/>
        <line num="331" type="stmt" count="50"/>
        <line num="332" type="stmt" count="1"/>
        <line num="333" type="stmt" count="0"/>
        <line num="334" type="stmt" count="1"/>
        <line num="335" type="stmt" count="1"/>
        <line num="339" type="stmt" count="50"/>
        <line num="341" type="stmt" count="50"/>
        <line num="342" type="stmt" count="50"/>
        <line num="345" type="stmt" count="50"/>
        <line num="346" type="stmt" count="50"/>
        <line num="349" type="stmt" count="50"/>
        <line num="350" type="stmt" count="3"/>
        <line num="351" type="stmt" count="3"/>
        <line num="352" type="stmt" count="1"/>
        <line num="354" type="stmt" count="2"/>
        <line num="356" type="stmt" count="2"/>
        <line num="358" type="stmt" count="2"/>
        <line num="359" type="stmt" count="1"/>
        <line num="364" type="stmt" count="48"/>
        <line num="365" type="stmt" count="48"/>
        <line num="366" type="stmt" count="48"/>
        <line num="367" type="stmt" count="48"/>
        <line num="369" type="stmt" count="48"/>
        <line num="371" type="stmt" count="48"/>
        <line num="372" type="stmt" count="48"/>
        <line num="375" type="stmt" count="48"/>
        <line num="376" type="stmt" count="48"/>
        <line num="377" type="stmt" count="48"/>
        <line num="378" type="stmt" count="48"/>
        <line num="379" type="stmt" count="47"/>
        <line num="380" type="stmt" count="48"/>
        <line num="381" type="stmt" count="48"/>
        <line num="382" type="stmt" count="48"/>
        <line num="383" type="stmt" count="48"/>
        <line num="387" type="stmt" count="48"/>
        <line num="388" type="stmt" count="47"/>
        <line num="400" type="method" name="parseRuleReferenceNode" visibility="private" complexity="11" crap="11" count="8"/>
        <line num="402" type="stmt" count="8"/>
        <line num="404" type="stmt" count="8"/>
        <line num="405" type="stmt" count="8"/>
        <line num="407" type="stmt" count="8"/>
        <line num="409" type="stmt" count="8"/>
        <line num="411" type="stmt" count="8"/>
        <line num="412" type="stmt" count="8"/>
        <line num="414" type="stmt" count="8"/>
        <line num="415" type="stmt" count="3"/>
        <line num="417" type="stmt" count="8"/>
        <line num="418" type="stmt" count="3"/>
        <line num="420" type="stmt" count="8"/>
        <line num="421" type="stmt" count="3"/>
        <line num="424" type="stmt" count="8"/>
        <line num="425" type="stmt" count="4"/>
        <line num="426" type="stmt" count="4"/>
        <line num="427" type="stmt" count="4"/>
        <line num="428" type="stmt" count="4"/>
        <line num="429" type="stmt" count="4"/>
        <line num="430" type="stmt" count="4"/>
        <line num="431" type="stmt" count="4"/>
        <line num="432" type="stmt" count="4"/>
        <line num="436" type="stmt" count="8"/>
        <line num="437" type="stmt" count="8"/>
        <line num="459" type="method" name="parsePropertiesNode" visibility="private" complexity="3" crap="3" count="48"/>
        <line num="461" type="stmt" count="48"/>
        <line num="462" type="stmt" count="18"/>
        <line num="463" type="stmt" count="18"/>
        <line num="475" type="method" name="addProperty" visibility="private" complexity="3" crap="3" count="18"/>
        <line num="477" type="stmt" count="18"/>
        <line num="478" type="stmt" count="18"/>
        <line num="479" type="stmt" count="18"/>
        <line num="480" type="stmt" count="18"/>
        <line num="494" type="method" name="getPropertyValue" visibility="private" complexity="2" crap="2" count="18"/>
        <line num="496" type="stmt" count="18"/>
        <line num="497" type="stmt" count="1"/>
        <line num="500" type="stmt" count="17"/>
        <line num="512" type="method" name="getIgnorePattern" visibility="public" complexity="5" crap="5.31" count="8"/>
        <line num="514" type="stmt" count="8"/>
        <line num="515" type="stmt" count="8"/>
        <line num="516" type="stmt" count="8"/>
        <line num="519" type="stmt" count="8"/>
        <line num="521" type="stmt" count="8"/>
        <line num="522" type="stmt" count="8"/>
        <line num="524" type="stmt" count="0"/>
        <line num="526" type="stmt" count="0"/>
        <line num="529" type="stmt" count="8"/>
        <line num="530" type="stmt" count="8"/>
        <line num="531" type="stmt" count="2"/>
        <line num="535" type="stmt" count="8"/>
        <line num="538" type="stmt" count="0"/>
        <line num="548" type="method" name="isReadableFile" visibility="private" complexity="2" crap="2" count="54"/>
        <line num="550" type="stmt" count="54"/>
        <line num="559" type="method" name="filePaths" visibility="private" complexity="2" crap="2" count="54"/>
        <line num="562" type="stmt" count="54"/>
        <line num="563" type="stmt" count="54"/>
        <line num="564" type="stmt" count="54"/>
        <line num="565" type="stmt" count="54"/>
        <line num="568" type="stmt" count="54"/>
        <line num="569" type="stmt" count="54"/>
        <line num="570" type="stmt" count="54"/>
        <line num="573" type="stmt" count="54"/>
        <metrics loc="575" ncloc="359" classes="1" methods="22" coveredmethods="19" conditionals="0" coveredconditionals="0" statements="163" coveredstatements="157" elements="185" coveredelements="176"/>
      </file>
      <file name="/var/www/html/src/main/php/PHPMD/RuleViolation.php">
        <class name="RuleViolation" namespace="PHPMD">
          <metrics complexity="17" methods="12" coveredmethods="4" conditionals="0" coveredconditionals="0" statements="30" coveredstatements="22" elements="42" coveredelements="26"/>
        </class>
        <line num="97" type="method" name="__construct" visibility="public" complexity="6" crap="6" count="50"/>
        <line num="99" type="stmt" count="50"/>
        <line num="100" type="stmt" count="50"/>
        <line num="101" type="stmt" count="50"/>
        <line num="103" type="stmt" count="50"/>
        <line num="104" type="stmt" count="47"/>
        <line num="105" type="stmt" count="47"/>
        <line num="106" type="stmt" count="47"/>
        <line num="107" type="stmt" count="47"/>
        <line num="108" type="stmt" count="47"/>
        <line num="111" type="stmt" count="47"/>
        <line num="112" type="stmt" count="47"/>
        <line num="114" type="stmt" count="3"/>
        <line num="117" type="stmt" count="50"/>
        <line num="118" type="stmt" count="11"/>
        <line num="119" type="stmt" count="39"/>
        <line num="120" type="stmt" count="3"/>
        <line num="121" type="stmt" count="3"/>
        <line num="122" type="stmt" count="36"/>
        <line num="123" type="stmt" count="4"/>
        <line num="132" type="method" name="getRule" visibility="public" complexity="1" crap="2" count="0"/>
        <line num="134" type="stmt" count="0"/>
        <line num="142" type="method" name="getDescription" visibility="public" complexity="1" crap="1" count="6"/>
        <line num="144" type="stmt" count="6"/>
        <line num="153" type="method" name="getArgs" visibility="public" complexity="1" crap="2" count="0"/>
        <line num="155" type="stmt" count="0"/>
        <line num="163" type="method" name="getMetric" visibility="public" complexity="1" crap="2" count="0"/>
        <line num="165" type="stmt" count="0"/>
        <line num="173" type="method" name="getFileName" visibility="public" complexity="1" crap="1" count="16"/>
        <line num="175" type="stmt" count="16"/>
        <line num="183" type="method" name="getBeginLine" visibility="public" complexity="1" crap="1" count="16"/>
        <line num="185" type="stmt" count="16"/>
        <line num="193" type="method" name="getEndLine" visibility="public" complexity="1" crap="2" count="0"/>
        <line num="195" type="stmt" count="0"/>
        <line num="203" type="method" name="getNamespaceName" visibility="public" complexity="1" crap="2" count="0"/>
        <line num="205" type="stmt" count="0"/>
        <line num="214" type="method" name="getClassName" visibility="public" complexity="1" crap="2" count="0"/>
        <line num="216" type="stmt" count="0"/>
        <line num="225" type="method" name="getMethodName" visibility="public" complexity="1" crap="2" count="0"/>
        <line num="227" type="stmt" count="0"/>
        <line num="236" type="method" name="getFunctionName" visibility="public" complexity="1" crap="2" count="0"/>
        <line num="238" type="stmt" count="0"/>
        <metrics loc="240" ncloc="111" classes="1" methods="12" coveredmethods="4" conditionals="0" coveredconditionals="0" statements="30" coveredstatements="22" elements="42" coveredelements="26"/>
      </file>
    </package>
    <package name="PHPMD\Baseline">
      <file name="/var/www/html/src/main/php/PHPMD/Baseline/BaselineFileFinder.php">
        <class name="BaselineFileFinder" namespace="PHPMD\Baseline">
          <metrics complexity="11" methods="5" coveredmethods="5" conditionals="0" coveredconditionals="0" statements="20" coveredstatements="20" elements="25" coveredelements="25"/>
        </class>
        <line num="21" type="method" name="__construct" visibility="public" complexity="1" crap="1" count="9"/>
        <line num="23" type="stmt" count="9"/>
        <line num="30" type="method" name="existingFile" visibility="public" complexity="1" crap="1" count="6"/>
        <line num="32" type="stmt" count="6"/>
        <line num="33" type="stmt" count="6"/>
        <line num="40" type="method" name="notNull" visibility="public" complexity="1" crap="1" count="1"/>
        <line num="42" type="stmt" count="1"/>
        <line num="43" type="stmt" count="1"/>
        <line num="52" type="method" name="find" visibility="public" complexity="3" crap="3" count="9"/>
        <line num="54" type="stmt" count="9"/>
        <line num="55" type="stmt" count="9"/>
        <line num="56" type="stmt" count="1"/>
        <line num="59" type="stmt" count="8"/>
        <line num="68" type="method" name="tryFind" visibility="private" complexity="5" crap="5" count="9"/>
        <line num="71" type="stmt" count="9"/>
        <line num="72" type="stmt" count="9"/>
        <line num="73" type="stmt" count="1"/>
        <line num="77" type="stmt" count="8"/>
        <line num="78" type="stmt" count="8"/>
        <line num="79" type="stmt" count="8"/>
        <line num="80" type="stmt" count="5"/>
        <line num="84" type="stmt" count="3"/>
        <line num="85" type="stmt" count="3"/>
        <line num="86" type="stmt" count="2"/>
        <line num="89" type="stmt" count="1"/>
        <metrics loc="91" ncloc="62" classes="1" methods="5" coveredmethods="5" conditionals="0" coveredconditionals="0" statements="20" coveredstatements="20" elements="25" coveredelements="25"/>
      </file>
      <file name="/var/www/html/src/main/php/PHPMD/Baseline/BaselineMode.php">
        <class name="BaselineMode" namespace="PHPMD\Baseline">
          <metrics complexity="0" methods="0" coveredmethods="0" conditionals="0" coveredconditionals="0" statements="0" coveredstatements="0" elements="0" coveredelements="0"/>
        </class>
        <metrics loc="21" ncloc="12" classes="0" methods="0" coveredmethods="0" conditionals="0" coveredconditionals="0" statements="0" coveredstatements="0" elements="0" coveredelements="0"/>
      </file>
      <file name="/var/www/html/src/main/php/PHPMD/Baseline/BaselineSet.php">
        <class name="BaselineSet" namespace="PHPMD\Baseline">
          <metrics complexity="5" methods="2" coveredmethods="2" conditionals="0" coveredconditionals="0" statements="8" coveredstatements="8" elements="10" coveredelements="10"/>
        </class>
        <line num="10" type="method" name="addEntry" visibility="public" complexity="1" crap="1" count="5"/>
        <line num="12" type="stmt" count="5"/>
        <line num="21" type="method" name="contains" visibility="public" complexity="4" crap="4" count="5"/>
        <line num="23" type="stmt" count="5"/>
        <line num="24" type="stmt" count="1"/>
        <line num="28" type="stmt" count="4"/>
        <line num="30" type="stmt" count="4"/>
        <line num="31" type="stmt" count="4"/>
        <line num="32" type="stmt" count="3"/>
        <line num="36" type="stmt" count="2"/>
        <metrics loc="38" ncloc="29" classes="1" methods="2" coveredmethods="2" conditionals="0" coveredconditionals="0" statements="8" coveredstatements="8" elements="10" coveredelements="10"/>
      </file>
      <file name="/var/www/html/src/main/php/PHPMD/Baseline/BaselineSetFactory.php">
        <class name="BaselineSetFactory" namespace="PHPMD\Baseline">
          <metrics complexity="9" methods="1" coveredmethods="1" conditionals="0" coveredconditionals="0" statements="18" coveredstatements="18" elements="19" coveredelements="19"/>
        </class>
        <line num="17" type="method" name="fromFile" visibility="public" complexity="9" crap="9" count="6"/>
        <line num="19" type="stmt" count="6"/>
        <line num="20" type="stmt" count="1"/>
        <line num="23" type="stmt" count="5"/>
        <line num="24" type="stmt" count="5"/>
        <line num="25" type="stmt" count="1"/>
        <line num="28" type="stmt" count="4"/>
        <line num="29" type="stmt" count="4"/>
        <line num="30" type="stmt" count="4"/>
        <line num="31" type="stmt" count="2"/>
        <line num="34" type="stmt" count="4"/>
        <line num="35" type="stmt" count="1"/>
        <line num="38" type="stmt" count="3"/>
        <line num="39" type="stmt" count="1"/>
        <line num="42" type="stmt" count="2"/>
        <line num="43" type="stmt" count="2"/>
        <line num="44" type="stmt" count="2"/>
        <line num="47" type="stmt" count="2"/>
        <line num="50" type="stmt" count="2"/>
        <metrics loc="52" ncloc="44" classes="1" methods="1" coveredmethods="1" conditionals="0" coveredconditionals="0" statements="18" coveredstatements="18" elements="19" coveredelements="19"/>
      </file>
      <file name="/var/www/html/src/main/php/PHPMD/Baseline/BaselineValidator.php">
        <class name="BaselineValidator" namespace="PHPMD\Baseline">
          <metrics complexity="4" methods="2" coveredmethods="2" conditionals="0" coveredconditionals="0" statements="11" coveredstatements="11" elements="13" coveredelements="13"/>
        </class>
        <line num="18" type="method" name="__construct" visibility="public" complexity="1" crap="1" count="6"/>
        <line num="20" type="stmt" count="6"/>
        <line num="21" type="stmt" count="6"/>
        <line num="27" type="method" name="isBaselined" visibility="public" complexity="3" crap="3" count="6"/>
        <line num="29" type="stmt" count="6"/>
        <line num="30" type="stmt" count="6"/>
        <line num="31" type="stmt" count="6"/>
        <line num="32" type="stmt" count="6"/>
        <line num="36" type="stmt" count="6"/>
        <line num="37" type="stmt" count="2"/>
        <line num="41" type="stmt" count="4"/>
        <line num="42" type="stmt" count="2"/>
        <line num="45" type="stmt" count="2"/>
        <metrics loc="47" ncloc="35" classes="1" methods="2" coveredmethods="2" conditionals="0" coveredconditionals="0" statements="11" coveredstatements="11" elements="13" coveredelements="13"/>
      </file>
      <file name="/var/www/html/src/main/php/PHPMD/Baseline/ViolationBaseline.php">
        <class name="ViolationBaseline" namespace="PHPMD\Baseline">
          <metrics complexity="4" methods="3" coveredmethods="3" conditionals="0" coveredconditionals="0" statements="6" coveredstatements="6" elements="9" coveredelements="9"/>
        </class>
        <line num="24" type="method" name="__construct" visibility="public" complexity="1" crap="1" count="3"/>
        <line num="26" type="stmt" count="3"/>
        <line num="27" type="stmt" count="3"/>
        <line num="28" type="stmt" count="3"/>
        <line num="29" type="stmt" count="3"/>
        <line num="35" type="method" name="getRuleName" visibility="public" complexity="1" crap="1" count="1"/>
        <line num="37" type="stmt" count="1"/>
        <line num="48" type="method" name="matches" visibility="public" complexity="2" crap="2" count="2"/>
        <line num="50" type="stmt" count="2"/>
        <metrics loc="52" ncloc="32" classes="1" methods="3" coveredmethods="3" conditionals="0" coveredconditionals="0" statements="6" coveredstatements="6" elements="9" coveredelements="9"/>
      </file>
    </package>
    <package name="PHPMD\Exception">
      <file name="/var/www/html/src/main/php/PHPMD/Exception/RuleClassFileNotFoundException.php">
        <class name="RuleClassFileNotFoundException" namespace="PHPMD\Exception">
          <metrics complexity="1" methods="1" coveredmethods="1" conditionals="0" coveredconditionals="0" statements="1" coveredstatements="1" elements="2" coveredelements="2"/>
        </class>
        <line num="31" type="method" name="__construct" visibility="public" complexity="1" crap="1" count="1"/>
        <line num="33" type="stmt" count="1"/>
        <metrics loc="35" ncloc="11" classes="1" methods="1" coveredmethods="1" conditionals="0" coveredconditionals="0" statements="1" coveredstatements="1" elements="2" coveredelements="2"/>
      </file>
      <file name="/var/www/html/src/main/php/PHPMD/Exception/RuleClassNotFoundException.php">
        <class name="RuleClassNotFoundException" namespace="PHPMD\Exception">
          <metrics complexity="1" methods="1" coveredmethods="1" conditionals="0" coveredconditionals="0" statements="1" coveredstatements="1" elements="2" coveredelements="2"/>
        </class>
        <line num="30" type="method" name="__construct" visibility="public" complexity="1" crap="1" count="1"/>
        <line num="32" type="stmt" count="1"/>
        <metrics loc="34" ncloc="11" classes="1" methods="1" coveredmethods="1" conditionals="0" coveredconditionals="0" statements="1" coveredstatements="1" elements="2" coveredelements="2"/>
      </file>
      <file name="/var/www/html/src/main/php/PHPMD/Exception/RuleSetNotFoundException.php">
        <class name="RuleSetNotFoundException" namespace="PHPMD\Exception">
          <metrics complexity="1" methods="1" coveredmethods="1" conditionals="0" coveredconditionals="0" statements="1" coveredstatements="1" elements="2" coveredelements="2"/>
        </class>
        <line num="30" type="method" name="__construct" visibility="public" complexity="1" crap="1" count="1"/>
        <line num="32" type="stmt" count="1"/>
        <metrics loc="34" ncloc="11" classes="1" methods="1" coveredmethods="1" conditionals="0" coveredconditionals="0" statements="1" coveredstatements="1" elements="2" coveredelements="2"/>
      </file>
    </package>
    <package name="PHPMD\Node">
      <file name="/var/www/html/src/main/php/PHPMD/Node/ASTNode.php">
        <class name="ASTNode" namespace="PHPMD\Node">
          <metrics complexity="8" methods="8" coveredmethods="8" conditionals="0" coveredconditionals="0" statements="9" coveredstatements="9" elements="17" coveredelements="17"/>
        </class>
        <line num="40" type="method" name="__construct" visibility="public" complexity="1" crap="1" count="78"/>
        <line num="42" type="stmt" count="78"/>
        <line num="44" type="stmt" count="78"/>
        <line num="56" type="method" name="hasSuppressWarningsAnnotationFor" visibility="public" complexity="1" crap="1" count="1"/>
        <line num="58" type="stmt" count="1"/>
        <line num="67" type="method" name="getName" visibility="public" complexity="1" crap="1" count="4"/>
        <line num="69" type="stmt" count="4"/>
        <line num="77" type="method" name="getImage" visibility="public" complexity="1" crap="1" count="42"/>
        <line num="79" type="stmt" count="42"/>
        <line num="87" type="method" name="getFileName" visibility="public" complexity="1" crap="1" count="57"/>
        <line num="89" type="stmt" count="57"/>
        <line num="98" type="method" name="getParentName" visibility="public" complexity="1" crap="1" count="1"/>
        <line num="100" type="stmt" count="1"/>
        <line num="108" type="method" name="getNamespaceName" visibility="public" complexity="1" crap="1" count="1"/>
        <line num="110" type="stmt" count="1"/>
        <line num="119" type="method" name="getFullQualifiedName" visibility="public" complexity="1" crap="1" count="1"/>
        <line num="121" type="stmt" count="1"/>
        <metrics loc="123" ncloc="52" classes="1" methods="8" coveredmethods="8" conditionals="0" coveredconditionals="0" statements="9" coveredstatements="9" elements="17" coveredelements="17"/>
      </file>
      <file name="/var/www/html/src/main/php/PHPMD/Node/AbstractCallableNode.php">
        <class name="AbstractCallableNode" namespace="PHPMD\Node">
          <metrics complexity="2" methods="2" coveredmethods="2" conditionals="0" coveredconditionals="0" statements="2" coveredstatements="2" elements="4" coveredelements="4"/>
        </class>
        <line num="32" type="method" name="__construct" visibility="public" complexity="1" crap="1" count="100"/>
        <line num="34" type="stmt" count="100"/>
        <line num="42" type="method" name="getParameterCount" visibility="public" complexity="1" crap="1" count="2"/>
        <line num="44" type="stmt" count="2"/>
        <metrics loc="46" ncloc="18" classes="1" methods="2" coveredmethods="2" conditionals="0" coveredconditionals="0" statements="2" coveredstatements="2" elements="4" coveredelements="4"/>
      </file>
      <file name="/var/www/html/src/main/php/PHPMD/Node/AbstractNode.php">
        <class name="AbstractNode" namespace="PHPMD\Node">
          <metrics complexity="2" methods="1" coveredmethods="1" conditionals="0" coveredconditionals="0" statements="3" coveredstatements="3" elements="4" coveredelements="4"/>
        </class>
        <line num="41" type="method" name="hasSuppressWarningsAnnotationFor" visibility="public" complexity="2" crap="2" count="8"/>
        <line num="43" type="stmt" count="8"/>
        <line num="44" type="stmt" count="8"/>
        <line num="47" type="stmt" count="8"/>
        <metrics loc="49" ncloc="19" classes="1" methods="1" coveredmethods="1" conditionals="0" coveredconditionals="0" statements="3" coveredstatements="3" elements="4" coveredelements="4"/>
      </file>
      <file name="/var/www/html/src/main/php/PHPMD/Node/AbstractTypeNode.php">
        <class name="AbstractTypeNode" namespace="PHPMD\Node">
          <metrics complexity="9" methods="7" coveredmethods="7" conditionals="0" coveredconditionals="0" statements="14" coveredstatements="14" elements="21" coveredelements="21"/>
        </class>
        <line num="37" type="method" name="__construct" visibility="public" complexity="1" crap="1" count="34"/>
        <line num="39" type="stmt" count="34"/>
        <line num="41" type="stmt" count="34"/>
        <line num="50" type="method" name="getMethods" visibility="public" complexity="2" crap="2" count="7"/>
        <line num="52" type="stmt" count="7"/>
        <line num="53" type="stmt" count="7"/>
        <line num="54" type="stmt" count="7"/>
        <line num="57" type="stmt" count="7"/>
        <line num="66" type="method" name="getMethodNames" visibility="public" complexity="2" crap="2" count="3"/>
        <line num="68" type="stmt" count="3"/>
        <line num="69" type="stmt" count="3"/>
        <line num="70" type="stmt" count="3"/>
        <line num="73" type="stmt" count="3"/>
        <line num="81" type="method" name="getConstantCount" visibility="public" complexity="1" crap="1" count="5"/>
        <line num="83" type="stmt" count="5"/>
        <line num="91" type="method" name="getNamespaceName" visibility="public" complexity="1" crap="1" count="3"/>
        <line num="93" type="stmt" count="3"/>
        <line num="102" type="method" name="getParentName" visibility="public" complexity="1" crap="1" count="3"/>
        <line num="104" type="stmt" count="3"/>
        <line num="113" type="method" name="getFullQualifiedName" visibility="public" complexity="1" crap="1" count="3"/>
        <line num="115" type="stmt" count="3"/>
        <metrics loc="117" ncloc="57" classes="1" methods="7" coveredmethods="7" conditionals="0" coveredconditionals="0" statements="14" coveredstatements="14" elements="21" coveredelements="21"/>
      </file>
      <file name="/var/www/html/src/main/php/PHPMD/Node/Annotation.php">
        <class name="Annotation" namespace="PHPMD\Node">
          <metrics complexity="6" methods="3" coveredmethods="3" conditionals="0" coveredconditionals="0" statements="12" coveredstatements="12" elements="15" coveredelements="15"/>
        </class>
        <line num="52" type="method" name="__construct" visibility="public" complexity="1" crap="1" count="11"/>
        <line num="54" type="stmt" count="11"/>
        <line num="55" type="stmt" count="11"/>
        <line num="64" type="method" name="suppresses" visibility="public" complexity="2" crap="2" count="11"/>
        <line num="66" type="stmt" count="11"/>
        <line num="67" type="stmt" count="10"/>
        <line num="70" type="stmt" count="1"/>
        <line num="79" type="method" name="isSuppressed" visibility="private" complexity="3" crap="3" count="10"/>
        <line num="81" type="stmt" count="10"/>
        <line num="82" type="stmt" count="3"/>
        <line num="83" type="stmt" count="7"/>
        <line num="84" type="stmt" count="7"/>
        <line num="85" type="stmt" count="7"/>
        <line num="87" type="stmt" count="5"/>
        <line num="90" type="stmt" count="3"/>
        <metrics loc="92" ncloc="43" classes="1" methods="3" coveredmethods="3" conditionals="0" coveredconditionals="0" statements="12" coveredstatements="12" elements="15" coveredelements="15"/>
      </file>
      <file name="/var/www/html/src/main/php/PHPMD/Node/Annotations.php">
        <class name="Annotations" namespace="PHPMD\Node">
          <metrics complexity="5" methods="2" coveredmethods="2" conditionals="0" coveredconditionals="0" statements="9" coveredstatements="9" elements="11" coveredelements="11"/>
        </class>
        <line num="46" type="method" name="__construct" visibility="public" complexity="2" crap="2" count="12"/>
        <line num="48" type="stmt" count="12"/>
        <line num="49" type="stmt" count="12"/>
        <line num="50" type="stmt" count="6"/>
        <line num="51" type="stmt" count="6"/>
        <line num="53" type="stmt" count="6"/>
        <line num="63" type="method" name="suppresses" visibility="public" complexity="3" crap="3" count="12"/>
        <line num="65" type="stmt" count="12"/>
        <line num="66" type="stmt" count="6"/>
        <line num="67" type="stmt" count="5"/>
        <line num="71" type="stmt" count="9"/>
        <metrics loc="73" ncloc="34" classes="1" methods="2" coveredmethods="2" conditionals="0" coveredconditionals="0" statements="9" coveredstatements="9" elements="11" coveredelements="11"/>
      </file>
      <file name="/var/www/html/src/main/php/PHPMD/Node/ClassNode.php">
        <class name="ClassNode" namespace="PHPMD\Node">
          <metrics complexity="1" methods="1" coveredmethods="1" conditionals="0" coveredconditionals="0" statements="1" coveredstatements="1" elements="2" coveredelements="2"/>
        </class>
        <line num="37" type="method" name="__construct" visibility="public" complexity="1" crap="1" count="23"/>
        <line num="39" type="stmt" count="23"/>
        <metrics loc="41" ncloc="15" classes="1" methods="1" coveredmethods="1" conditionals="0" coveredconditionals="0" statements="1" coveredstatements="1" elements="2" coveredelements="2"/>
      </file>
      <file name="/var/www/html/src/main/php/PHPMD/Node/FunctionNode.php">
        <class name="FunctionNode" namespace="PHPMD\Node">
          <metrics complexity="4" methods="4" coveredmethods="2" conditionals="0" coveredconditionals="0" statements="4" coveredstatements="2" elements="8" coveredelements="4"/>
        </class>
        <line num="32" type="method" name="__construct" visibility="public" complexity="1" crap="1" count="26"/>
        <line num="34" type="stmt" count="26"/>
        <line num="42" type="method" name="getNamespaceName" visibility="public" complexity="1" crap="1" count="2"/>
        <line num="44" type="stmt" count="2"/>
        <line num="53" type="method" name="getParentName" visibility="public" complexity="1" crap="2" count="0"/>
        <line num="55" type="stmt" count="0"/>
        <line num="64" type="method" name="getFullQualifiedName" visibility="public" complexity="1" crap="2" count="0"/>
        <line num="66" type="stmt" count="0"/>
        <metrics loc="68" ncloc="28" classes="1" methods="4" coveredmethods="2" conditionals="0" coveredconditionals="0" statements="4" coveredstatements="2" elements="8" coveredelements="4"/>
      </file>
      <file name="/var/www/html/src/main/php/PHPMD/Node/InterfaceNode.php">
        <class name="InterfaceNode" namespace="PHPMD\Node">
          <metrics complexity="1" methods="1" coveredmethods="1" conditionals="0" coveredconditionals="0" statements="1" coveredstatements="1" elements="2" coveredelements="2"/>
        </class>
        <line num="32" type="method" name="__construct" visibility="public" complexity="1" crap="1" count="8"/>
        <line num="34" type="stmt" count="8"/>
        <metrics loc="36" ncloc="13" classes="1" methods="1" coveredmethods="1" conditionals="0" coveredconditionals="0" statements="1" coveredstatements="1" elements="2" coveredelements="2"/>
      </file>
      <file name="/var/www/html/src/main/php/PHPMD/Node/MethodNode.php">
        <class name="MethodNode" namespace="PHPMD\Node">
          <metrics complexity="16" methods="8" coveredmethods="8" conditionals="0" coveredconditionals="0" statements="32" coveredstatements="32" elements="40" coveredelements="40"/>
        </class>
        <line num="39" type="method" name="__construct" visibility="public" complexity="1" crap="1" count="74"/>
        <line num="41" type="stmt" count="74"/>
        <line num="49" type="method" name="getNamespaceName" visibility="public" complexity="1" crap="1" count="4"/>
        <line num="51" type="stmt" count="4"/>
        <line num="60" type="method" name="getParentName" visibility="public" complexity="1" crap="1" count="2"/>
        <line num="62" type="stmt" count="2"/>
        <line num="71" type="method" name="getFullQualifiedName" visibility="public" complexity="1" crap="1" count="1"/>
        <line num="73" type="stmt" count="1"/>
        <line num="74" type="stmt" count="1"/>
        <line num="75" type="stmt" count="1"/>
        <line num="76" type="stmt" count="1"/>
        <line num="77" type="stmt" count="1"/>
        <line num="87" type="method" name="isAbstract" visibility="public" complexity="1" crap="1" count="2"/>
        <line num="89" type="stmt" count="2"/>
        <line num="99" type="method" name="hasSuppressWarningsAnnotationFor" visibility="public" complexity="2" crap="2" count="11"/>
        <line num="101" type="stmt" count="11"/>
        <line num="102" type="stmt" count="3"/>
        <line num="105" type="stmt" count="8"/>
        <line num="113" type="method" name="getParentType" visibility="public" complexity="3" crap="3" count="11"/>
        <line num="115" type="stmt" count="11"/>
        <line num="117" type="stmt" count="11"/>
        <line num="118" type="stmt" count="1"/>
        <line num="121" type="stmt" count="10"/>
        <line num="122" type="stmt" count="8"/>
        <line num="125" type="stmt" count="2"/>
        <line num="135" type="method" name="isDeclaration" visibility="public" complexity="6" crap="6" count="8"/>
        <line num="137" type="stmt" count="8"/>
        <line num="138" type="stmt" count="1"/>
        <line num="141" type="stmt" count="7"/>
        <line num="143" type="stmt" count="7"/>
        <line num="144" type="stmt" count="7"/>
        <line num="145" type="stmt" count="1"/>
        <line num="146" type="stmt" count="1"/>
        <line num="147" type="stmt" count="1"/>
        <line num="151" type="stmt" count="6"/>
        <line num="152" type="stmt" count="6"/>
        <line num="153" type="stmt" count="3"/>
        <line num="154" type="stmt" count="3"/>
        <line num="155" type="stmt" count="2"/>
        <line num="159" type="stmt" count="4"/>
        <metrics loc="161" ncloc="92" classes="1" methods="8" coveredmethods="8" conditionals="0" coveredconditionals="0" statements="32" coveredstatements="32" elements="40" coveredelements="40"/>
      </file>
      <file name="/var/www/html/src/main/php/PHPMD/Node/TraitNode.php">
        <class name="TraitNode" namespace="PHPMD\Node">
          <metrics complexity="1" methods="1" coveredmethods="1" conditionals="0" coveredconditionals="0" statements="1" coveredstatements="1" elements="2" coveredelements="2"/>
        </class>
        <line num="32" type="method" name="__construct" visibility="public" complexity="1" crap="1" count="3"/>
        <line num="34" type="stmt" count="3"/>
        <metrics loc="36" ncloc="13" classes="1" methods="1" coveredmethods="1" conditionals="0" coveredconditionals="0" statements="1" coveredstatements="1" elements="2" coveredelements="2"/>
      </file>
    </package>
    <package name="PHPMD\Renderer">
      <file name="/var/www/html/src/main/php/PHPMD/Renderer/AnsiRenderer.php">
        <class name="AnsiRenderer" namespace="PHPMD\Renderer">
          <metrics complexity="20" methods="7" coveredmethods="0" conditionals="0" coveredconditionals="0" statements="51" coveredstatements="0" elements="58" coveredelements="0"/>
        </class>
        <line num="20" type="method" name="renderReport" visibility="public" complexity="1" crap="2" count="0"/>
        <line num="22" type="stmt" count="0"/>
        <line num="23" type="stmt" count="0"/>
        <line num="24" type="stmt" count="0"/>
        <line num="31" type="method" name="writeViolationsReport" visibility="private" complexity="5" crap="30" count="0"/>
        <line num="33" type="stmt" count="0"/>
        <line num="34" type="stmt" count="0"/>
        <line num="37" type="stmt" count="0"/>
        <line num="38" type="stmt" count="0"/>
        <line num="39" type="stmt" count="0"/>
        <line num="40" type="stmt" count="0"/>
        <line num="41" type="stmt" count="0"/>
        <line num="42" type="stmt" count="0"/>
        <line num="45" type="stmt" count="0"/>
        <line num="48" type="stmt" count="0"/>
        <line num="49" type="stmt" count="0"/>
        <line num="57" type="method" name="getMaxLineNumberLength" visibility="private" complexity="4" crap="20" count="0"/>
        <line num="59" type="stmt" count="0"/>
        <line num="60" type="stmt" count="0"/>
        <line num="61" type="stmt" count="0"/>
        <line num="62" type="stmt" count="0"/>
        <line num="66" type="stmt" count="0"/>
        <line num="73" type="method" name="writeViolationFileHeader" visibility="private" complexity="1" crap="2" count="0"/>
        <line num="75" type="stmt" count="0"/>
        <line num="76" type="stmt" count="0"/>
        <line num="77" type="stmt" count="0"/>
        <line num="79" type="stmt" count="0"/>
        <line num="80" type="stmt" count="0"/>
        <line num="81" type="stmt" count="0"/>
        <line num="90" type="method" name="writeViolationLine" visibility="private" complexity="1" crap="2" count="0"/>
        <line num="92" type="stmt" count="0"/>
        <line num="93" type="stmt" count="0"/>
        <line num="94" type="stmt" count="0"/>
        <line num="95" type="stmt" count="0"/>
        <line num="103" type="method" name="writeErrorsReport" visibility="private" complexity="3" crap="12" count="0"/>
        <line num="105" type="stmt" count="0"/>
        <line num="106" type="stmt" count="0"/>
        <line num="110" type="stmt" count="0"/>
        <line num="111" type="stmt" count="0"/>
        <line num="112" type="stmt" count="0"/>
        <line num="113" type="stmt" count="0"/>
        <line num="116" type="stmt" count="0"/>
        <line num="117" type="stmt" count="0"/>
        <line num="118" type="stmt" count="0"/>
        <line num="121" type="stmt" count="0"/>
        <line num="122" type="stmt" count="0"/>
        <line num="123" type="stmt" count="0"/>
        <line num="132" type="method" name="writeReportSummary" visibility="private" complexity="5" crap="30" count="0"/>
        <line num="134" type="stmt" count="0"/>
        <line num="135" type="stmt" count="0"/>
        <line num="136" type="stmt" count="0"/>
        <line num="137" type="stmt" count="0"/>
        <line num="138" type="stmt" count="0"/>
        <line num="139" type="stmt" count="0"/>
        <line num="140" type="stmt" count="0"/>
        <line num="141" type="stmt" count="0"/>
        <line num="144" type="stmt" count="0"/>
        <line num="145" type="stmt" count="0"/>
        <metrics loc="148" ncloc="114" classes="1" methods="7" coveredmethods="0" conditionals="0" coveredconditionals="0" statements="51" coveredstatements="0" elements="58" coveredelements="0"/>
      </file>
      <file name="/var/www/html/src/main/php/PHPMD/Renderer/BaselineRenderer.php">
        <class name="BaselineRenderer" namespace="PHPMD\Renderer">
          <metrics complexity="5" methods="2" coveredmethods="2" conditionals="0" coveredconditionals="0" statements="20" coveredstatements="20" elements="22" coveredelements="22"/>
        </class>
        <line num="17" type="method" name="__construct" visibility="public" complexity="1" crap="1" count="4"/>
        <line num="19" type="stmt" count="4"/>
        <line num="22" type="method" name="renderReport" visibility="public" complexity="4" crap="4" count="4"/>
        <line num="25" type="stmt" count="4"/>
        <line num="27" type="stmt" count="4"/>
        <line num="28" type="stmt" count="4"/>
        <line num="29" type="stmt" count="4"/>
        <line num="31" type="stmt" count="4"/>
        <line num="32" type="stmt" count="3"/>
        <line num="33" type="stmt" count="3"/>
        <line num="34" type="stmt" count="3"/>
        <line num="37" type="stmt" count="3"/>
        <line num="38" type="stmt" count="3"/>
        <line num="39" type="stmt" count="1"/>
        <line num="42" type="stmt" count="3"/>
        <line num="43" type="stmt" count="3"/>
        <line num="44" type="stmt" count="3"/>
        <line num="45" type="stmt" count="3"/>
        <line num="46" type="stmt" count="3"/>
        <line num="48" type="stmt" count="3"/>
        <line num="49" type="stmt" count="3"/>
        <line num="52" type="stmt" count="4"/>
        <metrics loc="54" ncloc="46" classes="1" methods="2" coveredmethods="2" conditionals="0" coveredconditionals="0" statements="20" coveredstatements="20" elements="22" coveredelements="22"/>
      </file>
      <file name="/var/www/html/src/main/php/PHPMD/Renderer/CheckStyleRenderer.php">
        <class name="CheckStyleRenderer" namespace="PHPMD\Renderer">
          <metrics complexity="9" methods="2" coveredmethods="0" conditionals="0" coveredconditionals="0" statements="38" coveredstatements="0" elements="40" coveredelements="0"/>
        </class>
        <line num="34" type="method" name="mapPriorityToSeverity" visibility="protected" complexity="3" crap="12" count="0"/>
        <line num="36" type="stmt" count="0"/>
        <line num="37" type="stmt" count="0"/>
        <line num="40" type="stmt" count="0"/>
        <line num="48" type="method" name="renderReport" visibility="public" complexity="6" crap="42" count="0"/>
        <line num="50" type="stmt" count="0"/>
        <line num="51" type="stmt" count="0"/>
        <line num="52" type="stmt" count="0"/>
        <line num="54" type="stmt" count="0"/>
        <line num="55" type="stmt" count="0"/>
        <line num="57" type="stmt" count="0"/>
        <line num="59" type="stmt" count="0"/>
        <line num="60" type="stmt" count="0"/>
        <line num="63" type="stmt" count="0"/>
        <line num="65" type="stmt" count="0"/>
        <line num="68" type="stmt" count="0"/>
        <line num="70" type="stmt" count="0"/>
        <line num="71" type="stmt" count="0"/>
        <line num="72" type="stmt" count="0"/>
        <line num="73" type="stmt" count="0"/>
        <line num="74" type="stmt" count="0"/>
        <line num="75" type="stmt" count="0"/>
        <line num="76" type="stmt" count="0"/>
        <line num="77" type="stmt" count="0"/>
        <line num="78" type="stmt" count="0"/>
        <line num="81" type="stmt" count="0"/>
        <line num="82" type="stmt" count="0"/>
        <line num="83" type="stmt" count="0"/>
        <line num="84" type="stmt" count="0"/>
        <line num="85" type="stmt" count="0"/>
        <line num="88" type="stmt" count="0"/>
        <line num="92" type="stmt" count="0"/>
        <line num="93" type="stmt" count="0"/>
        <line num="96" type="stmt" count="0"/>
        <line num="97" type="stmt" count="0"/>
        <line num="98" type="stmt" count="0"/>
        <line num="99" type="stmt" count="0"/>
        <line num="100" type="stmt" count="0"/>
        <line num="101" type="stmt" count="0"/>
        <line num="104" type="stmt" count="0"/>
        <metrics loc="106" ncloc="71" classes="1" methods="2" coveredmethods="0" conditionals="0" coveredconditionals="0" statements="38" coveredstatements="0" elements="40" coveredelements="0"/>
      </file>
      <file name="/var/www/html/src/main/php/PHPMD/Renderer/GitHubRenderer.php">
        <class name="GitHubRenderer" namespace="PHPMD\Renderer">
          <metrics complexity="3" methods="1" coveredmethods="1" conditionals="0" coveredconditionals="0" statements="15" coveredstatements="15" elements="16" coveredelements="16"/>
        </class>
        <line num="36" type="method" name="renderReport" visibility="public" complexity="3" crap="3" count="2"/>
        <line num="38" type="stmt" count="2"/>
        <line num="40" type="stmt" count="2"/>
        <line num="41" type="stmt" count="1"/>
        <line num="42" type="stmt" count="1"/>
        <line num="43" type="stmt" count="1"/>
        <line num="44" type="stmt" count="1"/>
        <line num="45" type="stmt" count="1"/>
        <line num="46" type="stmt" count="1"/>
        <line num="47" type="stmt" count="1"/>
        <line num="50" type="stmt" count="2"/>
        <line num="51" type="stmt" count="1"/>
        <line num="52" type="stmt" count="1"/>
        <line num="53" type="stmt" count="1"/>
        <line num="54" type="stmt" count="1"/>
        <line num="55" type="stmt" count="1"/>
        <metrics loc="58" ncloc="32" classes="1" methods="1" coveredmethods="1" conditionals="0" coveredconditionals="0" statements="15" coveredstatements="15" elements="16" coveredelements="16"/>
      </file>
      <file name="/var/www/html/src/main/php/PHPMD/Renderer/HTMLRenderer.php">
        <class name="HTMLRenderer" namespace="PHPMD\Renderer">
          <metrics complexity="32" methods="11" coveredmethods="7" conditionals="0" coveredconditionals="0" statements="117" coveredstatements="100" elements="128" coveredelements="107"/>
        </class>
        <line num="73" type="method" name="start" visibility="public" complexity="1" crap="1" count="1"/>
        <line num="75" type="stmt" count="1"/>
        <line num="77" type="stmt" count="1"/>
        <line num="98" type="stmt" count="1"/>
        <line num="163" type="stmt" count="1"/>
        <line num="234" type="stmt" count="1"/>
        <line num="297" type="stmt" count="1"/>
        <line num="298" type="stmt" count="1"/>
        <line num="300" type="stmt" count="1"/>
        <line num="308" type="stmt" count="1"/>
        <line num="310" type="stmt" count="1"/>
        <line num="320" type="method" name="renderReport" visibility="public" complexity="6" crap="6.03" count="1"/>
        <line num="322" type="stmt" count="1"/>
        <line num="324" type="stmt" count="1"/>
        <line num="325" type="stmt" count="1"/>
        <line num="327" type="stmt" count="1"/>
        <line num="328" type="stmt" count="1"/>
        <line num="331" type="stmt" count="1"/>
        <line num="332" type="stmt" count="0"/>
        <line num="336" type="stmt" count="1"/>
        <line num="337" type="stmt" count="1"/>
        <line num="338" type="stmt" count="1"/>
        <line num="339" type="stmt" count="1"/>
        <line num="340" type="stmt" count="1"/>
        <line num="341" type="stmt" count="1"/>
        <line num="344" type="stmt" count="1"/>
        <line num="345" type="stmt" count="1"/>
[...]
        <line num="112" type="stmt" count="24"/>
        <line num="113" type="stmt" count="24"/>
        <line num="114" type="stmt" count="24"/>
        <line num="116" type="stmt" count="24"/>
        <line num="121" type="stmt" count="24"/>
        <line num="122" type="stmt" count="24"/>
        <line num="123" type="stmt" count="1"/>
        <line num="126" type="stmt" count="24"/>
        <line num="127" type="stmt" count="24"/>
        <line num="128" type="stmt" count="1"/>
        <line num="131" type="stmt" count="24"/>
        <line num="132" type="stmt" count="24"/>
        <line num="133" type="stmt" count="24"/>
        <line num="134" type="stmt" count="24"/>
        <line num="135" type="stmt" count="24"/>
        <line num="136" type="stmt" count="24"/>
        <line num="139" type="stmt" count="24"/>
        <line num="140" type="stmt" count="4"/>
        <line num="143" type="stmt" count="20"/>
        <line num="144" type="stmt" count="20"/>
        <line num="145" type="stmt" count="20"/>
        <line num="146" type="stmt" count="9"/>
        <line num="149" type="stmt" count="11"/>
        <line num="157" type="method" name="getVersion" visibility="private" complexity="2" crap="2" count="1"/>
        <line num="159" type="stmt" count="1"/>
        <line num="161" type="stmt" count="1"/>
        <line num="162" type="stmt" count="1"/>
        <line num="163" type="stmt" count="1"/>
        <line num="164" type="stmt" count="1"/>
        <line num="167" type="stmt" count="1"/>
        <line num="177" type="method" name="main" visibility="public" complexity="2" crap="2" count="26"/>
        <line num="180" type="stmt" count="26"/>
        <line num="181" type="stmt" count="26"/>
        <line num="182" type="stmt" count="26"/>
        <line num="184" type="stmt" count="26"/>
        <line num="185" type="stmt" count="1"/>
        <line num="186" type="stmt" count="1"/>
        <line num="187" type="stmt" count="1"/>
        <line num="190" type="stmt" count="26"/>
        <metrics loc="192" ncloc="130" classes="1" methods="3" coveredmethods="3" conditionals="0" coveredconditionals="0" statements="65" coveredstatements="65" elements="68" coveredelements="68"/>
      </file>
      <file name="/var/www/html/src/main/php/PHPMD/TextUI/CommandLineOptions.php">
        <class name="CommandLineOptions" namespace="PHPMD\TextUI">
          <metrics complexity="78" methods="31" coveredmethods="24" conditionals="0" coveredconditionals="0" statements="182" coveredstatements="130" elements="213" coveredelements="154"/>
        </class>
        <line num="174" type="method" name="__construct" visibility="public" complexity="32" crap="117.75" count="49"/>
        <line num="177" type="stmt" count="49"/>
        <line num="179" type="stmt" count="49"/>
        <line num="181" type="stmt" count="49"/>
        <line num="182" type="stmt" count="49"/>
        <line num="183" type="stmt" count="49"/>
        <line num="184" type="stmt" count="0"/>
        <line num="185" type="stmt" count="0"/>
        <line num="186" type="stmt" count="0"/>
        <line num="187" type="stmt" count="1"/>
        <line num="188" type="stmt" count="1"/>
        <line num="189" type="stmt" count="0"/>
        <line num="190" type="stmt" count="0"/>
        <line num="191" type="stmt" count="0"/>
        <line num="192" type="stmt" count="1"/>
        <line num="193" type="stmt" count="1"/>
        <line num="194" type="stmt" count="0"/>
        <line num="195" type="stmt" count="0"/>
        <line num="196" type="stmt" count="4"/>
        <line num="197" type="stmt" count="4"/>
        <line num="198" type="stmt" count="0"/>
        <line num="199" type="stmt" count="0"/>
        <line num="200" type="stmt" count="6"/>
        <line num="201" type="stmt" count="5"/>
        <line num="202" type="stmt" count="0"/>
        <line num="203" type="stmt" count="1"/>
        <line num="204" type="stmt" count="1"/>
        <line num="205" type="stmt" count="0"/>
        <line num="206" type="stmt" count="1"/>
        <line num="208" type="stmt" count="1"/>
        <line num="209" type="stmt" count="1"/>
        <line num="210" type="stmt" count="0"/>
        <line num="211" type="stmt" count="0"/>
        <line num="212" type="stmt" count="0"/>
        <line num="213" type="stmt" count="0"/>
        <line num="214" type="stmt" count="1"/>
        <line num="216" type="stmt" count="1"/>
        <line num="217" type="stmt" count="1"/>
        <line num="218" type="stmt" count="0"/>
        <line num="219" type="stmt" count="0"/>
        <line num="220" type="stmt" count="0"/>
        <line num="221" type="stmt" count="0"/>
        <line num="222" type="stmt" count="1"/>
        <line num="224" type="stmt" count="1"/>
        <line num="225" type="stmt" count="0"/>
        <line num="226" type="stmt" count="1"/>
        <line num="227" type="stmt" count="1"/>
        <line num="228" type="stmt" count="0"/>
        <line num="229" type="stmt" count="0"/>
        <line num="230" type="stmt" count="0"/>
        <line num="231" type="stmt" count="0"/>
        <line num="232" type="stmt" count="1"/>
        <line num="233" type="stmt" count="1"/>
        <line num="234" type="stmt" count="0"/>
        <line num="235" type="stmt" count="1"/>
        <line num="236" type="stmt" count="1"/>
        <line num="237" type="stmt" count="0"/>
        <line num="238" type="stmt" count="1"/>
        <line num="239" type="stmt" count="1"/>
        <line num="240" type="stmt" count="0"/>
        <line num="241" type="stmt" count="1"/>
        <line num="242" type="stmt" count="1"/>
        <line num="243" type="stmt" count="0"/>
        <line num="244" type="stmt" count="1"/>
        <line num="245" type="stmt" count="1"/>
        <line num="246" type="stmt" count="0"/>
        <line num="247" type="stmt" count="0"/>
        <line num="248" type="stmt" count="0"/>
        <line num="249" type="stmt" count="0"/>
        <line num="250" type="stmt" count="0"/>
        <line num="251" type="stmt" count="0"/>
        <line num="252" type="stmt" count="4"/>
        <line num="253" type="stmt" count="4"/>
        <line num="254" type="stmt" count="4"/>
        <line num="256" type="stmt" count="48"/>
        <line num="257" type="stmt" count="48"/>
        <line num="261" type="stmt" count="47"/>
        <line num="262" type="stmt" count="1"/>
        <line num="265" type="stmt" count="46"/>
        <line num="266" type="stmt" count="46"/>
        <line num="267" type="stmt" count="46"/>
        <line num="275" type="method" name="getInputPath" visibility="public" complexity="1" crap="1" count="6"/>
        <line num="277" type="stmt" count="6"/>
        <line num="285" type="method" name="getReportFormat" visibility="public" complexity="1" crap="1" count="2"/>
        <line num="287" type="stmt" count="2"/>
        <line num="296" type="method" name="getReportFile" visibility="public" complexity="1" crap="1" count="4"/>
        <line num="298" type="stmt" count="4"/>
        <line num="307" type="method" name="getReportFiles" visibility="public" complexity="1" crap="1" count="8"/>
        <line num="309" type="stmt" count="8"/>
        <line num="317" type="method" name="getRuleSets" visibility="public" complexity="1" crap="1" count="6"/>
        <line num="319" type="stmt" count="6"/>
        <line num="327" type="method" name="getMinimumPriority" visibility="public" complexity="1" crap="1" count="6"/>
        <line num="329" type="stmt" count="6"/>
        <line num="337" type="method" name="getMaximumPriority" visibility="public" complexity="1" crap="1" count="5"/>
        <line num="339" type="stmt" count="5"/>
        <line num="348" type="method" name="getCoverageReport" visibility="public" complexity="1" crap="1" count="6"/>
        <line num="350" type="stmt" count="6"/>
        <line num="359" type="method" name="getExtensions" visibility="public" complexity="1" crap="1" count="4"/>
        <line num="361" type="stmt" count="4"/>
        <line num="370" type="method" name="getIgnore" visibility="public" complexity="1" crap="1" count="4"/>
        <line num="372" type="stmt" count="4"/>
        <line num="380" type="method" name="hasVersion" visibility="public" complexity="1" crap="1" count="6"/>
        <line num="382" type="stmt" count="6"/>
        <line num="391" type="method" name="hasStrict" visibility="public" complexity="1" crap="1" count="6"/>
        <line num="393" type="stmt" count="6"/>
        <line num="401" type="method" name="generateBaseline" visibility="public" complexity="1" crap="1" count="7"/>
        <line num="403" type="stmt" count="7"/>
        <line num="411" type="method" name="baselineFile" visibility="public" complexity="1" crap="1" count="6"/>
        <line num="413" type="stmt" count="6"/>
        <line num="422" type="method" name="ignoreErrorsOnExit" visibility="public" complexity="1" crap="1" count="2"/>
        <line num="424" type="stmt" count="2"/>
        <line num="432" type="method" name="ignoreViolationsOnExit" visibility="public" complexity="1" crap="1" count="6"/>
        <line num="434" type="stmt" count="6"/>
        <line num="453" type="method" name="createRenderer" visibility="public" complexity="10" crap="35.19" count="13"/>
        <line num="455" type="stmt" count="13"/>
        <line num="457" type="stmt" count="13"/>
        <line num="458" type="stmt" count="0"/>
        <line num="459" type="stmt" count="1"/>
        <line num="460" type="stmt" count="0"/>
        <line num="461" type="stmt" count="0"/>
        <line num="462" type="stmt" count="0"/>
        <line num="463" type="stmt" count="0"/>
        <line num="464" type="stmt" count="0"/>
        <line num="465" type="stmt" count="1"/>
        <line num="466" type="stmt" count="0"/>
        <line num="467" type="stmt" count="0"/>
        <line num="468" type="stmt" count="0"/>
        <line num="469" type="stmt" count="0"/>
        <line num="470" type="stmt" count="0"/>
        <line num="471" type="stmt" count="5"/>
        <line num="472" type="stmt" count="0"/>
        <line num="473" type="stmt" count="1"/>
        <line num="475" type="stmt" count="5"/>
        <line num="482" type="method" name="createXmlRenderer" visibility="protected" complexity="1" crap="1" count="1"/>
        <line num="484" type="stmt" count="1"/>
        <line num="490" type="method" name="createTextRenderer" visibility="protected" complexity="1" crap="1" count="5"/>
        <line num="492" type="stmt" count="5"/>
        <line num="498" type="method" name="createAnsiRenderer" visibility="protected" complexity="1" crap="1" count="1"/>
        <line num="500" type="stmt" count="1"/>
        <line num="506" type="method" name="createGitHubRenderer" visibility="protected" complexity="1" crap="2" count="0"/>
        <line num="508" type="stmt" count="0"/>
        <line num="514" type="method" name="createHtmlRenderer" visibility="protected" complexity="1" crap="1" count="1"/>
        <line num="516" type="stmt" count="1"/>
        <line num="522" type="method" name="createJsonRenderer" visibility="protected" complexity="1" crap="2" count="0"/>
        <line num="524" type="stmt" count="0"/>
        <line num="530" type="method" name="createCheckStyleRenderer" visibility="protected" complexity="1" crap="2" count="0"/>
        <line num="532" type="stmt" count="0"/>
        <line num="538" type="method" name="createSarifRenderer" visibility="protected" complexity="1" crap="2" count="0"/>
        <line num="540" type="stmt" count="0"/>
        <line num="547" type="method" name="createCustomRenderer" visibility="protected" complexity="4" crap="4" count="5"/>
        <line num="549" type="stmt" count="5"/>
        <line num="550" type="stmt" count="1"/>
        <line num="551" type="stmt" count="1"/>
        <line num="552" type="stmt" count="1"/>
        <line num="556" type="stmt" count="4"/>
        <line num="557" type="stmt" count="1"/>
        <line num="561" type="stmt" count="3"/>
        <line num="563" type="stmt" count="3"/>
        <line num="564" type="stmt" count="3"/>
        <line num="565" type="stmt" count="1"/>
        <line num="566" type="stmt" count="1"/>
        <line num="567" type="stmt" count="1"/>
        <line num="568" type="stmt" count="1"/>
        <line num="570" type="stmt" count="1"/>
        <line num="573" type="stmt" count="2"/>
        <line num="575" type="stmt" count="2"/>
        <line num="577" type="stmt" count="2"/>
        <line num="585" type="method" name="usage" visibility="public" complexity="1" crap="1" count="5"/>
        <line num="587" type="stmt" count="5"/>
        <line num="596" type="stmt" count="5"/>
        <line num="597" type="stmt" count="5"/>
        <line num="598" type="stmt" count="5"/>
        <line num="599" type="stmt" count="5"/>
        <line num="600" type="stmt" count="5"/>
        <line num="601" type="stmt" count="5"/>
        <line num="602" type="stmt" count="5"/>
        <line num="603" type="stmt" count="5"/>
        <line num="604" type="stmt" count="5"/>
        <line num="605" type="stmt" count="5"/>
        <line num="606" type="stmt" count="5"/>
        <line num="607" type="stmt" count="5"/>
        <line num="608" type="stmt" count="5"/>
        <line num="609" type="stmt" count="5"/>
        <line num="610" type="stmt" count="5"/>
        <line num="611" type="stmt" count="5"/>
        <line num="612" type="stmt" count="5"/>
        <line num="613" type="stmt" count="5"/>
        <line num="614" type="stmt" count="5"/>
        <line num="615" type="stmt" count="5"/>
        <line num="616" type="stmt" count="5"/>
        <line num="617" type="stmt" count="5"/>
        <line num="618" type="stmt" count="5"/>
        <line num="626" type="method" name="getListOfAvailableRenderers" visibility="protected" complexity="4" crap="4.02" count="5"/>
        <line num="628" type="stmt" count="5"/>
        <line num="629" type="stmt" count="5"/>
        <line num="631" type="stmt" count="5"/>
        <line num="632" type="stmt" count="5"/>
        <line num="633" type="stmt" count="5"/>
        <line num="634" type="stmt" count="5"/>
        <line num="638" type="stmt" count="5"/>
        <line num="640" type="stmt" count="5"/>
        <line num="641" type="stmt" count="5"/>
        <line num="644" type="stmt" count="0"/>
        <line num="654" type="method" name="logDeprecated" visibility="protected" complexity="1" crap="1" count="2"/>
        <line num="656" type="stmt" count="2"/>
        <line num="657" type="stmt" count="2"/>
        <line num="658" type="stmt" count="2"/>
        <line num="659" type="stmt" count="2"/>
        <line num="662" type="stmt" count="2"/>
        <line num="676" type="method" name="readInputFile" visibility="protected" complexity="2" crap="2" count="6"/>
        <line num="678" type="stmt" count="6"/>
        <line num="679" type="stmt" count="5"/>
        <line num="681" type="stmt" count="1"/>
        <metrics loc="683" ncloc="399" classes="1" methods="31" coveredmethods="24" conditionals="0" coveredconditionals="0" statements="182" coveredstatements="130" elements="213" coveredelements="154"/>
      </file>
    </package>
    <package name="PHPMD\Utility">
      <file name="/var/www/html/src/main/php/PHPMD/Utility/Paths.php">
        <class name="Paths" namespace="PHPMD\Utility">
          <metrics complexity="4" methods="2" coveredmethods="2" conditionals="0" coveredconditionals="0" statements="9" coveredstatements="9" elements="11" coveredelements="11"/>
        </class>
        <line num="16" type="method" name="getRelativePath" visibility="public" complexity="2" crap="2" count="3"/>
        <line num="19" type="stmt" count="3"/>
        <line num="20" type="stmt" count="3"/>
        <line num="23" type="stmt" count="3"/>
        <line num="24" type="stmt" count="2"/>
        <line num="27" type="stmt" count="3"/>
        <line num="36" type="method" name="getRealPath" visibility="public" complexity="2" crap="2" count="2"/>
        <line num="38" type="stmt" count="2"/>
        <line num="39" type="stmt" count="2"/>
        <line num="40" type="stmt" count="1"/>
        <line num="43" type="stmt" count="1"/>
        <metrics loc="45" ncloc="28" classes="1" methods="2" coveredmethods="2" conditionals="0" coveredconditionals="0" statements="9" coveredstatements="9" elements="11" coveredelements="11"/>
      </file>
      <file name="/var/www/html/src/main/php/PHPMD/Utility/Strings.php">
        <class name="Strings" namespace="PHPMD\Utility">
          <metrics complexity="6" methods="3" coveredmethods="3" conditionals="0" coveredconditionals="0" statements="13" coveredstatements="13" elements="16" coveredelements="16"/>
        </class>
        <line num="34" type="method" name="lengthWithoutSuffixes" visibility="public" complexity="3" crap="3" count="13"/>
        <line num="36" type="stmt" count="13"/>
        <line num="38" type="stmt" count="13"/>
        <line num="39" type="stmt" count="8"/>
        <line num="40" type="stmt" count="8"/>
        <line num="41" type="stmt" count="4"/>
        <line num="42" type="stmt" count="4"/>
        <line num="46" type="stmt" count="13"/>
        <line num="57" type="method" name="splitToList" visibility="public" complexity="2" crap="2" count="18"/>
        <line num="59" type="stmt" count="18"/>
        <line num="60" type="stmt" count="1"/>
        <line num="63" type="stmt" count="17"/>
        <line num="64" type="stmt" count="17"/>
        <line num="65" type="method" name="anonymousFunction:65#177" complexity="1" crap="1" count="17"/>
        <line num="66" type="stmt" count="17"/>
        <line num="67" type="stmt" count="17"/>
        <metrics loc="70" ncloc="37" classes="1" methods="3" coveredmethods="3" conditionals="0" coveredconditionals="0" statements="13" coveredstatements="13" elements="16" coveredelements="16"/>
      </file>
    </package>
    <package name="PHPMD\Writer">
      <file name="/var/www/html/src/main/php/PHPMD/Writer/StreamWriter.php">
        <class name="StreamWriter" namespace="PHPMD\Writer">
          <metrics complexity="9" methods="4" coveredmethods="3" conditionals="0" coveredconditionals="0" statements="15" coveredstatements="12" elements="19" coveredelements="15"/>
        </class>
        <line num="41" type="method" name="__construct" visibility="public" complexity="4" crap="4.43" count="5"/>
        <line num="43" type="stmt" count="5"/>
        <line num="44" type="stmt" count="1"/>
        <line num="46" type="stmt" count="1"/>
        <line num="48" type="stmt" count="4"/>
        <line num="49" type="stmt" count="4"/>
        <line num="50" type="stmt" count="0"/>
        <line num="52" type="stmt" count="4"/>
        <line num="53" type="stmt" count="0"/>
        <line num="54" type="stmt" count="0"/>
        <line num="57" type="stmt" count="4"/>
        <line num="63" type="method" name="__destruct" visibility="public" complexity="3" crap="3" count="4"/>
        <line num="65" type="stmt" count="4"/>
        <line num="66" type="stmt" count="4"/>
        <line num="68" type="stmt" count="4"/>
        <line num="77" type="method" name="write" visibility="public" complexity="1" crap="1" count="4"/>
        <line num="79" type="stmt" count="4"/>
        <line num="85" type="method" name="getStream" visibility="public" complexity="1" crap="1" count="1"/>
        <line num="87" type="stmt" count="1"/>
        <metrics loc="89" ncloc="48" classes="1" methods="4" coveredmethods="3" conditionals="0" coveredconditionals="0" statements="15" coveredstatements="12" elements="19" coveredelements="15"/>
      </file>
    </package>
    <metrics files="101" loc="11932" ncloc="6615" classes="91" methods="437" coveredmethods="354" conditionals="0" coveredconditionals="0" statements="2156" coveredstatements="1898" elements="2593" coveredelements="2252"/>
  </project>
</coverage>
